[2023-06-19T05:38:42.911+0000] {processor.py:157} INFO - Started process (PID=169) to work on /opt/airflow/dags/first_dag.py
[2023-06-19T05:38:42.914+0000] {processor.py:826} INFO - Processing file /opt/airflow/dags/first_dag.py for tasks to queue
[2023-06-19T05:38:42.920+0000] {logging_mixin.py:149} INFO - [2023-06-19T05:38:42.919+0000] {dagbag.py:541} INFO - Filling up the DagBag from /opt/airflow/dags/first_dag.py
[2023-06-19T05:38:42.965+0000] {processor.py:836} INFO - DAG(s) dict_keys(['first_dag']) retrieved from /opt/airflow/dags/first_dag.py
[2023-06-19T05:38:43.378+0000] {logging_mixin.py:149} INFO - [2023-06-19T05:38:43.377+0000] {manager.py:504} INFO - Created Permission View: can edit on DAG:first_dag
[2023-06-19T05:38:43.395+0000] {logging_mixin.py:149} INFO - [2023-06-19T05:38:43.395+0000] {manager.py:504} INFO - Created Permission View: can delete on DAG:first_dag
[2023-06-19T05:38:43.409+0000] {logging_mixin.py:149} INFO - [2023-06-19T05:38:43.408+0000] {manager.py:504} INFO - Created Permission View: can read on DAG:first_dag
[2023-06-19T05:38:43.410+0000] {logging_mixin.py:149} INFO - [2023-06-19T05:38:43.409+0000] {dag.py:2726} INFO - Sync 1 DAGs
[2023-06-19T05:38:43.442+0000] {logging_mixin.py:149} INFO - [2023-06-19T05:38:43.442+0000] {dag.py:2747} INFO - Creating ORM DAG for first_dag
[2023-06-19T05:38:43.470+0000] {logging_mixin.py:149} INFO - [2023-06-19T05:38:43.470+0000] {dag.py:3490} INFO - Setting next_dagrun for first_dag to 2023-06-19T04:00:00+00:00, run_after=2023-06-19T05:00:00+00:00
[2023-06-19T05:38:43.504+0000] {processor.py:179} INFO - Processing /opt/airflow/dags/first_dag.py took 0.600 seconds
[2023-06-19T05:39:14.125+0000] {processor.py:157} INFO - Started process (PID=184) to work on /opt/airflow/dags/first_dag.py
[2023-06-19T05:39:14.134+0000] {processor.py:826} INFO - Processing file /opt/airflow/dags/first_dag.py for tasks to queue
[2023-06-19T05:39:14.138+0000] {logging_mixin.py:149} INFO - [2023-06-19T05:39:14.138+0000] {dagbag.py:541} INFO - Filling up the DagBag from /opt/airflow/dags/first_dag.py
[2023-06-19T05:39:14.157+0000] {processor.py:836} INFO - DAG(s) dict_keys(['first_dag']) retrieved from /opt/airflow/dags/first_dag.py
[2023-06-19T05:39:14.205+0000] {logging_mixin.py:149} INFO - [2023-06-19T05:39:14.204+0000] {dag.py:2726} INFO - Sync 1 DAGs
[2023-06-19T05:39:14.252+0000] {logging_mixin.py:149} INFO - [2023-06-19T05:39:14.251+0000] {dag.py:3490} INFO - Setting next_dagrun for first_dag to 2023-06-19T04:00:00+00:00, run_after=2023-06-19T05:00:00+00:00
[2023-06-19T05:39:14.284+0000] {processor.py:179} INFO - Processing /opt/airflow/dags/first_dag.py took 0.165 seconds
[2023-06-19T05:39:44.487+0000] {processor.py:157} INFO - Started process (PID=203) to work on /opt/airflow/dags/first_dag.py
[2023-06-19T05:39:44.495+0000] {processor.py:826} INFO - Processing file /opt/airflow/dags/first_dag.py for tasks to queue
[2023-06-19T05:39:44.498+0000] {logging_mixin.py:149} INFO - [2023-06-19T05:39:44.498+0000] {dagbag.py:541} INFO - Filling up the DagBag from /opt/airflow/dags/first_dag.py
[2023-06-19T05:39:44.520+0000] {processor.py:836} INFO - DAG(s) dict_keys(['first_dag']) retrieved from /opt/airflow/dags/first_dag.py
[2023-06-19T05:39:44.564+0000] {logging_mixin.py:149} INFO - [2023-06-19T05:39:44.563+0000] {dag.py:2726} INFO - Sync 1 DAGs
[2023-06-19T05:39:44.606+0000] {logging_mixin.py:149} INFO - [2023-06-19T05:39:44.606+0000] {dag.py:3490} INFO - Setting next_dagrun for first_dag to 2023-06-19T04:00:00+00:00, run_after=2023-06-19T05:00:00+00:00
[2023-06-19T05:39:44.632+0000] {processor.py:179} INFO - Processing /opt/airflow/dags/first_dag.py took 0.151 seconds
[2023-06-19T05:40:14.833+0000] {processor.py:157} INFO - Started process (PID=238) to work on /opt/airflow/dags/first_dag.py
[2023-06-19T05:40:14.841+0000] {processor.py:826} INFO - Processing file /opt/airflow/dags/first_dag.py for tasks to queue
[2023-06-19T05:40:14.844+0000] {logging_mixin.py:149} INFO - [2023-06-19T05:40:14.844+0000] {dagbag.py:541} INFO - Filling up the DagBag from /opt/airflow/dags/first_dag.py
[2023-06-19T05:40:14.862+0000] {processor.py:836} INFO - DAG(s) dict_keys(['first_dag']) retrieved from /opt/airflow/dags/first_dag.py
[2023-06-19T05:40:14.904+0000] {logging_mixin.py:149} INFO - [2023-06-19T05:40:14.903+0000] {dag.py:2726} INFO - Sync 1 DAGs
[2023-06-19T05:40:14.947+0000] {logging_mixin.py:149} INFO - [2023-06-19T05:40:14.946+0000] {dag.py:3490} INFO - Setting next_dagrun for first_dag to 2023-06-19T04:00:00+00:00, run_after=2023-06-19T05:00:00+00:00
[2023-06-19T05:40:14.976+0000] {processor.py:179} INFO - Processing /opt/airflow/dags/first_dag.py took 0.150 seconds
[2023-06-19T05:40:45.171+0000] {processor.py:157} INFO - Started process (PID=257) to work on /opt/airflow/dags/first_dag.py
[2023-06-19T05:40:45.172+0000] {processor.py:826} INFO - Processing file /opt/airflow/dags/first_dag.py for tasks to queue
[2023-06-19T05:40:45.176+0000] {logging_mixin.py:149} INFO - [2023-06-19T05:40:45.175+0000] {dagbag.py:541} INFO - Filling up the DagBag from /opt/airflow/dags/first_dag.py
[2023-06-19T05:40:45.195+0000] {processor.py:836} INFO - DAG(s) dict_keys(['first_dag']) retrieved from /opt/airflow/dags/first_dag.py
[2023-06-19T05:40:45.240+0000] {logging_mixin.py:149} INFO - [2023-06-19T05:40:45.239+0000] {dag.py:2726} INFO - Sync 1 DAGs
[2023-06-19T05:40:45.286+0000] {logging_mixin.py:149} INFO - [2023-06-19T05:40:45.285+0000] {dag.py:3490} INFO - Setting next_dagrun for first_dag to 2023-06-19T04:00:00+00:00, run_after=2023-06-19T05:00:00+00:00
[2023-06-19T05:40:45.316+0000] {processor.py:179} INFO - Processing /opt/airflow/dags/first_dag.py took 0.153 seconds
[2023-06-19T05:41:15.508+0000] {processor.py:157} INFO - Started process (PID=276) to work on /opt/airflow/dags/first_dag.py
[2023-06-19T05:41:15.513+0000] {processor.py:826} INFO - Processing file /opt/airflow/dags/first_dag.py for tasks to queue
[2023-06-19T05:41:15.517+0000] {logging_mixin.py:149} INFO - [2023-06-19T05:41:15.517+0000] {dagbag.py:541} INFO - Filling up the DagBag from /opt/airflow/dags/first_dag.py
[2023-06-19T05:41:15.534+0000] {processor.py:836} INFO - DAG(s) dict_keys(['first_dag']) retrieved from /opt/airflow/dags/first_dag.py
[2023-06-19T05:41:15.577+0000] {logging_mixin.py:149} INFO - [2023-06-19T05:41:15.576+0000] {dag.py:2726} INFO - Sync 1 DAGs
[2023-06-19T05:41:15.619+0000] {logging_mixin.py:149} INFO - [2023-06-19T05:41:15.618+0000] {dag.py:3490} INFO - Setting next_dagrun for first_dag to 2023-06-19T04:00:00+00:00, run_after=2023-06-19T05:00:00+00:00
[2023-06-19T05:41:15.647+0000] {processor.py:179} INFO - Processing /opt/airflow/dags/first_dag.py took 0.145 seconds
[2023-06-19T05:41:45.835+0000] {processor.py:157} INFO - Started process (PID=295) to work on /opt/airflow/dags/first_dag.py
[2023-06-19T05:41:45.837+0000] {processor.py:826} INFO - Processing file /opt/airflow/dags/first_dag.py for tasks to queue
[2023-06-19T05:41:45.841+0000] {logging_mixin.py:149} INFO - [2023-06-19T05:41:45.841+0000] {dagbag.py:541} INFO - Filling up the DagBag from /opt/airflow/dags/first_dag.py
[2023-06-19T05:41:45.858+0000] {processor.py:836} INFO - DAG(s) dict_keys(['first_dag']) retrieved from /opt/airflow/dags/first_dag.py
[2023-06-19T05:41:45.902+0000] {logging_mixin.py:149} INFO - [2023-06-19T05:41:45.901+0000] {dag.py:2726} INFO - Sync 1 DAGs
[2023-06-19T05:41:45.966+0000] {logging_mixin.py:149} INFO - [2023-06-19T05:41:45.965+0000] {dag.py:3490} INFO - Setting next_dagrun for first_dag to 2023-06-19T04:00:00+00:00, run_after=2023-06-19T05:00:00+00:00
[2023-06-19T05:41:46.001+0000] {processor.py:179} INFO - Processing /opt/airflow/dags/first_dag.py took 0.172 seconds
[2023-06-19T05:42:16.193+0000] {processor.py:157} INFO - Started process (PID=314) to work on /opt/airflow/dags/first_dag.py
[2023-06-19T05:42:16.200+0000] {processor.py:826} INFO - Processing file /opt/airflow/dags/first_dag.py for tasks to queue
[2023-06-19T05:42:16.204+0000] {logging_mixin.py:149} INFO - [2023-06-19T05:42:16.204+0000] {dagbag.py:541} INFO - Filling up the DagBag from /opt/airflow/dags/first_dag.py
[2023-06-19T05:42:16.221+0000] {processor.py:836} INFO - DAG(s) dict_keys(['first_dag']) retrieved from /opt/airflow/dags/first_dag.py
[2023-06-19T05:42:16.264+0000] {logging_mixin.py:149} INFO - [2023-06-19T05:42:16.263+0000] {dag.py:2726} INFO - Sync 1 DAGs
[2023-06-19T05:42:16.306+0000] {logging_mixin.py:149} INFO - [2023-06-19T05:42:16.306+0000] {dag.py:3490} INFO - Setting next_dagrun for first_dag to 2023-06-19T04:00:00+00:00, run_after=2023-06-19T05:00:00+00:00
[2023-06-19T05:42:16.337+0000] {processor.py:179} INFO - Processing /opt/airflow/dags/first_dag.py took 0.151 seconds
[2023-06-19T05:42:46.517+0000] {processor.py:157} INFO - Started process (PID=333) to work on /opt/airflow/dags/first_dag.py
[2023-06-19T05:42:46.519+0000] {processor.py:826} INFO - Processing file /opt/airflow/dags/first_dag.py for tasks to queue
[2023-06-19T05:42:46.523+0000] {logging_mixin.py:149} INFO - [2023-06-19T05:42:46.523+0000] {dagbag.py:541} INFO - Filling up the DagBag from /opt/airflow/dags/first_dag.py
[2023-06-19T05:42:46.540+0000] {processor.py:836} INFO - DAG(s) dict_keys(['first_dag']) retrieved from /opt/airflow/dags/first_dag.py
[2023-06-19T05:42:46.581+0000] {logging_mixin.py:149} INFO - [2023-06-19T05:42:46.580+0000] {dag.py:2726} INFO - Sync 1 DAGs
[2023-06-19T05:42:46.623+0000] {logging_mixin.py:149} INFO - [2023-06-19T05:42:46.623+0000] {dag.py:3490} INFO - Setting next_dagrun for first_dag to 2023-06-19T04:00:00+00:00, run_after=2023-06-19T05:00:00+00:00
[2023-06-19T05:42:46.653+0000] {processor.py:179} INFO - Processing /opt/airflow/dags/first_dag.py took 0.141 seconds
[2023-06-19T05:43:16.836+0000] {processor.py:157} INFO - Started process (PID=352) to work on /opt/airflow/dags/first_dag.py
[2023-06-19T05:43:16.838+0000] {processor.py:826} INFO - Processing file /opt/airflow/dags/first_dag.py for tasks to queue
[2023-06-19T05:43:16.842+0000] {logging_mixin.py:149} INFO - [2023-06-19T05:43:16.842+0000] {dagbag.py:541} INFO - Filling up the DagBag from /opt/airflow/dags/first_dag.py
[2023-06-19T05:43:16.861+0000] {processor.py:836} INFO - DAG(s) dict_keys(['first_dag']) retrieved from /opt/airflow/dags/first_dag.py
[2023-06-19T05:43:16.905+0000] {logging_mixin.py:149} INFO - [2023-06-19T05:43:16.903+0000] {dag.py:2726} INFO - Sync 1 DAGs
[2023-06-19T05:43:16.950+0000] {logging_mixin.py:149} INFO - [2023-06-19T05:43:16.950+0000] {dag.py:3490} INFO - Setting next_dagrun for first_dag to 2023-06-19T04:00:00+00:00, run_after=2023-06-19T05:00:00+00:00
[2023-06-19T05:43:16.976+0000] {processor.py:179} INFO - Processing /opt/airflow/dags/first_dag.py took 0.146 seconds
[2023-06-19T05:43:47.170+0000] {processor.py:157} INFO - Started process (PID=372) to work on /opt/airflow/dags/first_dag.py
[2023-06-19T05:43:47.173+0000] {processor.py:826} INFO - Processing file /opt/airflow/dags/first_dag.py for tasks to queue
[2023-06-19T05:43:47.176+0000] {logging_mixin.py:149} INFO - [2023-06-19T05:43:47.176+0000] {dagbag.py:541} INFO - Filling up the DagBag from /opt/airflow/dags/first_dag.py
[2023-06-19T05:43:47.195+0000] {processor.py:836} INFO - DAG(s) dict_keys(['first_dag']) retrieved from /opt/airflow/dags/first_dag.py
[2023-06-19T05:43:47.236+0000] {logging_mixin.py:149} INFO - [2023-06-19T05:43:47.235+0000] {dag.py:2726} INFO - Sync 1 DAGs
[2023-06-19T05:43:47.278+0000] {logging_mixin.py:149} INFO - [2023-06-19T05:43:47.278+0000] {dag.py:3490} INFO - Setting next_dagrun for first_dag to 2023-06-19T04:00:00+00:00, run_after=2023-06-19T05:00:00+00:00
[2023-06-19T05:43:47.303+0000] {processor.py:179} INFO - Processing /opt/airflow/dags/first_dag.py took 0.139 seconds
[2023-06-19T05:44:17.488+0000] {processor.py:157} INFO - Started process (PID=392) to work on /opt/airflow/dags/first_dag.py
[2023-06-19T05:44:17.490+0000] {processor.py:826} INFO - Processing file /opt/airflow/dags/first_dag.py for tasks to queue
[2023-06-19T05:44:17.494+0000] {logging_mixin.py:149} INFO - [2023-06-19T05:44:17.494+0000] {dagbag.py:541} INFO - Filling up the DagBag from /opt/airflow/dags/first_dag.py
[2023-06-19T05:44:17.512+0000] {processor.py:836} INFO - DAG(s) dict_keys(['first_dag']) retrieved from /opt/airflow/dags/first_dag.py
[2023-06-19T05:44:17.554+0000] {logging_mixin.py:149} INFO - [2023-06-19T05:44:17.553+0000] {dag.py:2726} INFO - Sync 1 DAGs
[2023-06-19T05:44:17.599+0000] {logging_mixin.py:149} INFO - [2023-06-19T05:44:17.598+0000] {dag.py:3490} INFO - Setting next_dagrun for first_dag to 2023-06-19T04:00:00+00:00, run_after=2023-06-19T05:00:00+00:00
[2023-06-19T05:44:17.627+0000] {processor.py:179} INFO - Processing /opt/airflow/dags/first_dag.py took 0.145 seconds
[2023-06-19T05:44:47.836+0000] {processor.py:157} INFO - Started process (PID=418) to work on /opt/airflow/dags/first_dag.py
[2023-06-19T05:44:47.839+0000] {processor.py:826} INFO - Processing file /opt/airflow/dags/first_dag.py for tasks to queue
[2023-06-19T05:44:47.843+0000] {logging_mixin.py:149} INFO - [2023-06-19T05:44:47.843+0000] {dagbag.py:541} INFO - Filling up the DagBag from /opt/airflow/dags/first_dag.py
[2023-06-19T05:44:47.864+0000] {processor.py:836} INFO - DAG(s) dict_keys(['first_dag']) retrieved from /opt/airflow/dags/first_dag.py
[2023-06-19T05:44:47.911+0000] {logging_mixin.py:149} INFO - [2023-06-19T05:44:47.910+0000] {dag.py:2726} INFO - Sync 1 DAGs
[2023-06-19T05:44:47.957+0000] {logging_mixin.py:149} INFO - [2023-06-19T05:44:47.957+0000] {dag.py:3490} INFO - Setting next_dagrun for first_dag to 2023-06-19T04:00:00+00:00, run_after=2023-06-19T05:00:00+00:00
[2023-06-19T05:44:47.995+0000] {processor.py:179} INFO - Processing /opt/airflow/dags/first_dag.py took 0.165 seconds
[2023-06-19T05:45:18.190+0000] {processor.py:157} INFO - Started process (PID=445) to work on /opt/airflow/dags/first_dag.py
[2023-06-19T05:45:18.191+0000] {processor.py:826} INFO - Processing file /opt/airflow/dags/first_dag.py for tasks to queue
[2023-06-19T05:45:18.196+0000] {logging_mixin.py:149} INFO - [2023-06-19T05:45:18.195+0000] {dagbag.py:541} INFO - Filling up the DagBag from /opt/airflow/dags/first_dag.py
[2023-06-19T05:45:18.222+0000] {processor.py:836} INFO - DAG(s) dict_keys(['first_dag']) retrieved from /opt/airflow/dags/first_dag.py
[2023-06-19T05:45:18.271+0000] {logging_mixin.py:149} INFO - [2023-06-19T05:45:18.270+0000] {dag.py:2726} INFO - Sync 1 DAGs
[2023-06-19T05:45:18.313+0000] {logging_mixin.py:149} INFO - [2023-06-19T05:45:18.313+0000] {dag.py:3490} INFO - Setting next_dagrun for first_dag to 2023-06-19T04:00:00+00:00, run_after=2023-06-19T05:00:00+00:00
[2023-06-19T05:45:18.340+0000] {processor.py:179} INFO - Processing /opt/airflow/dags/first_dag.py took 0.157 seconds
[2023-06-19T05:45:48.531+0000] {processor.py:157} INFO - Started process (PID=464) to work on /opt/airflow/dags/first_dag.py
[2023-06-19T05:45:48.534+0000] {processor.py:826} INFO - Processing file /opt/airflow/dags/first_dag.py for tasks to queue
[2023-06-19T05:45:48.537+0000] {logging_mixin.py:149} INFO - [2023-06-19T05:45:48.537+0000] {dagbag.py:541} INFO - Filling up the DagBag from /opt/airflow/dags/first_dag.py
[2023-06-19T05:45:48.555+0000] {processor.py:836} INFO - DAG(s) dict_keys(['first_dag']) retrieved from /opt/airflow/dags/first_dag.py
[2023-06-19T05:45:48.597+0000] {logging_mixin.py:149} INFO - [2023-06-19T05:45:48.596+0000] {dag.py:2726} INFO - Sync 1 DAGs
[2023-06-19T05:45:48.638+0000] {logging_mixin.py:149} INFO - [2023-06-19T05:45:48.638+0000] {dag.py:3490} INFO - Setting next_dagrun for first_dag to 2023-06-19T04:00:00+00:00, run_after=2023-06-19T05:00:00+00:00
[2023-06-19T05:45:48.668+0000] {processor.py:179} INFO - Processing /opt/airflow/dags/first_dag.py took 0.144 seconds
[2023-06-19T05:46:18.855+0000] {processor.py:157} INFO - Started process (PID=483) to work on /opt/airflow/dags/first_dag.py
[2023-06-19T05:46:18.857+0000] {processor.py:826} INFO - Processing file /opt/airflow/dags/first_dag.py for tasks to queue
[2023-06-19T05:46:18.861+0000] {logging_mixin.py:149} INFO - [2023-06-19T05:46:18.861+0000] {dagbag.py:541} INFO - Filling up the DagBag from /opt/airflow/dags/first_dag.py
[2023-06-19T05:46:18.882+0000] {processor.py:836} INFO - DAG(s) dict_keys(['first_dag']) retrieved from /opt/airflow/dags/first_dag.py
[2023-06-19T05:46:18.926+0000] {logging_mixin.py:149} INFO - [2023-06-19T05:46:18.925+0000] {dag.py:2726} INFO - Sync 1 DAGs
[2023-06-19T05:46:18.972+0000] {logging_mixin.py:149} INFO - [2023-06-19T05:46:18.972+0000] {dag.py:3490} INFO - Setting next_dagrun for first_dag to 2023-06-19T04:00:00+00:00, run_after=2023-06-19T05:00:00+00:00
[2023-06-19T05:46:19.002+0000] {processor.py:179} INFO - Processing /opt/airflow/dags/first_dag.py took 0.153 seconds
[2023-06-19T05:46:49.180+0000] {processor.py:157} INFO - Started process (PID=503) to work on /opt/airflow/dags/first_dag.py
[2023-06-19T05:46:49.182+0000] {processor.py:826} INFO - Processing file /opt/airflow/dags/first_dag.py for tasks to queue
[2023-06-19T05:46:49.187+0000] {logging_mixin.py:149} INFO - [2023-06-19T05:46:49.186+0000] {dagbag.py:541} INFO - Filling up the DagBag from /opt/airflow/dags/first_dag.py
[2023-06-19T05:46:49.205+0000] {processor.py:836} INFO - DAG(s) dict_keys(['first_dag']) retrieved from /opt/airflow/dags/first_dag.py
[2023-06-19T05:46:49.248+0000] {logging_mixin.py:149} INFO - [2023-06-19T05:46:49.247+0000] {dag.py:2726} INFO - Sync 1 DAGs
[2023-06-19T05:46:49.292+0000] {logging_mixin.py:149} INFO - [2023-06-19T05:46:49.292+0000] {dag.py:3490} INFO - Setting next_dagrun for first_dag to 2023-06-19T04:00:00+00:00, run_after=2023-06-19T05:00:00+00:00
[2023-06-19T05:46:49.317+0000] {processor.py:179} INFO - Processing /opt/airflow/dags/first_dag.py took 0.144 seconds
[2023-06-19T05:47:19.494+0000] {processor.py:157} INFO - Started process (PID=521) to work on /opt/airflow/dags/first_dag.py
[2023-06-19T05:47:19.496+0000] {processor.py:826} INFO - Processing file /opt/airflow/dags/first_dag.py for tasks to queue
[2023-06-19T05:47:19.501+0000] {logging_mixin.py:149} INFO - [2023-06-19T05:47:19.500+0000] {dagbag.py:541} INFO - Filling up the DagBag from /opt/airflow/dags/first_dag.py
[2023-06-19T05:47:19.519+0000] {processor.py:836} INFO - DAG(s) dict_keys(['first_dag']) retrieved from /opt/airflow/dags/first_dag.py
[2023-06-19T05:47:19.561+0000] {logging_mixin.py:149} INFO - [2023-06-19T05:47:19.560+0000] {dag.py:2726} INFO - Sync 1 DAGs
[2023-06-19T05:47:19.603+0000] {logging_mixin.py:149} INFO - [2023-06-19T05:47:19.603+0000] {dag.py:3490} INFO - Setting next_dagrun for first_dag to 2023-06-19T04:00:00+00:00, run_after=2023-06-19T05:00:00+00:00
[2023-06-19T05:47:19.630+0000] {processor.py:179} INFO - Processing /opt/airflow/dags/first_dag.py took 0.142 seconds
[2023-06-19T05:47:49.814+0000] {processor.py:157} INFO - Started process (PID=541) to work on /opt/airflow/dags/first_dag.py
[2023-06-19T05:47:49.816+0000] {processor.py:826} INFO - Processing file /opt/airflow/dags/first_dag.py for tasks to queue
[2023-06-19T05:47:49.821+0000] {logging_mixin.py:149} INFO - [2023-06-19T05:47:49.821+0000] {dagbag.py:541} INFO - Filling up the DagBag from /opt/airflow/dags/first_dag.py
[2023-06-19T05:47:49.841+0000] {processor.py:836} INFO - DAG(s) dict_keys(['first_dag']) retrieved from /opt/airflow/dags/first_dag.py
[2023-06-19T05:47:49.882+0000] {logging_mixin.py:149} INFO - [2023-06-19T05:47:49.882+0000] {dag.py:2726} INFO - Sync 1 DAGs
[2023-06-19T05:47:49.926+0000] {logging_mixin.py:149} INFO - [2023-06-19T05:47:49.926+0000] {dag.py:3490} INFO - Setting next_dagrun for first_dag to 2023-06-19T04:00:00+00:00, run_after=2023-06-19T05:00:00+00:00
[2023-06-19T05:47:49.952+0000] {processor.py:179} INFO - Processing /opt/airflow/dags/first_dag.py took 0.145 seconds
[2023-06-19T05:48:20.126+0000] {processor.py:157} INFO - Started process (PID=560) to work on /opt/airflow/dags/first_dag.py
[2023-06-19T05:48:20.127+0000] {processor.py:826} INFO - Processing file /opt/airflow/dags/first_dag.py for tasks to queue
[2023-06-19T05:48:20.132+0000] {logging_mixin.py:149} INFO - [2023-06-19T05:48:20.131+0000] {dagbag.py:541} INFO - Filling up the DagBag from /opt/airflow/dags/first_dag.py
[2023-06-19T05:48:20.149+0000] {processor.py:836} INFO - DAG(s) dict_keys(['first_dag']) retrieved from /opt/airflow/dags/first_dag.py
[2023-06-19T05:48:20.191+0000] {logging_mixin.py:149} INFO - [2023-06-19T05:48:20.191+0000] {dag.py:2726} INFO - Sync 1 DAGs
[2023-06-19T05:48:20.234+0000] {logging_mixin.py:149} INFO - [2023-06-19T05:48:20.234+0000] {dag.py:3490} INFO - Setting next_dagrun for first_dag to 2023-06-19T04:00:00+00:00, run_after=2023-06-19T05:00:00+00:00
[2023-06-19T05:48:20.263+0000] {processor.py:179} INFO - Processing /opt/airflow/dags/first_dag.py took 0.143 seconds
[2023-06-19T05:48:50.443+0000] {processor.py:157} INFO - Started process (PID=579) to work on /opt/airflow/dags/first_dag.py
[2023-06-19T05:48:50.446+0000] {processor.py:826} INFO - Processing file /opt/airflow/dags/first_dag.py for tasks to queue
[2023-06-19T05:48:50.450+0000] {logging_mixin.py:149} INFO - [2023-06-19T05:48:50.450+0000] {dagbag.py:541} INFO - Filling up the DagBag from /opt/airflow/dags/first_dag.py
[2023-06-19T05:48:50.468+0000] {processor.py:836} INFO - DAG(s) dict_keys(['first_dag']) retrieved from /opt/airflow/dags/first_dag.py
[2023-06-19T05:48:50.509+0000] {logging_mixin.py:149} INFO - [2023-06-19T05:48:50.508+0000] {dag.py:2726} INFO - Sync 1 DAGs
[2023-06-19T05:48:50.552+0000] {logging_mixin.py:149} INFO - [2023-06-19T05:48:50.552+0000] {dag.py:3490} INFO - Setting next_dagrun for first_dag to 2023-06-19T04:00:00+00:00, run_after=2023-06-19T05:00:00+00:00
[2023-06-19T05:48:50.578+0000] {processor.py:179} INFO - Processing /opt/airflow/dags/first_dag.py took 0.141 seconds
[2023-06-19T05:49:21.161+0000] {processor.py:157} INFO - Started process (PID=612) to work on /opt/airflow/dags/first_dag.py
[2023-06-19T05:49:21.162+0000] {processor.py:826} INFO - Processing file /opt/airflow/dags/first_dag.py for tasks to queue
[2023-06-19T05:49:21.168+0000] {logging_mixin.py:149} INFO - [2023-06-19T05:49:21.167+0000] {dagbag.py:541} INFO - Filling up the DagBag from /opt/airflow/dags/first_dag.py
[2023-06-19T05:49:21.198+0000] {processor.py:836} INFO - DAG(s) dict_keys(['first_dag']) retrieved from /opt/airflow/dags/first_dag.py
[2023-06-19T05:49:21.270+0000] {logging_mixin.py:149} INFO - [2023-06-19T05:49:21.269+0000] {dag.py:2726} INFO - Sync 1 DAGs
[2023-06-19T05:49:21.346+0000] {logging_mixin.py:149} INFO - [2023-06-19T05:49:21.345+0000] {dag.py:3490} INFO - Setting next_dagrun for first_dag to 2023-06-19T04:00:00+00:00, run_after=2023-06-19T05:00:00+00:00
[2023-06-19T05:49:21.376+0000] {processor.py:179} INFO - Processing /opt/airflow/dags/first_dag.py took 0.231 seconds
[2023-06-19T05:49:51.652+0000] {processor.py:157} INFO - Started process (PID=652) to work on /opt/airflow/dags/first_dag.py
[2023-06-19T05:49:51.654+0000] {processor.py:826} INFO - Processing file /opt/airflow/dags/first_dag.py for tasks to queue
[2023-06-19T05:49:51.655+0000] {logging_mixin.py:149} INFO - [2023-06-19T05:49:51.655+0000] {dagbag.py:541} INFO - Filling up the DagBag from /opt/airflow/dags/first_dag.py
[2023-06-19T05:49:51.676+0000] {processor.py:836} INFO - DAG(s) dict_keys(['first_dag']) retrieved from /opt/airflow/dags/first_dag.py
[2023-06-19T05:49:51.716+0000] {logging_mixin.py:149} INFO - [2023-06-19T05:49:51.716+0000] {dag.py:2726} INFO - Sync 1 DAGs
[2023-06-19T05:49:51.757+0000] {logging_mixin.py:149} INFO - [2023-06-19T05:49:51.756+0000] {dag.py:3490} INFO - Setting next_dagrun for first_dag to 2023-06-19T04:00:00+00:00, run_after=2023-06-19T05:00:00+00:00
[2023-06-19T05:49:51.784+0000] {processor.py:179} INFO - Processing /opt/airflow/dags/first_dag.py took 0.137 seconds
[2023-06-19T05:50:22.404+0000] {processor.py:157} INFO - Started process (PID=684) to work on /opt/airflow/dags/first_dag.py
[2023-06-19T05:50:22.414+0000] {processor.py:826} INFO - Processing file /opt/airflow/dags/first_dag.py for tasks to queue
[2023-06-19T05:50:22.415+0000] {logging_mixin.py:149} INFO - [2023-06-19T05:50:22.415+0000] {dagbag.py:541} INFO - Filling up the DagBag from /opt/airflow/dags/first_dag.py
[2023-06-19T05:50:22.436+0000] {processor.py:836} INFO - DAG(s) dict_keys(['first_dag']) retrieved from /opt/airflow/dags/first_dag.py
[2023-06-19T05:50:22.475+0000] {logging_mixin.py:149} INFO - [2023-06-19T05:50:22.475+0000] {dag.py:2726} INFO - Sync 1 DAGs
[2023-06-19T05:50:22.525+0000] {logging_mixin.py:149} INFO - [2023-06-19T05:50:22.525+0000] {dag.py:3490} INFO - Setting next_dagrun for first_dag to 2023-06-19T04:00:00+00:00, run_after=2023-06-19T05:00:00+00:00
[2023-06-19T05:50:22.554+0000] {processor.py:179} INFO - Processing /opt/airflow/dags/first_dag.py took 0.155 seconds
[2023-06-19T05:50:52.742+0000] {processor.py:157} INFO - Started process (PID=711) to work on /opt/airflow/dags/first_dag.py
[2023-06-19T05:50:52.751+0000] {processor.py:826} INFO - Processing file /opt/airflow/dags/first_dag.py for tasks to queue
[2023-06-19T05:50:52.753+0000] {logging_mixin.py:149} INFO - [2023-06-19T05:50:52.752+0000] {dagbag.py:541} INFO - Filling up the DagBag from /opt/airflow/dags/first_dag.py
[2023-06-19T05:50:52.781+0000] {processor.py:836} INFO - DAG(s) dict_keys(['first_dag']) retrieved from /opt/airflow/dags/first_dag.py
[2023-06-19T05:50:52.825+0000] {logging_mixin.py:149} INFO - [2023-06-19T05:50:52.824+0000] {dag.py:2726} INFO - Sync 1 DAGs
[2023-06-19T05:50:52.869+0000] {logging_mixin.py:149} INFO - [2023-06-19T05:50:52.869+0000] {dag.py:3490} INFO - Setting next_dagrun for first_dag to 2023-06-19T04:00:00+00:00, run_after=2023-06-19T05:00:00+00:00
[2023-06-19T05:50:52.898+0000] {processor.py:179} INFO - Processing /opt/airflow/dags/first_dag.py took 0.162 seconds
[2023-06-19T05:51:23.081+0000] {processor.py:157} INFO - Started process (PID=730) to work on /opt/airflow/dags/first_dag.py
[2023-06-19T05:51:23.083+0000] {processor.py:826} INFO - Processing file /opt/airflow/dags/first_dag.py for tasks to queue
[2023-06-19T05:51:23.084+0000] {logging_mixin.py:149} INFO - [2023-06-19T05:51:23.084+0000] {dagbag.py:541} INFO - Filling up the DagBag from /opt/airflow/dags/first_dag.py
[2023-06-19T05:51:23.106+0000] {processor.py:836} INFO - DAG(s) dict_keys(['first_dag']) retrieved from /opt/airflow/dags/first_dag.py
[2023-06-19T05:51:23.149+0000] {logging_mixin.py:149} INFO - [2023-06-19T05:51:23.148+0000] {dag.py:2726} INFO - Sync 1 DAGs
[2023-06-19T05:51:23.192+0000] {logging_mixin.py:149} INFO - [2023-06-19T05:51:23.191+0000] {dag.py:3490} INFO - Setting next_dagrun for first_dag to 2023-06-19T04:00:00+00:00, run_after=2023-06-19T05:00:00+00:00
[2023-06-19T05:51:23.220+0000] {processor.py:179} INFO - Processing /opt/airflow/dags/first_dag.py took 0.145 seconds
[2023-06-19T05:51:53.409+0000] {processor.py:157} INFO - Started process (PID=749) to work on /opt/airflow/dags/first_dag.py
[2023-06-19T05:51:53.412+0000] {processor.py:826} INFO - Processing file /opt/airflow/dags/first_dag.py for tasks to queue
[2023-06-19T05:51:53.413+0000] {logging_mixin.py:149} INFO - [2023-06-19T05:51:53.413+0000] {dagbag.py:541} INFO - Filling up the DagBag from /opt/airflow/dags/first_dag.py
[2023-06-19T05:51:53.443+0000] {processor.py:836} INFO - DAG(s) dict_keys(['first_dag']) retrieved from /opt/airflow/dags/first_dag.py
[2023-06-19T05:51:53.488+0000] {logging_mixin.py:149} INFO - [2023-06-19T05:51:53.487+0000] {dag.py:2726} INFO - Sync 1 DAGs
[2023-06-19T05:51:53.531+0000] {logging_mixin.py:149} INFO - [2023-06-19T05:51:53.531+0000] {dag.py:3490} INFO - Setting next_dagrun for first_dag to 2023-06-19T04:00:00+00:00, run_after=2023-06-19T05:00:00+00:00
[2023-06-19T05:51:53.560+0000] {processor.py:179} INFO - Processing /opt/airflow/dags/first_dag.py took 0.157 seconds
[2023-06-19T05:52:23.733+0000] {processor.py:157} INFO - Started process (PID=768) to work on /opt/airflow/dags/first_dag.py
[2023-06-19T05:52:23.736+0000] {processor.py:826} INFO - Processing file /opt/airflow/dags/first_dag.py for tasks to queue
[2023-06-19T05:52:23.737+0000] {logging_mixin.py:149} INFO - [2023-06-19T05:52:23.737+0000] {dagbag.py:541} INFO - Filling up the DagBag from /opt/airflow/dags/first_dag.py
[2023-06-19T05:52:23.758+0000] {processor.py:836} INFO - DAG(s) dict_keys(['first_dag']) retrieved from /opt/airflow/dags/first_dag.py
[2023-06-19T05:52:23.800+0000] {logging_mixin.py:149} INFO - [2023-06-19T05:52:23.800+0000] {dag.py:2726} INFO - Sync 1 DAGs
[2023-06-19T05:52:23.844+0000] {logging_mixin.py:149} INFO - [2023-06-19T05:52:23.843+0000] {dag.py:3490} INFO - Setting next_dagrun for first_dag to 2023-06-19T04:00:00+00:00, run_after=2023-06-19T05:00:00+00:00
[2023-06-19T05:52:23.871+0000] {processor.py:179} INFO - Processing /opt/airflow/dags/first_dag.py took 0.144 seconds
[2023-06-19T05:52:54.055+0000] {processor.py:157} INFO - Started process (PID=787) to work on /opt/airflow/dags/first_dag.py
[2023-06-19T05:52:54.057+0000] {processor.py:826} INFO - Processing file /opt/airflow/dags/first_dag.py for tasks to queue
[2023-06-19T05:52:54.058+0000] {logging_mixin.py:149} INFO - [2023-06-19T05:52:54.057+0000] {dagbag.py:541} INFO - Filling up the DagBag from /opt/airflow/dags/first_dag.py
[2023-06-19T05:52:54.078+0000] {processor.py:836} INFO - DAG(s) dict_keys(['first_dag']) retrieved from /opt/airflow/dags/first_dag.py
[2023-06-19T05:52:54.120+0000] {logging_mixin.py:149} INFO - [2023-06-19T05:52:54.120+0000] {dag.py:2726} INFO - Sync 1 DAGs
[2023-06-19T05:52:54.162+0000] {logging_mixin.py:149} INFO - [2023-06-19T05:52:54.162+0000] {dag.py:3490} INFO - Setting next_dagrun for first_dag to 2023-06-19T04:00:00+00:00, run_after=2023-06-19T05:00:00+00:00
[2023-06-19T05:52:54.188+0000] {processor.py:179} INFO - Processing /opt/airflow/dags/first_dag.py took 0.139 seconds
[2023-06-19T05:53:24.360+0000] {processor.py:157} INFO - Started process (PID=806) to work on /opt/airflow/dags/first_dag.py
[2023-06-19T05:53:24.363+0000] {processor.py:826} INFO - Processing file /opt/airflow/dags/first_dag.py for tasks to queue
[2023-06-19T05:53:24.365+0000] {logging_mixin.py:149} INFO - [2023-06-19T05:53:24.364+0000] {dagbag.py:541} INFO - Filling up the DagBag from /opt/airflow/dags/first_dag.py
[2023-06-19T05:53:24.386+0000] {processor.py:836} INFO - DAG(s) dict_keys(['first_dag']) retrieved from /opt/airflow/dags/first_dag.py
[2023-06-19T05:53:24.427+0000] {logging_mixin.py:149} INFO - [2023-06-19T05:53:24.427+0000] {dag.py:2726} INFO - Sync 1 DAGs
[2023-06-19T05:53:24.473+0000] {logging_mixin.py:149} INFO - [2023-06-19T05:53:24.473+0000] {dag.py:3490} INFO - Setting next_dagrun for first_dag to 2023-06-19T04:00:00+00:00, run_after=2023-06-19T05:00:00+00:00
[2023-06-19T05:53:24.502+0000] {processor.py:179} INFO - Processing /opt/airflow/dags/first_dag.py took 0.147 seconds
[2023-06-19T05:53:54.677+0000] {processor.py:157} INFO - Started process (PID=825) to work on /opt/airflow/dags/first_dag.py
[2023-06-19T05:53:54.688+0000] {processor.py:826} INFO - Processing file /opt/airflow/dags/first_dag.py for tasks to queue
[2023-06-19T05:53:54.689+0000] {logging_mixin.py:149} INFO - [2023-06-19T05:53:54.689+0000] {dagbag.py:541} INFO - Filling up the DagBag from /opt/airflow/dags/first_dag.py
[2023-06-19T05:53:54.717+0000] {processor.py:836} INFO - DAG(s) dict_keys(['first_dag']) retrieved from /opt/airflow/dags/first_dag.py
[2023-06-19T05:53:54.760+0000] {logging_mixin.py:149} INFO - [2023-06-19T05:53:54.760+0000] {dag.py:2726} INFO - Sync 1 DAGs
[2023-06-19T05:53:54.803+0000] {logging_mixin.py:149} INFO - [2023-06-19T05:53:54.803+0000] {dag.py:3490} INFO - Setting next_dagrun for first_dag to 2023-06-19T04:00:00+00:00, run_after=2023-06-19T05:00:00+00:00
[2023-06-19T05:53:54.833+0000] {processor.py:179} INFO - Processing /opt/airflow/dags/first_dag.py took 0.162 seconds
[2023-06-19T05:54:25.001+0000] {processor.py:157} INFO - Started process (PID=845) to work on /opt/airflow/dags/first_dag.py
[2023-06-19T05:54:25.003+0000] {processor.py:826} INFO - Processing file /opt/airflow/dags/first_dag.py for tasks to queue
[2023-06-19T05:54:25.005+0000] {logging_mixin.py:149} INFO - [2023-06-19T05:54:25.004+0000] {dagbag.py:541} INFO - Filling up the DagBag from /opt/airflow/dags/first_dag.py
[2023-06-19T05:54:25.025+0000] {processor.py:836} INFO - DAG(s) dict_keys(['first_dag']) retrieved from /opt/airflow/dags/first_dag.py
[2023-06-19T05:54:25.067+0000] {logging_mixin.py:149} INFO - [2023-06-19T05:54:25.066+0000] {dag.py:2726} INFO - Sync 1 DAGs
[2023-06-19T05:54:25.110+0000] {logging_mixin.py:149} INFO - [2023-06-19T05:54:25.110+0000] {dag.py:3490} INFO - Setting next_dagrun for first_dag to 2023-06-19T04:00:00+00:00, run_after=2023-06-19T05:00:00+00:00
[2023-06-19T05:54:25.143+0000] {processor.py:179} INFO - Processing /opt/airflow/dags/first_dag.py took 0.149 seconds
[2023-06-19T05:54:55.316+0000] {processor.py:157} INFO - Started process (PID=863) to work on /opt/airflow/dags/first_dag.py
[2023-06-19T05:54:55.317+0000] {processor.py:826} INFO - Processing file /opt/airflow/dags/first_dag.py for tasks to queue
[2023-06-19T05:54:55.318+0000] {logging_mixin.py:149} INFO - [2023-06-19T05:54:55.318+0000] {dagbag.py:541} INFO - Filling up the DagBag from /opt/airflow/dags/first_dag.py
[2023-06-19T05:54:55.338+0000] {processor.py:836} INFO - DAG(s) dict_keys(['first_dag']) retrieved from /opt/airflow/dags/first_dag.py
[2023-06-19T05:54:55.380+0000] {logging_mixin.py:149} INFO - [2023-06-19T05:54:55.380+0000] {dag.py:2726} INFO - Sync 1 DAGs
[2023-06-19T05:54:55.422+0000] {logging_mixin.py:149} INFO - [2023-06-19T05:54:55.421+0000] {dag.py:3490} INFO - Setting next_dagrun for first_dag to 2023-06-19T04:00:00+00:00, run_after=2023-06-19T05:00:00+00:00
[2023-06-19T05:54:55.447+0000] {processor.py:179} INFO - Processing /opt/airflow/dags/first_dag.py took 0.137 seconds
[2023-06-19T05:55:25.617+0000] {processor.py:157} INFO - Started process (PID=883) to work on /opt/airflow/dags/first_dag.py
[2023-06-19T05:55:25.619+0000] {processor.py:826} INFO - Processing file /opt/airflow/dags/first_dag.py for tasks to queue
[2023-06-19T05:55:25.621+0000] {logging_mixin.py:149} INFO - [2023-06-19T05:55:25.621+0000] {dagbag.py:541} INFO - Filling up the DagBag from /opt/airflow/dags/first_dag.py
[2023-06-19T05:55:25.643+0000] {processor.py:836} INFO - DAG(s) dict_keys(['first_dag']) retrieved from /opt/airflow/dags/first_dag.py
[2023-06-19T05:55:25.687+0000] {logging_mixin.py:149} INFO - [2023-06-19T05:55:25.686+0000] {dag.py:2726} INFO - Sync 1 DAGs
[2023-06-19T05:55:25.731+0000] {logging_mixin.py:149} INFO - [2023-06-19T05:55:25.731+0000] {dag.py:3490} INFO - Setting next_dagrun for first_dag to 2023-06-19T04:00:00+00:00, run_after=2023-06-19T05:00:00+00:00
[2023-06-19T05:55:25.761+0000] {processor.py:179} INFO - Processing /opt/airflow/dags/first_dag.py took 0.151 seconds
[2023-06-19T05:55:55.939+0000] {processor.py:157} INFO - Started process (PID=902) to work on /opt/airflow/dags/first_dag.py
[2023-06-19T05:55:55.942+0000] {processor.py:826} INFO - Processing file /opt/airflow/dags/first_dag.py for tasks to queue
[2023-06-19T05:55:55.943+0000] {logging_mixin.py:149} INFO - [2023-06-19T05:55:55.943+0000] {dagbag.py:541} INFO - Filling up the DagBag from /opt/airflow/dags/first_dag.py
[2023-06-19T05:55:55.965+0000] {processor.py:836} INFO - DAG(s) dict_keys(['first_dag']) retrieved from /opt/airflow/dags/first_dag.py
[2023-06-19T05:55:56.008+0000] {logging_mixin.py:149} INFO - [2023-06-19T05:55:56.008+0000] {dag.py:2726} INFO - Sync 1 DAGs
[2023-06-19T05:55:56.051+0000] {logging_mixin.py:149} INFO - [2023-06-19T05:55:56.051+0000] {dag.py:3490} INFO - Setting next_dagrun for first_dag to 2023-06-19T04:00:00+00:00, run_after=2023-06-19T05:00:00+00:00
[2023-06-19T05:55:56.080+0000] {processor.py:179} INFO - Processing /opt/airflow/dags/first_dag.py took 0.147 seconds
[2023-06-19T06:04:37.036+0000] {processor.py:157} INFO - Started process (PID=171) to work on /opt/airflow/dags/first_dag.py
[2023-06-19T06:04:37.044+0000] {processor.py:826} INFO - Processing file /opt/airflow/dags/first_dag.py for tasks to queue
[2023-06-19T06:04:37.056+0000] {logging_mixin.py:149} INFO - [2023-06-19T06:04:37.056+0000] {dagbag.py:541} INFO - Filling up the DagBag from /opt/airflow/dags/first_dag.py
[2023-06-19T06:04:37.096+0000] {processor.py:836} INFO - DAG(s) dict_keys(['first_dag']) retrieved from /opt/airflow/dags/first_dag.py
[2023-06-19T06:04:37.549+0000] {logging_mixin.py:149} INFO - [2023-06-19T06:04:37.549+0000] {manager.py:504} INFO - Created Permission View: can edit on DAG:first_dag
[2023-06-19T06:04:37.579+0000] {logging_mixin.py:149} INFO - [2023-06-19T06:04:37.579+0000] {manager.py:504} INFO - Created Permission View: can delete on DAG:first_dag
[2023-06-19T06:04:37.599+0000] {logging_mixin.py:149} INFO - [2023-06-19T06:04:37.599+0000] {manager.py:504} INFO - Created Permission View: can read on DAG:first_dag
[2023-06-19T06:04:37.600+0000] {logging_mixin.py:149} INFO - [2023-06-19T06:04:37.599+0000] {dag.py:2726} INFO - Sync 1 DAGs
[2023-06-19T06:04:37.636+0000] {logging_mixin.py:149} INFO - [2023-06-19T06:04:37.636+0000] {dag.py:2747} INFO - Creating ORM DAG for first_dag
[2023-06-19T06:04:37.668+0000] {logging_mixin.py:149} INFO - [2023-06-19T06:04:37.668+0000] {dag.py:3490} INFO - Setting next_dagrun for first_dag to 2023-06-19T05:00:00+00:00, run_after=2023-06-19T06:00:00+00:00
[2023-06-19T06:04:37.709+0000] {processor.py:179} INFO - Processing /opt/airflow/dags/first_dag.py took 0.694 seconds
[2023-06-19T06:05:08.253+0000] {processor.py:157} INFO - Started process (PID=191) to work on /opt/airflow/dags/first_dag.py
[2023-06-19T06:05:08.257+0000] {processor.py:826} INFO - Processing file /opt/airflow/dags/first_dag.py for tasks to queue
[2023-06-19T06:05:08.262+0000] {logging_mixin.py:149} INFO - [2023-06-19T06:05:08.261+0000] {dagbag.py:541} INFO - Filling up the DagBag from /opt/airflow/dags/first_dag.py
[2023-06-19T06:05:08.288+0000] {processor.py:836} INFO - DAG(s) dict_keys(['first_dag']) retrieved from /opt/airflow/dags/first_dag.py
[2023-06-19T06:05:08.343+0000] {logging_mixin.py:149} INFO - [2023-06-19T06:05:08.342+0000] {dag.py:2726} INFO - Sync 1 DAGs
[2023-06-19T06:05:08.399+0000] {logging_mixin.py:149} INFO - [2023-06-19T06:05:08.399+0000] {dag.py:3490} INFO - Setting next_dagrun for first_dag to 2023-06-19T05:00:00+00:00, run_after=2023-06-19T06:00:00+00:00
[2023-06-19T06:05:08.474+0000] {processor.py:179} INFO - Processing /opt/airflow/dags/first_dag.py took 0.228 seconds
[2023-06-19T06:05:38.705+0000] {processor.py:157} INFO - Started process (PID=244) to work on /opt/airflow/dags/first_dag.py
[2023-06-19T06:05:38.713+0000] {processor.py:826} INFO - Processing file /opt/airflow/dags/first_dag.py for tasks to queue
[2023-06-19T06:05:38.718+0000] {logging_mixin.py:149} INFO - [2023-06-19T06:05:38.718+0000] {dagbag.py:541} INFO - Filling up the DagBag from /opt/airflow/dags/first_dag.py
[2023-06-19T06:05:38.740+0000] {processor.py:836} INFO - DAG(s) dict_keys(['first_dag']) retrieved from /opt/airflow/dags/first_dag.py
[2023-06-19T06:05:38.784+0000] {logging_mixin.py:149} INFO - [2023-06-19T06:05:38.783+0000] {dag.py:2726} INFO - Sync 1 DAGs
[2023-06-19T06:05:38.829+0000] {logging_mixin.py:149} INFO - [2023-06-19T06:05:38.829+0000] {dag.py:3490} INFO - Setting next_dagrun for first_dag to 2023-06-19T05:00:00+00:00, run_after=2023-06-19T06:00:00+00:00
[2023-06-19T06:05:38.856+0000] {processor.py:179} INFO - Processing /opt/airflow/dags/first_dag.py took 0.157 seconds
[2023-06-19T06:06:09.057+0000] {processor.py:157} INFO - Started process (PID=361) to work on /opt/airflow/dags/first_dag.py
[2023-06-19T06:06:09.059+0000] {processor.py:826} INFO - Processing file /opt/airflow/dags/first_dag.py for tasks to queue
[2023-06-19T06:06:09.063+0000] {logging_mixin.py:149} INFO - [2023-06-19T06:06:09.063+0000] {dagbag.py:541} INFO - Filling up the DagBag from /opt/airflow/dags/first_dag.py
[2023-06-19T06:06:09.090+0000] {processor.py:836} INFO - DAG(s) dict_keys(['first_dag']) retrieved from /opt/airflow/dags/first_dag.py
[2023-06-19T06:06:09.163+0000] {logging_mixin.py:149} INFO - [2023-06-19T06:06:09.162+0000] {dag.py:2726} INFO - Sync 1 DAGs
[2023-06-19T06:06:09.208+0000] {logging_mixin.py:149} INFO - [2023-06-19T06:06:09.208+0000] {dag.py:3490} INFO - Setting next_dagrun for first_dag to 2023-06-19T05:00:00+00:00, run_after=2023-06-19T06:00:00+00:00
[2023-06-19T06:06:09.239+0000] {processor.py:179} INFO - Processing /opt/airflow/dags/first_dag.py took 0.190 seconds
[2023-06-19T06:06:39.442+0000] {processor.py:157} INFO - Started process (PID=476) to work on /opt/airflow/dags/first_dag.py
[2023-06-19T06:06:39.444+0000] {processor.py:826} INFO - Processing file /opt/airflow/dags/first_dag.py for tasks to queue
[2023-06-19T06:06:39.448+0000] {logging_mixin.py:149} INFO - [2023-06-19T06:06:39.447+0000] {dagbag.py:541} INFO - Filling up the DagBag from /opt/airflow/dags/first_dag.py
[2023-06-19T06:06:39.468+0000] {processor.py:836} INFO - DAG(s) dict_keys(['first_dag']) retrieved from /opt/airflow/dags/first_dag.py
[2023-06-19T06:06:39.528+0000] {logging_mixin.py:149} INFO - [2023-06-19T06:06:39.527+0000] {dag.py:2726} INFO - Sync 1 DAGs
[2023-06-19T06:06:39.575+0000] {logging_mixin.py:149} INFO - [2023-06-19T06:06:39.574+0000] {dag.py:3490} INFO - Setting next_dagrun for first_dag to 2023-06-19T05:00:00+00:00, run_after=2023-06-19T06:00:00+00:00
[2023-06-19T06:06:39.608+0000] {processor.py:179} INFO - Processing /opt/airflow/dags/first_dag.py took 0.172 seconds
[2023-06-19T06:07:09.825+0000] {processor.py:157} INFO - Started process (PID=594) to work on /opt/airflow/dags/first_dag.py
[2023-06-19T06:07:09.831+0000] {processor.py:826} INFO - Processing file /opt/airflow/dags/first_dag.py for tasks to queue
[2023-06-19T06:07:09.836+0000] {logging_mixin.py:149} INFO - [2023-06-19T06:07:09.835+0000] {dagbag.py:541} INFO - Filling up the DagBag from /opt/airflow/dags/first_dag.py
[2023-06-19T06:07:09.856+0000] {processor.py:836} INFO - DAG(s) dict_keys(['first_dag']) retrieved from /opt/airflow/dags/first_dag.py
[2023-06-19T06:07:09.907+0000] {logging_mixin.py:149} INFO - [2023-06-19T06:07:09.906+0000] {dag.py:2726} INFO - Sync 1 DAGs
[2023-06-19T06:07:09.957+0000] {logging_mixin.py:149} INFO - [2023-06-19T06:07:09.956+0000] {dag.py:3490} INFO - Setting next_dagrun for first_dag to 2023-06-19T05:00:00+00:00, run_after=2023-06-19T06:00:00+00:00
[2023-06-19T06:07:09.987+0000] {processor.py:179} INFO - Processing /opt/airflow/dags/first_dag.py took 0.177 seconds
[2023-06-19T06:07:40.197+0000] {processor.py:157} INFO - Started process (PID=713) to work on /opt/airflow/dags/first_dag.py
[2023-06-19T06:07:40.202+0000] {processor.py:826} INFO - Processing file /opt/airflow/dags/first_dag.py for tasks to queue
[2023-06-19T06:07:40.207+0000] {logging_mixin.py:149} INFO - [2023-06-19T06:07:40.206+0000] {dagbag.py:541} INFO - Filling up the DagBag from /opt/airflow/dags/first_dag.py
[2023-06-19T06:07:40.232+0000] {processor.py:836} INFO - DAG(s) dict_keys(['first_dag']) retrieved from /opt/airflow/dags/first_dag.py
[2023-06-19T06:07:40.290+0000] {logging_mixin.py:149} INFO - [2023-06-19T06:07:40.289+0000] {dag.py:2726} INFO - Sync 1 DAGs
[2023-06-19T06:07:40.338+0000] {logging_mixin.py:149} INFO - [2023-06-19T06:07:40.338+0000] {dag.py:3490} INFO - Setting next_dagrun for first_dag to 2023-06-19T05:00:00+00:00, run_after=2023-06-19T06:00:00+00:00
[2023-06-19T06:07:40.366+0000] {processor.py:179} INFO - Processing /opt/airflow/dags/first_dag.py took 0.176 seconds
[2023-06-19T06:08:10.569+0000] {processor.py:157} INFO - Started process (PID=812) to work on /opt/airflow/dags/first_dag.py
[2023-06-19T06:08:10.580+0000] {processor.py:826} INFO - Processing file /opt/airflow/dags/first_dag.py for tasks to queue
[2023-06-19T06:08:10.584+0000] {logging_mixin.py:149} INFO - [2023-06-19T06:08:10.584+0000] {dagbag.py:541} INFO - Filling up the DagBag from /opt/airflow/dags/first_dag.py
[2023-06-19T06:08:10.602+0000] {processor.py:836} INFO - DAG(s) dict_keys(['first_dag']) retrieved from /opt/airflow/dags/first_dag.py
[2023-06-19T06:08:10.643+0000] {logging_mixin.py:149} INFO - [2023-06-19T06:08:10.642+0000] {dag.py:2726} INFO - Sync 1 DAGs
[2023-06-19T06:08:10.687+0000] {logging_mixin.py:149} INFO - [2023-06-19T06:08:10.687+0000] {dag.py:3490} INFO - Setting next_dagrun for first_dag to 2023-06-19T05:00:00+00:00, run_after=2023-06-19T06:00:00+00:00
[2023-06-19T06:08:10.716+0000] {processor.py:179} INFO - Processing /opt/airflow/dags/first_dag.py took 0.153 seconds
[2023-06-19T06:08:40.942+0000] {processor.py:157} INFO - Started process (PID=831) to work on /opt/airflow/dags/first_dag.py
[2023-06-19T06:08:40.943+0000] {processor.py:826} INFO - Processing file /opt/airflow/dags/first_dag.py for tasks to queue
[2023-06-19T06:08:40.949+0000] {logging_mixin.py:149} INFO - [2023-06-19T06:08:40.948+0000] {dagbag.py:541} INFO - Filling up the DagBag from /opt/airflow/dags/first_dag.py
[2023-06-19T06:08:40.968+0000] {processor.py:836} INFO - DAG(s) dict_keys(['first_dag']) retrieved from /opt/airflow/dags/first_dag.py
[2023-06-19T06:08:41.016+0000] {logging_mixin.py:149} INFO - [2023-06-19T06:08:41.015+0000] {dag.py:2726} INFO - Sync 1 DAGs
[2023-06-19T06:08:41.085+0000] {logging_mixin.py:149} INFO - [2023-06-19T06:08:41.085+0000] {dag.py:3490} INFO - Setting next_dagrun for first_dag to 2023-06-19T05:00:00+00:00, run_after=2023-06-19T06:00:00+00:00
[2023-06-19T06:08:41.145+0000] {processor.py:179} INFO - Processing /opt/airflow/dags/first_dag.py took 0.210 seconds
[2023-06-19T06:09:11.366+0000] {processor.py:157} INFO - Started process (PID=850) to work on /opt/airflow/dags/first_dag.py
[2023-06-19T06:09:11.369+0000] {processor.py:826} INFO - Processing file /opt/airflow/dags/first_dag.py for tasks to queue
[2023-06-19T06:09:11.373+0000] {logging_mixin.py:149} INFO - [2023-06-19T06:09:11.373+0000] {dagbag.py:541} INFO - Filling up the DagBag from /opt/airflow/dags/first_dag.py
[2023-06-19T06:09:11.393+0000] {processor.py:836} INFO - DAG(s) dict_keys(['first_dag']) retrieved from /opt/airflow/dags/first_dag.py
[2023-06-19T06:09:11.439+0000] {logging_mixin.py:149} INFO - [2023-06-19T06:09:11.438+0000] {dag.py:2726} INFO - Sync 1 DAGs
[2023-06-19T06:09:11.484+0000] {logging_mixin.py:149} INFO - [2023-06-19T06:09:11.484+0000] {dag.py:3490} INFO - Setting next_dagrun for first_dag to 2023-06-19T05:00:00+00:00, run_after=2023-06-19T06:00:00+00:00
[2023-06-19T06:09:11.517+0000] {processor.py:179} INFO - Processing /opt/airflow/dags/first_dag.py took 0.157 seconds
[2023-06-19T06:09:41.733+0000] {processor.py:157} INFO - Started process (PID=869) to work on /opt/airflow/dags/first_dag.py
[2023-06-19T06:09:41.743+0000] {processor.py:826} INFO - Processing file /opt/airflow/dags/first_dag.py for tasks to queue
[2023-06-19T06:09:41.748+0000] {logging_mixin.py:149} INFO - [2023-06-19T06:09:41.747+0000] {dagbag.py:541} INFO - Filling up the DagBag from /opt/airflow/dags/first_dag.py
[2023-06-19T06:09:41.772+0000] {processor.py:836} INFO - DAG(s) dict_keys(['first_dag']) retrieved from /opt/airflow/dags/first_dag.py
[2023-06-19T06:09:41.822+0000] {logging_mixin.py:149} INFO - [2023-06-19T06:09:41.821+0000] {dag.py:2726} INFO - Sync 1 DAGs
[2023-06-19T06:09:41.869+0000] {logging_mixin.py:149} INFO - [2023-06-19T06:09:41.868+0000] {dag.py:3490} INFO - Setting next_dagrun for first_dag to 2023-06-19T05:00:00+00:00, run_after=2023-06-19T06:00:00+00:00
[2023-06-19T06:09:41.900+0000] {processor.py:179} INFO - Processing /opt/airflow/dags/first_dag.py took 0.175 seconds
[2023-06-19T06:10:12.105+0000] {processor.py:157} INFO - Started process (PID=888) to work on /opt/airflow/dags/first_dag.py
[2023-06-19T06:10:12.107+0000] {processor.py:826} INFO - Processing file /opt/airflow/dags/first_dag.py for tasks to queue
[2023-06-19T06:10:12.112+0000] {logging_mixin.py:149} INFO - [2023-06-19T06:10:12.112+0000] {dagbag.py:541} INFO - Filling up the DagBag from /opt/airflow/dags/first_dag.py
[2023-06-19T06:10:12.131+0000] {processor.py:836} INFO - DAG(s) dict_keys(['first_dag']) retrieved from /opt/airflow/dags/first_dag.py
[2023-06-19T06:10:12.175+0000] {logging_mixin.py:149} INFO - [2023-06-19T06:10:12.174+0000] {dag.py:2726} INFO - Sync 1 DAGs
[2023-06-19T06:10:12.219+0000] {logging_mixin.py:149} INFO - [2023-06-19T06:10:12.219+0000] {dag.py:3490} INFO - Setting next_dagrun for first_dag to 2023-06-19T05:00:00+00:00, run_after=2023-06-19T06:00:00+00:00
[2023-06-19T06:10:12.247+0000] {processor.py:179} INFO - Processing /opt/airflow/dags/first_dag.py took 0.148 seconds
[2023-06-19T06:10:42.466+0000] {processor.py:157} INFO - Started process (PID=907) to work on /opt/airflow/dags/first_dag.py
[2023-06-19T06:10:42.469+0000] {processor.py:826} INFO - Processing file /opt/airflow/dags/first_dag.py for tasks to queue
[2023-06-19T06:10:42.475+0000] {logging_mixin.py:149} INFO - [2023-06-19T06:10:42.474+0000] {dagbag.py:541} INFO - Filling up the DagBag from /opt/airflow/dags/first_dag.py
[2023-06-19T06:10:42.495+0000] {processor.py:836} INFO - DAG(s) dict_keys(['first_dag']) retrieved from /opt/airflow/dags/first_dag.py
[2023-06-19T06:10:42.539+0000] {logging_mixin.py:149} INFO - [2023-06-19T06:10:42.538+0000] {dag.py:2726} INFO - Sync 1 DAGs
[2023-06-19T06:10:42.582+0000] {logging_mixin.py:149} INFO - [2023-06-19T06:10:42.582+0000] {dag.py:3490} INFO - Setting next_dagrun for first_dag to 2023-06-19T05:00:00+00:00, run_after=2023-06-19T06:00:00+00:00
[2023-06-19T06:10:42.609+0000] {processor.py:179} INFO - Processing /opt/airflow/dags/first_dag.py took 0.150 seconds
[2023-06-19T06:11:12.830+0000] {processor.py:157} INFO - Started process (PID=926) to work on /opt/airflow/dags/first_dag.py
[2023-06-19T06:11:12.833+0000] {processor.py:826} INFO - Processing file /opt/airflow/dags/first_dag.py for tasks to queue
[2023-06-19T06:11:12.840+0000] {logging_mixin.py:149} INFO - [2023-06-19T06:11:12.840+0000] {dagbag.py:541} INFO - Filling up the DagBag from /opt/airflow/dags/first_dag.py
[2023-06-19T06:11:12.864+0000] {processor.py:836} INFO - DAG(s) dict_keys(['first_dag']) retrieved from /opt/airflow/dags/first_dag.py
[2023-06-19T06:11:12.919+0000] {logging_mixin.py:149} INFO - [2023-06-19T06:11:12.918+0000] {dag.py:2726} INFO - Sync 1 DAGs
[2023-06-19T06:11:12.979+0000] {logging_mixin.py:149} INFO - [2023-06-19T06:11:12.979+0000] {dag.py:3490} INFO - Setting next_dagrun for first_dag to 2023-06-19T05:00:00+00:00, run_after=2023-06-19T06:00:00+00:00
[2023-06-19T06:11:13.011+0000] {processor.py:179} INFO - Processing /opt/airflow/dags/first_dag.py took 0.189 seconds
[2023-06-19T06:11:43.228+0000] {processor.py:157} INFO - Started process (PID=945) to work on /opt/airflow/dags/first_dag.py
[2023-06-19T06:11:43.231+0000] {processor.py:826} INFO - Processing file /opt/airflow/dags/first_dag.py for tasks to queue
[2023-06-19T06:11:43.237+0000] {logging_mixin.py:149} INFO - [2023-06-19T06:11:43.236+0000] {dagbag.py:541} INFO - Filling up the DagBag from /opt/airflow/dags/first_dag.py
[2023-06-19T06:11:43.258+0000] {processor.py:836} INFO - DAG(s) dict_keys(['first_dag']) retrieved from /opt/airflow/dags/first_dag.py
[2023-06-19T06:11:43.309+0000] {logging_mixin.py:149} INFO - [2023-06-19T06:11:43.308+0000] {dag.py:2726} INFO - Sync 1 DAGs
[2023-06-19T06:11:43.357+0000] {logging_mixin.py:149} INFO - [2023-06-19T06:11:43.357+0000] {dag.py:3490} INFO - Setting next_dagrun for first_dag to 2023-06-19T05:00:00+00:00, run_after=2023-06-19T06:00:00+00:00
[2023-06-19T06:11:43.388+0000] {processor.py:179} INFO - Processing /opt/airflow/dags/first_dag.py took 0.167 seconds
[2023-06-19T06:12:13.619+0000] {processor.py:157} INFO - Started process (PID=964) to work on /opt/airflow/dags/first_dag.py
[2023-06-19T06:12:13.622+0000] {processor.py:826} INFO - Processing file /opt/airflow/dags/first_dag.py for tasks to queue
[2023-06-19T06:12:13.627+0000] {logging_mixin.py:149} INFO - [2023-06-19T06:12:13.627+0000] {dagbag.py:541} INFO - Filling up the DagBag from /opt/airflow/dags/first_dag.py
[2023-06-19T06:12:13.646+0000] {processor.py:836} INFO - DAG(s) dict_keys(['first_dag']) retrieved from /opt/airflow/dags/first_dag.py
[2023-06-19T06:12:13.692+0000] {logging_mixin.py:149} INFO - [2023-06-19T06:12:13.691+0000] {dag.py:2726} INFO - Sync 1 DAGs
[2023-06-19T06:12:13.736+0000] {logging_mixin.py:149} INFO - [2023-06-19T06:12:13.736+0000] {dag.py:3490} INFO - Setting next_dagrun for first_dag to 2023-06-19T05:00:00+00:00, run_after=2023-06-19T06:00:00+00:00
[2023-06-19T06:12:13.765+0000] {processor.py:179} INFO - Processing /opt/airflow/dags/first_dag.py took 0.154 seconds
[2023-06-19T06:12:43.935+0000] {processor.py:157} INFO - Started process (PID=990) to work on /opt/airflow/dags/first_dag.py
[2023-06-19T06:12:43.938+0000] {processor.py:826} INFO - Processing file /opt/airflow/dags/first_dag.py for tasks to queue
[2023-06-19T06:12:43.942+0000] {logging_mixin.py:149} INFO - [2023-06-19T06:12:43.942+0000] {dagbag.py:541} INFO - Filling up the DagBag from /opt/airflow/dags/first_dag.py
[2023-06-19T06:12:43.963+0000] {processor.py:836} INFO - DAG(s) dict_keys(['first_dag']) retrieved from /opt/airflow/dags/first_dag.py
[2023-06-19T06:12:44.011+0000] {logging_mixin.py:149} INFO - [2023-06-19T06:12:44.010+0000] {dag.py:2726} INFO - Sync 1 DAGs
[2023-06-19T06:12:44.060+0000] {logging_mixin.py:149} INFO - [2023-06-19T06:12:44.059+0000] {dag.py:3490} INFO - Setting next_dagrun for first_dag to 2023-06-19T05:00:00+00:00, run_after=2023-06-19T06:00:00+00:00
[2023-06-19T06:12:44.088+0000] {processor.py:179} INFO - Processing /opt/airflow/dags/first_dag.py took 0.160 seconds
[2023-06-19T06:13:14.285+0000] {processor.py:157} INFO - Started process (PID=1047) to work on /opt/airflow/dags/first_dag.py
[2023-06-19T06:13:14.287+0000] {processor.py:826} INFO - Processing file /opt/airflow/dags/first_dag.py for tasks to queue
[2023-06-19T06:13:14.291+0000] {logging_mixin.py:149} INFO - [2023-06-19T06:13:14.290+0000] {dagbag.py:541} INFO - Filling up the DagBag from /opt/airflow/dags/first_dag.py
[2023-06-19T06:13:14.309+0000] {processor.py:836} INFO - DAG(s) dict_keys(['first_dag']) retrieved from /opt/airflow/dags/first_dag.py
[2023-06-19T06:13:14.354+0000] {logging_mixin.py:149} INFO - [2023-06-19T06:13:14.353+0000] {dag.py:2726} INFO - Sync 1 DAGs
[2023-06-19T06:13:14.425+0000] {logging_mixin.py:149} INFO - [2023-06-19T06:13:14.424+0000] {dag.py:3490} INFO - Setting next_dagrun for first_dag to 2023-06-19T05:00:00+00:00, run_after=2023-06-19T06:00:00+00:00
[2023-06-19T06:13:14.468+0000] {processor.py:179} INFO - Processing /opt/airflow/dags/first_dag.py took 0.189 seconds
[2023-06-19T06:13:44.669+0000] {processor.py:157} INFO - Started process (PID=1255) to work on /opt/airflow/dags/first_dag.py
[2023-06-19T06:13:44.671+0000] {processor.py:826} INFO - Processing file /opt/airflow/dags/first_dag.py for tasks to queue
[2023-06-19T06:13:44.675+0000] {logging_mixin.py:149} INFO - [2023-06-19T06:13:44.674+0000] {dagbag.py:541} INFO - Filling up the DagBag from /opt/airflow/dags/first_dag.py
[2023-06-19T06:13:44.694+0000] {processor.py:836} INFO - DAG(s) dict_keys(['first_dag']) retrieved from /opt/airflow/dags/first_dag.py
[2023-06-19T06:13:44.738+0000] {logging_mixin.py:149} INFO - [2023-06-19T06:13:44.737+0000] {dag.py:2726} INFO - Sync 1 DAGs
[2023-06-19T06:13:44.781+0000] {logging_mixin.py:149} INFO - [2023-06-19T06:13:44.781+0000] {dag.py:3490} INFO - Setting next_dagrun for first_dag to 2023-06-19T05:00:00+00:00, run_after=2023-06-19T06:00:00+00:00
[2023-06-19T06:13:44.816+0000] {processor.py:179} INFO - Processing /opt/airflow/dags/first_dag.py took 0.154 seconds
[2023-06-19T06:14:15.016+0000] {processor.py:157} INFO - Started process (PID=1468) to work on /opt/airflow/dags/first_dag.py
[2023-06-19T06:14:15.019+0000] {processor.py:826} INFO - Processing file /opt/airflow/dags/first_dag.py for tasks to queue
[2023-06-19T06:14:15.023+0000] {logging_mixin.py:149} INFO - [2023-06-19T06:14:15.023+0000] {dagbag.py:541} INFO - Filling up the DagBag from /opt/airflow/dags/first_dag.py
[2023-06-19T06:14:15.046+0000] {processor.py:836} INFO - DAG(s) dict_keys(['first_dag']) retrieved from /opt/airflow/dags/first_dag.py
[2023-06-19T06:14:15.107+0000] {logging_mixin.py:149} INFO - [2023-06-19T06:14:15.106+0000] {dag.py:2726} INFO - Sync 1 DAGs
[2023-06-19T06:14:15.155+0000] {logging_mixin.py:149} INFO - [2023-06-19T06:14:15.155+0000] {dag.py:3490} INFO - Setting next_dagrun for first_dag to 2023-06-19T05:00:00+00:00, run_after=2023-06-19T06:00:00+00:00
[2023-06-19T06:14:15.189+0000] {processor.py:179} INFO - Processing /opt/airflow/dags/first_dag.py took 0.181 seconds
[2023-06-19T06:14:45.424+0000] {processor.py:157} INFO - Started process (PID=1585) to work on /opt/airflow/dags/first_dag.py
[2023-06-19T06:14:45.427+0000] {processor.py:826} INFO - Processing file /opt/airflow/dags/first_dag.py for tasks to queue
[2023-06-19T06:14:45.431+0000] {logging_mixin.py:149} INFO - [2023-06-19T06:14:45.431+0000] {dagbag.py:541} INFO - Filling up the DagBag from /opt/airflow/dags/first_dag.py
[2023-06-19T06:14:45.453+0000] {processor.py:836} INFO - DAG(s) dict_keys(['first_dag']) retrieved from /opt/airflow/dags/first_dag.py
[2023-06-19T06:14:45.506+0000] {logging_mixin.py:149} INFO - [2023-06-19T06:14:45.505+0000] {dag.py:2726} INFO - Sync 1 DAGs
[2023-06-19T06:14:45.554+0000] {logging_mixin.py:149} INFO - [2023-06-19T06:14:45.554+0000] {dag.py:3490} INFO - Setting next_dagrun for first_dag to 2023-06-19T05:00:00+00:00, run_after=2023-06-19T06:00:00+00:00
[2023-06-19T06:14:45.586+0000] {processor.py:179} INFO - Processing /opt/airflow/dags/first_dag.py took 0.169 seconds
[2023-06-19T06:15:15.789+0000] {processor.py:157} INFO - Started process (PID=1604) to work on /opt/airflow/dags/first_dag.py
[2023-06-19T06:15:15.792+0000] {processor.py:826} INFO - Processing file /opt/airflow/dags/first_dag.py for tasks to queue
[2023-06-19T06:15:15.796+0000] {logging_mixin.py:149} INFO - [2023-06-19T06:15:15.796+0000] {dagbag.py:541} INFO - Filling up the DagBag from /opt/airflow/dags/first_dag.py
[2023-06-19T06:15:15.820+0000] {processor.py:836} INFO - DAG(s) dict_keys(['first_dag']) retrieved from /opt/airflow/dags/first_dag.py
[2023-06-19T06:15:15.873+0000] {logging_mixin.py:149} INFO - [2023-06-19T06:15:15.872+0000] {dag.py:2726} INFO - Sync 1 DAGs
[2023-06-19T06:15:15.922+0000] {logging_mixin.py:149} INFO - [2023-06-19T06:15:15.921+0000] {dag.py:3490} INFO - Setting next_dagrun for first_dag to 2023-06-19T05:00:00+00:00, run_after=2023-06-19T06:00:00+00:00
[2023-06-19T06:15:15.951+0000] {processor.py:179} INFO - Processing /opt/airflow/dags/first_dag.py took 0.170 seconds
[2023-06-19T06:15:46.248+0000] {processor.py:157} INFO - Started process (PID=1623) to work on /opt/airflow/dags/first_dag.py
[2023-06-19T06:15:46.252+0000] {processor.py:826} INFO - Processing file /opt/airflow/dags/first_dag.py for tasks to queue
[2023-06-19T06:15:46.261+0000] {logging_mixin.py:149} INFO - [2023-06-19T06:15:46.261+0000] {dagbag.py:541} INFO - Filling up the DagBag from /opt/airflow/dags/first_dag.py
[2023-06-19T06:15:46.312+0000] {processor.py:836} INFO - DAG(s) dict_keys(['first_dag']) retrieved from /opt/airflow/dags/first_dag.py
[2023-06-19T06:15:46.411+0000] {logging_mixin.py:149} INFO - [2023-06-19T06:15:46.410+0000] {dag.py:2726} INFO - Sync 1 DAGs
[2023-06-19T06:15:46.499+0000] {logging_mixin.py:149} INFO - [2023-06-19T06:15:46.498+0000] {dag.py:3490} INFO - Setting next_dagrun for first_dag to 2023-06-19T05:00:00+00:00, run_after=2023-06-19T06:00:00+00:00
[2023-06-19T06:15:46.554+0000] {processor.py:179} INFO - Processing /opt/airflow/dags/first_dag.py took 0.323 seconds
[2023-06-19T06:16:16.800+0000] {processor.py:157} INFO - Started process (PID=1641) to work on /opt/airflow/dags/first_dag.py
[2023-06-19T06:16:16.803+0000] {processor.py:826} INFO - Processing file /opt/airflow/dags/first_dag.py for tasks to queue
[2023-06-19T06:16:16.808+0000] {logging_mixin.py:149} INFO - [2023-06-19T06:16:16.808+0000] {dagbag.py:541} INFO - Filling up the DagBag from /opt/airflow/dags/first_dag.py
[2023-06-19T06:16:16.831+0000] {processor.py:836} INFO - DAG(s) dict_keys(['first_dag']) retrieved from /opt/airflow/dags/first_dag.py
[2023-06-19T06:16:16.886+0000] {logging_mixin.py:149} INFO - [2023-06-19T06:16:16.885+0000] {dag.py:2726} INFO - Sync 1 DAGs
[2023-06-19T06:16:16.946+0000] {logging_mixin.py:149} INFO - [2023-06-19T06:16:16.946+0000] {dag.py:3490} INFO - Setting next_dagrun for first_dag to 2023-06-19T05:00:00+00:00, run_after=2023-06-19T06:00:00+00:00
[2023-06-19T06:16:16.986+0000] {processor.py:179} INFO - Processing /opt/airflow/dags/first_dag.py took 0.194 seconds
[2023-06-19T06:16:47.209+0000] {processor.py:157} INFO - Started process (PID=1660) to work on /opt/airflow/dags/first_dag.py
[2023-06-19T06:16:47.211+0000] {processor.py:826} INFO - Processing file /opt/airflow/dags/first_dag.py for tasks to queue
[2023-06-19T06:16:47.215+0000] {logging_mixin.py:149} INFO - [2023-06-19T06:16:47.215+0000] {dagbag.py:541} INFO - Filling up the DagBag from /opt/airflow/dags/first_dag.py
[2023-06-19T06:16:47.234+0000] {processor.py:836} INFO - DAG(s) dict_keys(['first_dag']) retrieved from /opt/airflow/dags/first_dag.py
[2023-06-19T06:16:47.276+0000] {logging_mixin.py:149} INFO - [2023-06-19T06:16:47.276+0000] {dag.py:2726} INFO - Sync 1 DAGs
[2023-06-19T06:16:47.329+0000] {logging_mixin.py:149} INFO - [2023-06-19T06:16:47.329+0000] {dag.py:3490} INFO - Setting next_dagrun for first_dag to 2023-06-19T05:00:00+00:00, run_after=2023-06-19T06:00:00+00:00
[2023-06-19T06:16:47.365+0000] {processor.py:179} INFO - Processing /opt/airflow/dags/first_dag.py took 0.162 seconds
[2023-06-19T06:17:17.571+0000] {processor.py:157} INFO - Started process (PID=1675) to work on /opt/airflow/dags/first_dag.py
[2023-06-19T06:17:17.574+0000] {processor.py:826} INFO - Processing file /opt/airflow/dags/first_dag.py for tasks to queue
[2023-06-19T06:17:17.579+0000] {logging_mixin.py:149} INFO - [2023-06-19T06:17:17.579+0000] {dagbag.py:541} INFO - Filling up the DagBag from /opt/airflow/dags/first_dag.py
[2023-06-19T06:17:17.606+0000] {processor.py:836} INFO - DAG(s) dict_keys(['first_dag']) retrieved from /opt/airflow/dags/first_dag.py
[2023-06-19T06:17:17.657+0000] {logging_mixin.py:149} INFO - [2023-06-19T06:17:17.656+0000] {dag.py:2726} INFO - Sync 1 DAGs
[2023-06-19T06:17:17.704+0000] {logging_mixin.py:149} INFO - [2023-06-19T06:17:17.704+0000] {dag.py:3490} INFO - Setting next_dagrun for first_dag to 2023-06-19T05:00:00+00:00, run_after=2023-06-19T06:00:00+00:00
[2023-06-19T06:17:17.733+0000] {processor.py:179} INFO - Processing /opt/airflow/dags/first_dag.py took 0.170 seconds
[2023-06-19T06:17:47.956+0000] {processor.py:157} INFO - Started process (PID=1694) to work on /opt/airflow/dags/first_dag.py
[2023-06-19T06:17:47.957+0000] {processor.py:826} INFO - Processing file /opt/airflow/dags/first_dag.py for tasks to queue
[2023-06-19T06:17:47.960+0000] {logging_mixin.py:149} INFO - [2023-06-19T06:17:47.960+0000] {dagbag.py:541} INFO - Filling up the DagBag from /opt/airflow/dags/first_dag.py
[2023-06-19T06:17:47.979+0000] {processor.py:836} INFO - DAG(s) dict_keys(['first_dag']) retrieved from /opt/airflow/dags/first_dag.py
[2023-06-19T06:17:48.027+0000] {logging_mixin.py:149} INFO - [2023-06-19T06:17:48.027+0000] {dag.py:2726} INFO - Sync 1 DAGs
[2023-06-19T06:17:48.072+0000] {logging_mixin.py:149} INFO - [2023-06-19T06:17:48.071+0000] {dag.py:3490} INFO - Setting next_dagrun for first_dag to 2023-06-19T05:00:00+00:00, run_after=2023-06-19T06:00:00+00:00
[2023-06-19T06:17:48.099+0000] {processor.py:179} INFO - Processing /opt/airflow/dags/first_dag.py took 0.149 seconds
[2023-06-19T06:18:18.294+0000] {processor.py:157} INFO - Started process (PID=1710) to work on /opt/airflow/dags/first_dag.py
[2023-06-19T06:18:18.297+0000] {processor.py:826} INFO - Processing file /opt/airflow/dags/first_dag.py for tasks to queue
[2023-06-19T06:18:18.301+0000] {logging_mixin.py:149} INFO - [2023-06-19T06:18:18.300+0000] {dagbag.py:541} INFO - Filling up the DagBag from /opt/airflow/dags/first_dag.py
[2023-06-19T06:18:18.320+0000] {processor.py:836} INFO - DAG(s) dict_keys(['first_dag']) retrieved from /opt/airflow/dags/first_dag.py
[2023-06-19T06:18:18.363+0000] {logging_mixin.py:149} INFO - [2023-06-19T06:18:18.362+0000] {dag.py:2726} INFO - Sync 1 DAGs
[2023-06-19T06:18:18.408+0000] {logging_mixin.py:149} INFO - [2023-06-19T06:18:18.408+0000] {dag.py:3490} INFO - Setting next_dagrun for first_dag to 2023-06-19T05:00:00+00:00, run_after=2023-06-19T06:00:00+00:00
[2023-06-19T06:18:18.435+0000] {processor.py:179} INFO - Processing /opt/airflow/dags/first_dag.py took 0.147 seconds
[2023-06-19T06:18:48.638+0000] {processor.py:157} INFO - Started process (PID=1729) to work on /opt/airflow/dags/first_dag.py
[2023-06-19T06:18:48.640+0000] {processor.py:826} INFO - Processing file /opt/airflow/dags/first_dag.py for tasks to queue
[2023-06-19T06:18:48.644+0000] {logging_mixin.py:149} INFO - [2023-06-19T06:18:48.643+0000] {dagbag.py:541} INFO - Filling up the DagBag from /opt/airflow/dags/first_dag.py
[2023-06-19T06:18:48.661+0000] {processor.py:836} INFO - DAG(s) dict_keys(['first_dag']) retrieved from /opt/airflow/dags/first_dag.py
[2023-06-19T06:18:48.704+0000] {logging_mixin.py:149} INFO - [2023-06-19T06:18:48.703+0000] {dag.py:2726} INFO - Sync 1 DAGs
[2023-06-19T06:18:48.747+0000] {logging_mixin.py:149} INFO - [2023-06-19T06:18:48.747+0000] {dag.py:3490} INFO - Setting next_dagrun for first_dag to 2023-06-19T05:00:00+00:00, run_after=2023-06-19T06:00:00+00:00
[2023-06-19T06:18:48.775+0000] {processor.py:179} INFO - Processing /opt/airflow/dags/first_dag.py took 0.144 seconds
[2023-06-19T06:19:18.979+0000] {processor.py:157} INFO - Started process (PID=1748) to work on /opt/airflow/dags/first_dag.py
[2023-06-19T06:19:18.988+0000] {processor.py:826} INFO - Processing file /opt/airflow/dags/first_dag.py for tasks to queue
[2023-06-19T06:19:18.993+0000] {logging_mixin.py:149} INFO - [2023-06-19T06:19:18.993+0000] {dagbag.py:541} INFO - Filling up the DagBag from /opt/airflow/dags/first_dag.py
[2023-06-19T06:19:19.012+0000] {processor.py:836} INFO - DAG(s) dict_keys(['first_dag']) retrieved from /opt/airflow/dags/first_dag.py
[2023-06-19T06:19:19.055+0000] {logging_mixin.py:149} INFO - [2023-06-19T06:19:19.055+0000] {dag.py:2726} INFO - Sync 1 DAGs
[2023-06-19T06:19:19.099+0000] {logging_mixin.py:149} INFO - [2023-06-19T06:19:19.099+0000] {dag.py:3490} INFO - Setting next_dagrun for first_dag to 2023-06-19T05:00:00+00:00, run_after=2023-06-19T06:00:00+00:00
[2023-06-19T06:19:19.125+0000] {processor.py:179} INFO - Processing /opt/airflow/dags/first_dag.py took 0.155 seconds
[2023-06-19T06:19:49.313+0000] {processor.py:157} INFO - Started process (PID=1776) to work on /opt/airflow/dags/first_dag.py
[2023-06-19T06:19:49.315+0000] {processor.py:826} INFO - Processing file /opt/airflow/dags/first_dag.py for tasks to queue
[2023-06-19T06:19:49.318+0000] {logging_mixin.py:149} INFO - [2023-06-19T06:19:49.318+0000] {dagbag.py:541} INFO - Filling up the DagBag from /opt/airflow/dags/first_dag.py
[2023-06-19T06:19:49.339+0000] {processor.py:836} INFO - DAG(s) dict_keys(['first_dag']) retrieved from /opt/airflow/dags/first_dag.py
[2023-06-19T06:19:49.383+0000] {logging_mixin.py:149} INFO - [2023-06-19T06:19:49.383+0000] {dag.py:2726} INFO - Sync 1 DAGs
[2023-06-19T06:19:49.426+0000] {logging_mixin.py:149} INFO - [2023-06-19T06:19:49.426+0000] {dag.py:3490} INFO - Setting next_dagrun for first_dag to 2023-06-19T05:00:00+00:00, run_after=2023-06-19T06:00:00+00:00
[2023-06-19T06:19:49.454+0000] {processor.py:179} INFO - Processing /opt/airflow/dags/first_dag.py took 0.147 seconds
[2023-06-19T06:20:19.648+0000] {processor.py:157} INFO - Started process (PID=1795) to work on /opt/airflow/dags/first_dag.py
[2023-06-19T06:20:19.656+0000] {processor.py:826} INFO - Processing file /opt/airflow/dags/first_dag.py for tasks to queue
[2023-06-19T06:20:19.660+0000] {logging_mixin.py:149} INFO - [2023-06-19T06:20:19.660+0000] {dagbag.py:541} INFO - Filling up the DagBag from /opt/airflow/dags/first_dag.py
[2023-06-19T06:20:19.683+0000] {processor.py:836} INFO - DAG(s) dict_keys(['first_dag']) retrieved from /opt/airflow/dags/first_dag.py
[2023-06-19T06:20:19.738+0000] {logging_mixin.py:149} INFO - [2023-06-19T06:20:19.737+0000] {dag.py:2726} INFO - Sync 1 DAGs
[2023-06-19T06:20:19.791+0000] {logging_mixin.py:149} INFO - [2023-06-19T06:20:19.791+0000] {dag.py:3490} INFO - Setting next_dagrun for first_dag to 2023-06-19T05:00:00+00:00, run_after=2023-06-19T06:00:00+00:00
[2023-06-19T06:20:19.817+0000] {processor.py:179} INFO - Processing /opt/airflow/dags/first_dag.py took 0.177 seconds
[2023-06-19T06:20:50.015+0000] {processor.py:157} INFO - Started process (PID=1822) to work on /opt/airflow/dags/first_dag.py
[2023-06-19T06:20:50.017+0000] {processor.py:826} INFO - Processing file /opt/airflow/dags/first_dag.py for tasks to queue
[2023-06-19T06:20:50.021+0000] {logging_mixin.py:149} INFO - [2023-06-19T06:20:50.021+0000] {dagbag.py:541} INFO - Filling up the DagBag from /opt/airflow/dags/first_dag.py
[2023-06-19T06:20:50.043+0000] {processor.py:836} INFO - DAG(s) dict_keys(['first_dag']) retrieved from /opt/airflow/dags/first_dag.py
[2023-06-19T06:20:50.098+0000] {logging_mixin.py:149} INFO - [2023-06-19T06:20:50.097+0000] {dag.py:2726} INFO - Sync 1 DAGs
[2023-06-19T06:20:50.142+0000] {logging_mixin.py:149} INFO - [2023-06-19T06:20:50.142+0000] {dag.py:3490} INFO - Setting next_dagrun for first_dag to 2023-06-19T05:00:00+00:00, run_after=2023-06-19T06:00:00+00:00
[2023-06-19T06:20:50.174+0000] {processor.py:179} INFO - Processing /opt/airflow/dags/first_dag.py took 0.165 seconds
[2023-06-19T06:21:20.378+0000] {processor.py:157} INFO - Started process (PID=1840) to work on /opt/airflow/dags/first_dag.py
[2023-06-19T06:21:20.380+0000] {processor.py:826} INFO - Processing file /opt/airflow/dags/first_dag.py for tasks to queue
[2023-06-19T06:21:20.385+0000] {logging_mixin.py:149} INFO - [2023-06-19T06:21:20.385+0000] {dagbag.py:541} INFO - Filling up the DagBag from /opt/airflow/dags/first_dag.py
[2023-06-19T06:21:20.403+0000] {processor.py:836} INFO - DAG(s) dict_keys(['first_dag']) retrieved from /opt/airflow/dags/first_dag.py
[2023-06-19T06:21:20.446+0000] {logging_mixin.py:149} INFO - [2023-06-19T06:21:20.445+0000] {dag.py:2726} INFO - Sync 1 DAGs
[2023-06-19T06:21:20.491+0000] {logging_mixin.py:149} INFO - [2023-06-19T06:21:20.490+0000] {dag.py:3490} INFO - Setting next_dagrun for first_dag to 2023-06-19T05:00:00+00:00, run_after=2023-06-19T06:00:00+00:00
[2023-06-19T06:21:20.517+0000] {processor.py:179} INFO - Processing /opt/airflow/dags/first_dag.py took 0.146 seconds
[2023-06-19T06:21:50.721+0000] {processor.py:157} INFO - Started process (PID=1929) to work on /opt/airflow/dags/first_dag.py
[2023-06-19T06:21:50.723+0000] {processor.py:826} INFO - Processing file /opt/airflow/dags/first_dag.py for tasks to queue
[2023-06-19T06:21:50.729+0000] {logging_mixin.py:149} INFO - [2023-06-19T06:21:50.729+0000] {dagbag.py:541} INFO - Filling up the DagBag from /opt/airflow/dags/first_dag.py
[2023-06-19T06:21:50.753+0000] {processor.py:836} INFO - DAG(s) dict_keys(['first_dag']) retrieved from /opt/airflow/dags/first_dag.py
[2023-06-19T06:21:50.799+0000] {logging_mixin.py:149} INFO - [2023-06-19T06:21:50.797+0000] {dag.py:2726} INFO - Sync 1 DAGs
[2023-06-19T06:21:50.843+0000] {logging_mixin.py:149} INFO - [2023-06-19T06:21:50.842+0000] {dag.py:3490} INFO - Setting next_dagrun for first_dag to 2023-06-19T05:00:00+00:00, run_after=2023-06-19T06:00:00+00:00
[2023-06-19T06:21:50.869+0000] {processor.py:179} INFO - Processing /opt/airflow/dags/first_dag.py took 0.156 seconds
[2023-06-19T06:22:21.064+0000] {processor.py:157} INFO - Started process (PID=2128) to work on /opt/airflow/dags/first_dag.py
[2023-06-19T06:22:21.066+0000] {processor.py:826} INFO - Processing file /opt/airflow/dags/first_dag.py for tasks to queue
[2023-06-19T06:22:21.071+0000] {logging_mixin.py:149} INFO - [2023-06-19T06:22:21.071+0000] {dagbag.py:541} INFO - Filling up the DagBag from /opt/airflow/dags/first_dag.py
[2023-06-19T06:22:21.088+0000] {processor.py:836} INFO - DAG(s) dict_keys(['first_dag']) retrieved from /opt/airflow/dags/first_dag.py
[2023-06-19T06:22:21.135+0000] {logging_mixin.py:149} INFO - [2023-06-19T06:22:21.134+0000] {dag.py:2726} INFO - Sync 1 DAGs
[2023-06-19T06:22:21.188+0000] {logging_mixin.py:149} INFO - [2023-06-19T06:22:21.188+0000] {dag.py:3490} INFO - Setting next_dagrun for first_dag to 2023-06-19T05:00:00+00:00, run_after=2023-06-19T06:00:00+00:00
[2023-06-19T06:22:21.222+0000] {processor.py:179} INFO - Processing /opt/airflow/dags/first_dag.py took 0.165 seconds
[2023-06-19T06:22:51.467+0000] {processor.py:157} INFO - Started process (PID=2315) to work on /opt/airflow/dags/first_dag.py
[2023-06-19T06:22:51.469+0000] {processor.py:826} INFO - Processing file /opt/airflow/dags/first_dag.py for tasks to queue
[2023-06-19T06:22:51.475+0000] {logging_mixin.py:149} INFO - [2023-06-19T06:22:51.474+0000] {dagbag.py:541} INFO - Filling up the DagBag from /opt/airflow/dags/first_dag.py
[2023-06-19T06:22:51.496+0000] {processor.py:836} INFO - DAG(s) dict_keys(['first_dag']) retrieved from /opt/airflow/dags/first_dag.py
[2023-06-19T06:22:51.552+0000] {logging_mixin.py:149} INFO - [2023-06-19T06:22:51.551+0000] {dag.py:2726} INFO - Sync 1 DAGs
[2023-06-19T06:22:51.605+0000] {logging_mixin.py:149} INFO - [2023-06-19T06:22:51.604+0000] {dag.py:3490} INFO - Setting next_dagrun for first_dag to 2023-06-19T05:00:00+00:00, run_after=2023-06-19T06:00:00+00:00
[2023-06-19T06:22:51.638+0000] {processor.py:179} INFO - Processing /opt/airflow/dags/first_dag.py took 0.178 seconds
[2023-06-19T06:23:21.841+0000] {processor.py:157} INFO - Started process (PID=2435) to work on /opt/airflow/dags/first_dag.py
[2023-06-19T06:23:21.844+0000] {processor.py:826} INFO - Processing file /opt/airflow/dags/first_dag.py for tasks to queue
[2023-06-19T06:23:21.849+0000] {logging_mixin.py:149} INFO - [2023-06-19T06:23:21.849+0000] {dagbag.py:541} INFO - Filling up the DagBag from /opt/airflow/dags/first_dag.py
[2023-06-19T06:23:21.871+0000] {processor.py:836} INFO - DAG(s) dict_keys(['first_dag']) retrieved from /opt/airflow/dags/first_dag.py
[2023-06-19T06:23:21.916+0000] {logging_mixin.py:149} INFO - [2023-06-19T06:23:21.915+0000] {dag.py:2726} INFO - Sync 1 DAGs
[2023-06-19T06:23:21.961+0000] {logging_mixin.py:149} INFO - [2023-06-19T06:23:21.961+0000] {dag.py:3490} INFO - Setting next_dagrun for first_dag to 2023-06-19T05:00:00+00:00, run_after=2023-06-19T06:00:00+00:00
[2023-06-19T06:23:21.987+0000] {processor.py:179} INFO - Processing /opt/airflow/dags/first_dag.py took 0.152 seconds
[2023-06-19T06:23:52.186+0000] {processor.py:157} INFO - Started process (PID=2454) to work on /opt/airflow/dags/first_dag.py
[2023-06-19T06:23:52.189+0000] {processor.py:826} INFO - Processing file /opt/airflow/dags/first_dag.py for tasks to queue
[2023-06-19T06:23:52.194+0000] {logging_mixin.py:149} INFO - [2023-06-19T06:23:52.194+0000] {dagbag.py:541} INFO - Filling up the DagBag from /opt/airflow/dags/first_dag.py
[2023-06-19T06:23:52.212+0000] {processor.py:836} INFO - DAG(s) dict_keys(['first_dag']) retrieved from /opt/airflow/dags/first_dag.py
[2023-06-19T06:23:52.256+0000] {logging_mixin.py:149} INFO - [2023-06-19T06:23:52.256+0000] {dag.py:2726} INFO - Sync 1 DAGs
[2023-06-19T06:23:52.301+0000] {logging_mixin.py:149} INFO - [2023-06-19T06:23:52.301+0000] {dag.py:3490} INFO - Setting next_dagrun for first_dag to 2023-06-19T05:00:00+00:00, run_after=2023-06-19T06:00:00+00:00
[2023-06-19T06:23:52.329+0000] {processor.py:179} INFO - Processing /opt/airflow/dags/first_dag.py took 0.149 seconds
[2023-06-19T06:24:22.541+0000] {processor.py:157} INFO - Started process (PID=2473) to work on /opt/airflow/dags/first_dag.py
[2023-06-19T06:24:22.552+0000] {processor.py:826} INFO - Processing file /opt/airflow/dags/first_dag.py for tasks to queue
[2023-06-19T06:24:22.558+0000] {logging_mixin.py:149} INFO - [2023-06-19T06:24:22.558+0000] {dagbag.py:541} INFO - Filling up the DagBag from /opt/airflow/dags/first_dag.py
[2023-06-19T06:24:22.583+0000] {processor.py:836} INFO - DAG(s) dict_keys(['first_dag']) retrieved from /opt/airflow/dags/first_dag.py
[2023-06-19T06:24:22.634+0000] {logging_mixin.py:149} INFO - [2023-06-19T06:24:22.633+0000] {dag.py:2726} INFO - Sync 1 DAGs
[2023-06-19T06:24:22.690+0000] {logging_mixin.py:149} INFO - [2023-06-19T06:24:22.690+0000] {dag.py:3490} INFO - Setting next_dagrun for first_dag to 2023-06-19T05:00:00+00:00, run_after=2023-06-19T06:00:00+00:00
[2023-06-19T06:24:22.726+0000] {processor.py:179} INFO - Processing /opt/airflow/dags/first_dag.py took 0.193 seconds
[2023-06-19T06:24:52.944+0000] {processor.py:157} INFO - Started process (PID=2493) to work on /opt/airflow/dags/first_dag.py
[2023-06-19T06:24:52.947+0000] {processor.py:826} INFO - Processing file /opt/airflow/dags/first_dag.py for tasks to queue
[2023-06-19T06:24:52.952+0000] {logging_mixin.py:149} INFO - [2023-06-19T06:24:52.951+0000] {dagbag.py:541} INFO - Filling up the DagBag from /opt/airflow/dags/first_dag.py
[2023-06-19T06:24:52.970+0000] {processor.py:836} INFO - DAG(s) dict_keys(['first_dag']) retrieved from /opt/airflow/dags/first_dag.py
[2023-06-19T06:24:53.015+0000] {logging_mixin.py:149} INFO - [2023-06-19T06:24:53.014+0000] {dag.py:2726} INFO - Sync 1 DAGs
[2023-06-19T06:24:53.058+0000] {logging_mixin.py:149} INFO - [2023-06-19T06:24:53.058+0000] {dag.py:3490} INFO - Setting next_dagrun for first_dag to 2023-06-19T05:00:00+00:00, run_after=2023-06-19T06:00:00+00:00
[2023-06-19T06:24:53.085+0000] {processor.py:179} INFO - Processing /opt/airflow/dags/first_dag.py took 0.147 seconds
[2023-06-19T06:25:23.277+0000] {processor.py:157} INFO - Started process (PID=2512) to work on /opt/airflow/dags/first_dag.py
[2023-06-19T06:25:23.278+0000] {processor.py:826} INFO - Processing file /opt/airflow/dags/first_dag.py for tasks to queue
[2023-06-19T06:25:23.283+0000] {logging_mixin.py:149} INFO - [2023-06-19T06:25:23.282+0000] {dagbag.py:541} INFO - Filling up the DagBag from /opt/airflow/dags/first_dag.py
[2023-06-19T06:25:23.301+0000] {processor.py:836} INFO - DAG(s) dict_keys(['first_dag']) retrieved from /opt/airflow/dags/first_dag.py
[2023-06-19T06:25:23.356+0000] {logging_mixin.py:149} INFO - [2023-06-19T06:25:23.355+0000] {dag.py:2726} INFO - Sync 1 DAGs
[2023-06-19T06:25:23.402+0000] {logging_mixin.py:149} INFO - [2023-06-19T06:25:23.402+0000] {dag.py:3490} INFO - Setting next_dagrun for first_dag to 2023-06-19T05:00:00+00:00, run_after=2023-06-19T06:00:00+00:00
[2023-06-19T06:25:23.428+0000] {processor.py:179} INFO - Processing /opt/airflow/dags/first_dag.py took 0.158 seconds
[2023-06-19T06:25:53.625+0000] {processor.py:157} INFO - Started process (PID=2531) to work on /opt/airflow/dags/first_dag.py
[2023-06-19T06:25:53.633+0000] {processor.py:826} INFO - Processing file /opt/airflow/dags/first_dag.py for tasks to queue
[2023-06-19T06:25:53.638+0000] {logging_mixin.py:149} INFO - [2023-06-19T06:25:53.638+0000] {dagbag.py:541} INFO - Filling up the DagBag from /opt/airflow/dags/first_dag.py
[2023-06-19T06:25:53.657+0000] {processor.py:836} INFO - DAG(s) dict_keys(['first_dag']) retrieved from /opt/airflow/dags/first_dag.py
[2023-06-19T06:25:53.703+0000] {logging_mixin.py:149} INFO - [2023-06-19T06:25:53.702+0000] {dag.py:2726} INFO - Sync 1 DAGs
[2023-06-19T06:25:53.748+0000] {logging_mixin.py:149} INFO - [2023-06-19T06:25:53.747+0000] {dag.py:3490} INFO - Setting next_dagrun for first_dag to 2023-06-19T05:00:00+00:00, run_after=2023-06-19T06:00:00+00:00
[2023-06-19T06:25:53.775+0000] {processor.py:179} INFO - Processing /opt/airflow/dags/first_dag.py took 0.156 seconds
[2023-06-19T06:26:23.975+0000] {processor.py:157} INFO - Started process (PID=2550) to work on /opt/airflow/dags/first_dag.py
[2023-06-19T06:26:23.978+0000] {processor.py:826} INFO - Processing file /opt/airflow/dags/first_dag.py for tasks to queue
[2023-06-19T06:26:23.983+0000] {logging_mixin.py:149} INFO - [2023-06-19T06:26:23.982+0000] {dagbag.py:541} INFO - Filling up the DagBag from /opt/airflow/dags/first_dag.py
[2023-06-19T06:26:24.001+0000] {processor.py:836} INFO - DAG(s) dict_keys(['first_dag']) retrieved from /opt/airflow/dags/first_dag.py
[2023-06-19T06:26:24.046+0000] {logging_mixin.py:149} INFO - [2023-06-19T06:26:24.045+0000] {dag.py:2726} INFO - Sync 1 DAGs
[2023-06-19T06:26:24.088+0000] {logging_mixin.py:149} INFO - [2023-06-19T06:26:24.088+0000] {dag.py:3490} INFO - Setting next_dagrun for first_dag to 2023-06-19T05:00:00+00:00, run_after=2023-06-19T06:00:00+00:00
[2023-06-19T06:26:24.114+0000] {processor.py:179} INFO - Processing /opt/airflow/dags/first_dag.py took 0.146 seconds
[2023-06-19T06:26:54.308+0000] {processor.py:157} INFO - Started process (PID=2569) to work on /opt/airflow/dags/first_dag.py
[2023-06-19T06:26:54.318+0000] {processor.py:826} INFO - Processing file /opt/airflow/dags/first_dag.py for tasks to queue
[2023-06-19T06:26:54.323+0000] {logging_mixin.py:149} INFO - [2023-06-19T06:26:54.322+0000] {dagbag.py:541} INFO - Filling up the DagBag from /opt/airflow/dags/first_dag.py
[2023-06-19T06:26:54.341+0000] {processor.py:836} INFO - DAG(s) dict_keys(['first_dag']) retrieved from /opt/airflow/dags/first_dag.py
[2023-06-19T06:26:54.385+0000] {logging_mixin.py:149} INFO - [2023-06-19T06:26:54.384+0000] {dag.py:2726} INFO - Sync 1 DAGs
[2023-06-19T06:26:54.429+0000] {logging_mixin.py:149} INFO - [2023-06-19T06:26:54.428+0000] {dag.py:3490} INFO - Setting next_dagrun for first_dag to 2023-06-19T05:00:00+00:00, run_after=2023-06-19T06:00:00+00:00
[2023-06-19T06:26:54.455+0000] {processor.py:179} INFO - Processing /opt/airflow/dags/first_dag.py took 0.154 seconds
[2023-06-19T06:27:24.654+0000] {processor.py:157} INFO - Started process (PID=2588) to work on /opt/airflow/dags/first_dag.py
[2023-06-19T06:27:24.655+0000] {processor.py:826} INFO - Processing file /opt/airflow/dags/first_dag.py for tasks to queue
[2023-06-19T06:27:24.659+0000] {logging_mixin.py:149} INFO - [2023-06-19T06:27:24.658+0000] {dagbag.py:541} INFO - Filling up the DagBag from /opt/airflow/dags/first_dag.py
[2023-06-19T06:27:24.677+0000] {processor.py:836} INFO - DAG(s) dict_keys(['first_dag']) retrieved from /opt/airflow/dags/first_dag.py
[2023-06-19T06:27:24.720+0000] {logging_mixin.py:149} INFO - [2023-06-19T06:27:24.720+0000] {dag.py:2726} INFO - Sync 1 DAGs
[2023-06-19T06:27:24.764+0000] {logging_mixin.py:149} INFO - [2023-06-19T06:27:24.764+0000] {dag.py:3490} INFO - Setting next_dagrun for first_dag to 2023-06-19T05:00:00+00:00, run_after=2023-06-19T06:00:00+00:00
[2023-06-19T06:27:24.792+0000] {processor.py:179} INFO - Processing /opt/airflow/dags/first_dag.py took 0.144 seconds
[2023-06-19T06:27:54.989+0000] {processor.py:157} INFO - Started process (PID=2607) to work on /opt/airflow/dags/first_dag.py
[2023-06-19T06:27:54.992+0000] {processor.py:826} INFO - Processing file /opt/airflow/dags/first_dag.py for tasks to queue
[2023-06-19T06:27:54.996+0000] {logging_mixin.py:149} INFO - [2023-06-19T06:27:54.995+0000] {dagbag.py:541} INFO - Filling up the DagBag from /opt/airflow/dags/first_dag.py
[2023-06-19T06:27:55.016+0000] {processor.py:836} INFO - DAG(s) dict_keys(['first_dag']) retrieved from /opt/airflow/dags/first_dag.py
[2023-06-19T06:27:55.061+0000] {logging_mixin.py:149} INFO - [2023-06-19T06:27:55.060+0000] {dag.py:2726} INFO - Sync 1 DAGs
[2023-06-19T06:27:55.106+0000] {logging_mixin.py:149} INFO - [2023-06-19T06:27:55.105+0000] {dag.py:3490} INFO - Setting next_dagrun for first_dag to 2023-06-19T05:00:00+00:00, run_after=2023-06-19T06:00:00+00:00
[2023-06-19T06:27:55.135+0000] {processor.py:179} INFO - Processing /opt/airflow/dags/first_dag.py took 0.153 seconds
[2023-06-19T06:28:25.324+0000] {processor.py:157} INFO - Started process (PID=2627) to work on /opt/airflow/dags/first_dag.py
[2023-06-19T06:28:25.326+0000] {processor.py:826} INFO - Processing file /opt/airflow/dags/first_dag.py for tasks to queue
[2023-06-19T06:28:25.329+0000] {logging_mixin.py:149} INFO - [2023-06-19T06:28:25.329+0000] {dagbag.py:541} INFO - Filling up the DagBag from /opt/airflow/dags/first_dag.py
[2023-06-19T06:28:25.348+0000] {processor.py:836} INFO - DAG(s) dict_keys(['first_dag']) retrieved from /opt/airflow/dags/first_dag.py
[2023-06-19T06:28:25.392+0000] {logging_mixin.py:149} INFO - [2023-06-19T06:28:25.391+0000] {dag.py:2726} INFO - Sync 1 DAGs
[2023-06-19T06:28:25.434+0000] {logging_mixin.py:149} INFO - [2023-06-19T06:28:25.434+0000] {dag.py:3490} INFO - Setting next_dagrun for first_dag to 2023-06-19T05:00:00+00:00, run_after=2023-06-19T06:00:00+00:00
[2023-06-19T06:28:25.461+0000] {processor.py:179} INFO - Processing /opt/airflow/dags/first_dag.py took 0.143 seconds
[2023-06-19T06:28:55.654+0000] {processor.py:157} INFO - Started process (PID=2646) to work on /opt/airflow/dags/first_dag.py
[2023-06-19T06:28:55.657+0000] {processor.py:826} INFO - Processing file /opt/airflow/dags/first_dag.py for tasks to queue
[2023-06-19T06:28:55.661+0000] {logging_mixin.py:149} INFO - [2023-06-19T06:28:55.661+0000] {dagbag.py:541} INFO - Filling up the DagBag from /opt/airflow/dags/first_dag.py
[2023-06-19T06:28:55.680+0000] {processor.py:836} INFO - DAG(s) dict_keys(['first_dag']) retrieved from /opt/airflow/dags/first_dag.py
[2023-06-19T06:28:55.725+0000] {logging_mixin.py:149} INFO - [2023-06-19T06:28:55.724+0000] {dag.py:2726} INFO - Sync 1 DAGs
[2023-06-19T06:28:55.768+0000] {logging_mixin.py:149} INFO - [2023-06-19T06:28:55.768+0000] {dag.py:3490} INFO - Setting next_dagrun for first_dag to 2023-06-19T05:00:00+00:00, run_after=2023-06-19T06:00:00+00:00
[2023-06-19T06:28:55.796+0000] {processor.py:179} INFO - Processing /opt/airflow/dags/first_dag.py took 0.148 seconds
[2023-06-19T06:29:25.982+0000] {processor.py:157} INFO - Started process (PID=2666) to work on /opt/airflow/dags/first_dag.py
[2023-06-19T06:29:25.984+0000] {processor.py:826} INFO - Processing file /opt/airflow/dags/first_dag.py for tasks to queue
[2023-06-19T06:29:25.987+0000] {logging_mixin.py:149} INFO - [2023-06-19T06:29:25.987+0000] {dagbag.py:541} INFO - Filling up the DagBag from /opt/airflow/dags/first_dag.py
[2023-06-19T06:29:26.006+0000] {processor.py:836} INFO - DAG(s) dict_keys(['first_dag']) retrieved from /opt/airflow/dags/first_dag.py
[2023-06-19T06:29:26.049+0000] {logging_mixin.py:149} INFO - [2023-06-19T06:29:26.049+0000] {dag.py:2726} INFO - Sync 1 DAGs
[2023-06-19T06:29:26.094+0000] {logging_mixin.py:149} INFO - [2023-06-19T06:29:26.094+0000] {dag.py:3490} INFO - Setting next_dagrun for first_dag to 2023-06-19T05:00:00+00:00, run_after=2023-06-19T06:00:00+00:00
[2023-06-19T06:29:26.121+0000] {processor.py:179} INFO - Processing /opt/airflow/dags/first_dag.py took 0.145 seconds
[2023-06-19T06:29:56.324+0000] {processor.py:157} INFO - Started process (PID=2685) to work on /opt/airflow/dags/first_dag.py
[2023-06-19T06:29:56.326+0000] {processor.py:826} INFO - Processing file /opt/airflow/dags/first_dag.py for tasks to queue
[2023-06-19T06:29:56.330+0000] {logging_mixin.py:149} INFO - [2023-06-19T06:29:56.330+0000] {dagbag.py:541} INFO - Filling up the DagBag from /opt/airflow/dags/first_dag.py
[2023-06-19T06:29:56.349+0000] {processor.py:836} INFO - DAG(s) dict_keys(['first_dag']) retrieved from /opt/airflow/dags/first_dag.py
[2023-06-19T06:29:56.391+0000] {logging_mixin.py:149} INFO - [2023-06-19T06:29:56.391+0000] {dag.py:2726} INFO - Sync 1 DAGs
[2023-06-19T06:29:56.434+0000] {logging_mixin.py:149} INFO - [2023-06-19T06:29:56.434+0000] {dag.py:3490} INFO - Setting next_dagrun for first_dag to 2023-06-19T05:00:00+00:00, run_after=2023-06-19T06:00:00+00:00
[2023-06-19T06:29:56.459+0000] {processor.py:179} INFO - Processing /opt/airflow/dags/first_dag.py took 0.142 seconds
[2023-06-19T06:30:26.654+0000] {processor.py:157} INFO - Started process (PID=2704) to work on /opt/airflow/dags/first_dag.py
[2023-06-19T06:30:26.656+0000] {processor.py:826} INFO - Processing file /opt/airflow/dags/first_dag.py for tasks to queue
[2023-06-19T06:30:26.661+0000] {logging_mixin.py:149} INFO - [2023-06-19T06:30:26.661+0000] {dagbag.py:541} INFO - Filling up the DagBag from /opt/airflow/dags/first_dag.py
[2023-06-19T06:30:26.687+0000] {processor.py:836} INFO - DAG(s) dict_keys(['first_dag']) retrieved from /opt/airflow/dags/first_dag.py
[2023-06-19T06:30:26.733+0000] {logging_mixin.py:149} INFO - [2023-06-19T06:30:26.732+0000] {dag.py:2726} INFO - Sync 1 DAGs
[2023-06-19T06:30:26.778+0000] {logging_mixin.py:149} INFO - [2023-06-19T06:30:26.778+0000] {dag.py:3490} INFO - Setting next_dagrun for first_dag to 2023-06-19T05:00:00+00:00, run_after=2023-06-19T06:00:00+00:00
[2023-06-19T06:30:26.806+0000] {processor.py:179} INFO - Processing /opt/airflow/dags/first_dag.py took 0.159 seconds
[2023-06-19T06:30:57.003+0000] {processor.py:157} INFO - Started process (PID=2723) to work on /opt/airflow/dags/first_dag.py
[2023-06-19T06:30:57.012+0000] {processor.py:826} INFO - Processing file /opt/airflow/dags/first_dag.py for tasks to queue
[2023-06-19T06:30:57.015+0000] {logging_mixin.py:149} INFO - [2023-06-19T06:30:57.015+0000] {dagbag.py:541} INFO - Filling up the DagBag from /opt/airflow/dags/first_dag.py
[2023-06-19T06:30:57.035+0000] {processor.py:836} INFO - DAG(s) dict_keys(['first_dag']) retrieved from /opt/airflow/dags/first_dag.py
[2023-06-19T06:30:57.078+0000] {logging_mixin.py:149} INFO - [2023-06-19T06:30:57.077+0000] {dag.py:2726} INFO - Sync 1 DAGs
[2023-06-19T06:30:57.122+0000] {logging_mixin.py:149} INFO - [2023-06-19T06:30:57.121+0000] {dag.py:3490} INFO - Setting next_dagrun for first_dag to 2023-06-19T05:00:00+00:00, run_after=2023-06-19T06:00:00+00:00
[2023-06-19T06:30:57.150+0000] {processor.py:179} INFO - Processing /opt/airflow/dags/first_dag.py took 0.154 seconds
[2023-06-19T06:31:27.382+0000] {processor.py:157} INFO - Started process (PID=2741) to work on /opt/airflow/dags/first_dag.py
[2023-06-19T06:31:27.384+0000] {processor.py:826} INFO - Processing file /opt/airflow/dags/first_dag.py for tasks to queue
[2023-06-19T06:31:27.388+0000] {logging_mixin.py:149} INFO - [2023-06-19T06:31:27.388+0000] {dagbag.py:541} INFO - Filling up the DagBag from /opt/airflow/dags/first_dag.py
[2023-06-19T06:31:27.414+0000] {processor.py:836} INFO - DAG(s) dict_keys(['first_dag']) retrieved from /opt/airflow/dags/first_dag.py
[2023-06-19T06:31:27.490+0000] {logging_mixin.py:149} INFO - [2023-06-19T06:31:27.489+0000] {dag.py:2726} INFO - Sync 1 DAGs
[2023-06-19T06:31:27.559+0000] {logging_mixin.py:149} INFO - [2023-06-19T06:31:27.559+0000] {dag.py:3490} INFO - Setting next_dagrun for first_dag to 2023-06-19T05:00:00+00:00, run_after=2023-06-19T06:00:00+00:00
[2023-06-19T06:31:27.606+0000] {processor.py:179} INFO - Processing /opt/airflow/dags/first_dag.py took 0.242 seconds
