[2023-06-19T05:38:42.882+0000] {processor.py:157} INFO - Started process (PID=166) to work on /opt/airflow/dags/stock_data_to_gcp.py
[2023-06-19T05:38:42.885+0000] {processor.py:826} INFO - Processing file /opt/airflow/dags/stock_data_to_gcp.py for tasks to queue
[2023-06-19T05:38:42.890+0000] {logging_mixin.py:149} INFO - [2023-06-19T05:38:42.890+0000] {dagbag.py:541} INFO - Filling up the DagBag from /opt/airflow/dags/stock_data_to_gcp.py
[2023-06-19T05:38:43.683+0000] {processor.py:836} INFO - DAG(s) dict_keys(['data_ingestion_gcs_dag']) retrieved from /opt/airflow/dags/stock_data_to_gcp.py
[2023-06-19T05:38:43.949+0000] {logging_mixin.py:149} INFO - [2023-06-19T05:38:43.949+0000] {manager.py:504} INFO - Created Permission View: can edit on DAG:data_ingestion_gcs_dag
[2023-06-19T05:38:43.969+0000] {logging_mixin.py:149} INFO - [2023-06-19T05:38:43.969+0000] {manager.py:504} INFO - Created Permission View: can delete on DAG:data_ingestion_gcs_dag
[2023-06-19T05:38:43.982+0000] {logging_mixin.py:149} INFO - [2023-06-19T05:38:43.981+0000] {manager.py:504} INFO - Created Permission View: can read on DAG:data_ingestion_gcs_dag
[2023-06-19T05:38:43.983+0000] {logging_mixin.py:149} INFO - [2023-06-19T05:38:43.982+0000] {dag.py:2726} INFO - Sync 1 DAGs
[2023-06-19T05:38:44.018+0000] {logging_mixin.py:149} INFO - [2023-06-19T05:38:44.014+0000] {dag.py:2747} INFO - Creating ORM DAG for data_ingestion_gcs_dag
[2023-06-19T05:38:44.049+0000] {logging_mixin.py:149} INFO - [2023-06-19T05:38:44.049+0000] {dag.py:3490} INFO - Setting next_dagrun for data_ingestion_gcs_dag to 2023-06-19T04:00:00+00:00, run_after=2023-06-19T05:00:00+00:00
[2023-06-19T05:38:44.083+0000] {processor.py:179} INFO - Processing /opt/airflow/dags/stock_data_to_gcp.py took 1.210 seconds
[2023-06-19T05:39:14.258+0000] {processor.py:157} INFO - Started process (PID=187) to work on /opt/airflow/dags/stock_data_to_gcp.py
[2023-06-19T05:39:14.261+0000] {processor.py:826} INFO - Processing file /opt/airflow/dags/stock_data_to_gcp.py for tasks to queue
[2023-06-19T05:39:14.265+0000] {logging_mixin.py:149} INFO - [2023-06-19T05:39:14.265+0000] {dagbag.py:541} INFO - Filling up the DagBag from /opt/airflow/dags/stock_data_to_gcp.py
[2023-06-19T05:39:14.604+0000] {processor.py:836} INFO - DAG(s) dict_keys(['data_ingestion_gcs_dag']) retrieved from /opt/airflow/dags/stock_data_to_gcp.py
[2023-06-19T05:39:14.648+0000] {logging_mixin.py:149} INFO - [2023-06-19T05:39:14.647+0000] {dag.py:2726} INFO - Sync 1 DAGs
[2023-06-19T05:39:14.698+0000] {logging_mixin.py:149} INFO - [2023-06-19T05:39:14.697+0000] {dag.py:3490} INFO - Setting next_dagrun for data_ingestion_gcs_dag to 2023-06-19T04:00:00+00:00, run_after=2023-06-19T05:00:00+00:00
[2023-06-19T05:39:14.734+0000] {processor.py:179} INFO - Processing /opt/airflow/dags/stock_data_to_gcp.py took 0.482 seconds
[2023-06-19T05:39:45.503+0000] {processor.py:157} INFO - Started process (PID=209) to work on /opt/airflow/dags/stock_data_to_gcp.py
[2023-06-19T05:39:45.505+0000] {processor.py:826} INFO - Processing file /opt/airflow/dags/stock_data_to_gcp.py for tasks to queue
[2023-06-19T05:39:45.508+0000] {logging_mixin.py:149} INFO - [2023-06-19T05:39:45.508+0000] {dagbag.py:541} INFO - Filling up the DagBag from /opt/airflow/dags/stock_data_to_gcp.py
[2023-06-19T05:39:45.859+0000] {processor.py:836} INFO - DAG(s) dict_keys(['data_ingestion_gcs_dag']) retrieved from /opt/airflow/dags/stock_data_to_gcp.py
[2023-06-19T05:39:45.914+0000] {logging_mixin.py:149} INFO - [2023-06-19T05:39:45.913+0000] {dag.py:2726} INFO - Sync 1 DAGs
[2023-06-19T05:39:45.992+0000] {processor.py:179} INFO - Processing /opt/airflow/dags/stock_data_to_gcp.py took 0.495 seconds
[2023-06-19T05:40:16.856+0000] {processor.py:157} INFO - Started process (PID=243) to work on /opt/airflow/dags/stock_data_to_gcp.py
[2023-06-19T05:40:16.859+0000] {processor.py:826} INFO - Processing file /opt/airflow/dags/stock_data_to_gcp.py for tasks to queue
[2023-06-19T05:40:16.863+0000] {logging_mixin.py:149} INFO - [2023-06-19T05:40:16.863+0000] {dagbag.py:541} INFO - Filling up the DagBag from /opt/airflow/dags/stock_data_to_gcp.py
[2023-06-19T05:40:17.167+0000] {processor.py:836} INFO - DAG(s) dict_keys(['data_ingestion_gcs_dag']) retrieved from /opt/airflow/dags/stock_data_to_gcp.py
[2023-06-19T05:40:17.207+0000] {logging_mixin.py:149} INFO - [2023-06-19T05:40:17.207+0000] {dag.py:2726} INFO - Sync 1 DAGs
[2023-06-19T05:40:17.275+0000] {processor.py:179} INFO - Processing /opt/airflow/dags/stock_data_to_gcp.py took 0.425 seconds
[2023-06-19T05:40:47.368+0000] {processor.py:157} INFO - Started process (PID=262) to work on /opt/airflow/dags/stock_data_to_gcp.py
[2023-06-19T05:40:47.370+0000] {processor.py:826} INFO - Processing file /opt/airflow/dags/stock_data_to_gcp.py for tasks to queue
[2023-06-19T05:40:47.374+0000] {logging_mixin.py:149} INFO - [2023-06-19T05:40:47.373+0000] {dagbag.py:541} INFO - Filling up the DagBag from /opt/airflow/dags/stock_data_to_gcp.py
[2023-06-19T05:40:47.677+0000] {processor.py:836} INFO - DAG(s) dict_keys(['data_ingestion_gcs_dag']) retrieved from /opt/airflow/dags/stock_data_to_gcp.py
[2023-06-19T05:40:47.721+0000] {logging_mixin.py:149} INFO - [2023-06-19T05:40:47.720+0000] {dag.py:2726} INFO - Sync 1 DAGs
[2023-06-19T05:40:47.793+0000] {processor.py:179} INFO - Processing /opt/airflow/dags/stock_data_to_gcp.py took 0.431 seconds
[2023-06-19T05:41:18.532+0000] {processor.py:157} INFO - Started process (PID=281) to work on /opt/airflow/dags/stock_data_to_gcp.py
[2023-06-19T05:41:18.535+0000] {processor.py:826} INFO - Processing file /opt/airflow/dags/stock_data_to_gcp.py for tasks to queue
[2023-06-19T05:41:18.538+0000] {logging_mixin.py:149} INFO - [2023-06-19T05:41:18.538+0000] {dagbag.py:541} INFO - Filling up the DagBag from /opt/airflow/dags/stock_data_to_gcp.py
[2023-06-19T05:41:18.837+0000] {processor.py:836} INFO - DAG(s) dict_keys(['data_ingestion_gcs_dag']) retrieved from /opt/airflow/dags/stock_data_to_gcp.py
[2023-06-19T05:41:18.881+0000] {logging_mixin.py:149} INFO - [2023-06-19T05:41:18.880+0000] {dag.py:2726} INFO - Sync 1 DAGs
[2023-06-19T05:41:18.950+0000] {processor.py:179} INFO - Processing /opt/airflow/dags/stock_data_to_gcp.py took 0.423 seconds
[2023-06-19T05:41:49.063+0000] {processor.py:157} INFO - Started process (PID=300) to work on /opt/airflow/dags/stock_data_to_gcp.py
[2023-06-19T05:41:49.064+0000] {processor.py:826} INFO - Processing file /opt/airflow/dags/stock_data_to_gcp.py for tasks to queue
[2023-06-19T05:41:49.067+0000] {logging_mixin.py:149} INFO - [2023-06-19T05:41:49.067+0000] {dagbag.py:541} INFO - Filling up the DagBag from /opt/airflow/dags/stock_data_to_gcp.py
[2023-06-19T05:41:49.358+0000] {processor.py:836} INFO - DAG(s) dict_keys(['data_ingestion_gcs_dag']) retrieved from /opt/airflow/dags/stock_data_to_gcp.py
[2023-06-19T05:41:49.399+0000] {logging_mixin.py:149} INFO - [2023-06-19T05:41:49.399+0000] {dag.py:2726} INFO - Sync 1 DAGs
[2023-06-19T05:41:49.464+0000] {processor.py:179} INFO - Processing /opt/airflow/dags/stock_data_to_gcp.py took 0.407 seconds
[2023-06-19T05:42:20.226+0000] {processor.py:157} INFO - Started process (PID=319) to work on /opt/airflow/dags/stock_data_to_gcp.py
[2023-06-19T05:42:20.233+0000] {processor.py:826} INFO - Processing file /opt/airflow/dags/stock_data_to_gcp.py for tasks to queue
[2023-06-19T05:42:20.237+0000] {logging_mixin.py:149} INFO - [2023-06-19T05:42:20.237+0000] {dagbag.py:541} INFO - Filling up the DagBag from /opt/airflow/dags/stock_data_to_gcp.py
[2023-06-19T05:42:20.601+0000] {processor.py:836} INFO - DAG(s) dict_keys(['data_ingestion_gcs_dag']) retrieved from /opt/airflow/dags/stock_data_to_gcp.py
[2023-06-19T05:42:20.648+0000] {logging_mixin.py:149} INFO - [2023-06-19T05:42:20.647+0000] {dag.py:2726} INFO - Sync 1 DAGs
[2023-06-19T05:42:20.740+0000] {processor.py:179} INFO - Processing /opt/airflow/dags/stock_data_to_gcp.py took 0.521 seconds
[2023-06-19T05:42:51.551+0000] {processor.py:157} INFO - Started process (PID=345) to work on /opt/airflow/dags/stock_data_to_gcp.py
[2023-06-19T05:42:51.553+0000] {processor.py:826} INFO - Processing file /opt/airflow/dags/stock_data_to_gcp.py for tasks to queue
[2023-06-19T05:42:51.556+0000] {logging_mixin.py:149} INFO - [2023-06-19T05:42:51.556+0000] {dagbag.py:541} INFO - Filling up the DagBag from /opt/airflow/dags/stock_data_to_gcp.py
[2023-06-19T05:42:51.857+0000] {processor.py:836} INFO - DAG(s) dict_keys(['data_ingestion_gcs_dag']) retrieved from /opt/airflow/dags/stock_data_to_gcp.py
[2023-06-19T05:42:51.896+0000] {logging_mixin.py:149} INFO - [2023-06-19T05:42:51.895+0000] {dag.py:2726} INFO - Sync 1 DAGs
[2023-06-19T05:42:51.962+0000] {processor.py:179} INFO - Processing /opt/airflow/dags/stock_data_to_gcp.py took 0.417 seconds
[2023-06-19T05:43:22.043+0000] {processor.py:157} INFO - Started process (PID=365) to work on /opt/airflow/dags/stock_data_to_gcp.py
[2023-06-19T05:43:22.050+0000] {processor.py:826} INFO - Processing file /opt/airflow/dags/stock_data_to_gcp.py for tasks to queue
[2023-06-19T05:43:22.053+0000] {logging_mixin.py:149} INFO - [2023-06-19T05:43:22.053+0000] {dagbag.py:541} INFO - Filling up the DagBag from /opt/airflow/dags/stock_data_to_gcp.py
[2023-06-19T05:43:22.352+0000] {processor.py:836} INFO - DAG(s) dict_keys(['data_ingestion_gcs_dag']) retrieved from /opt/airflow/dags/stock_data_to_gcp.py
[2023-06-19T05:43:22.392+0000] {logging_mixin.py:149} INFO - [2023-06-19T05:43:22.391+0000] {dag.py:2726} INFO - Sync 1 DAGs
[2023-06-19T05:43:22.457+0000] {processor.py:179} INFO - Processing /opt/airflow/dags/stock_data_to_gcp.py took 0.419 seconds
[2023-06-19T05:43:53.208+0000] {processor.py:157} INFO - Started process (PID=385) to work on /opt/airflow/dags/stock_data_to_gcp.py
[2023-06-19T05:43:53.210+0000] {processor.py:826} INFO - Processing file /opt/airflow/dags/stock_data_to_gcp.py for tasks to queue
[2023-06-19T05:43:53.213+0000] {logging_mixin.py:149} INFO - [2023-06-19T05:43:53.213+0000] {dagbag.py:541} INFO - Filling up the DagBag from /opt/airflow/dags/stock_data_to_gcp.py
[2023-06-19T05:43:53.505+0000] {processor.py:836} INFO - DAG(s) dict_keys(['data_ingestion_gcs_dag']) retrieved from /opt/airflow/dags/stock_data_to_gcp.py
[2023-06-19T05:43:53.545+0000] {logging_mixin.py:149} INFO - [2023-06-19T05:43:53.544+0000] {dag.py:2726} INFO - Sync 1 DAGs
[2023-06-19T05:43:53.608+0000] {processor.py:179} INFO - Processing /opt/airflow/dags/stock_data_to_gcp.py took 0.406 seconds
[2023-06-19T05:44:23.699+0000] {processor.py:157} INFO - Started process (PID=404) to work on /opt/airflow/dags/stock_data_to_gcp.py
[2023-06-19T05:44:23.702+0000] {processor.py:826} INFO - Processing file /opt/airflow/dags/stock_data_to_gcp.py for tasks to queue
[2023-06-19T05:44:23.705+0000] {logging_mixin.py:149} INFO - [2023-06-19T05:44:23.705+0000] {dagbag.py:541} INFO - Filling up the DagBag from /opt/airflow/dags/stock_data_to_gcp.py
[2023-06-19T05:44:24.032+0000] {processor.py:836} INFO - DAG(s) dict_keys(['data_ingestion_gcs_dag']) retrieved from /opt/airflow/dags/stock_data_to_gcp.py
[2023-06-19T05:44:24.073+0000] {logging_mixin.py:149} INFO - [2023-06-19T05:44:24.072+0000] {dag.py:2726} INFO - Sync 1 DAGs
[2023-06-19T05:44:24.138+0000] {processor.py:179} INFO - Processing /opt/airflow/dags/stock_data_to_gcp.py took 0.445 seconds
[2023-06-19T05:44:32.754+0000] {processor.py:157} INFO - Started process (PID=411) to work on /opt/airflow/dags/stock_data_to_gcp.py
[2023-06-19T05:44:32.756+0000] {processor.py:826} INFO - Processing file /opt/airflow/dags/stock_data_to_gcp.py for tasks to queue
[2023-06-19T05:44:32.759+0000] {logging_mixin.py:149} INFO - [2023-06-19T05:44:32.759+0000] {dagbag.py:541} INFO - Filling up the DagBag from /opt/airflow/dags/stock_data_to_gcp.py
[2023-06-19T05:44:33.061+0000] {processor.py:836} INFO - DAG(s) dict_keys(['data_ingestion_gcs_dag']) retrieved from /opt/airflow/dags/stock_data_to_gcp.py
[2023-06-19T05:44:33.103+0000] {logging_mixin.py:149} INFO - [2023-06-19T05:44:33.102+0000] {dag.py:2726} INFO - Sync 1 DAGs
[2023-06-19T05:44:33.173+0000] {processor.py:179} INFO - Processing /opt/airflow/dags/stock_data_to_gcp.py took 0.426 seconds
[2023-06-19T05:45:03.924+0000] {processor.py:157} INFO - Started process (PID=438) to work on /opt/airflow/dags/stock_data_to_gcp.py
[2023-06-19T05:45:03.926+0000] {processor.py:826} INFO - Processing file /opt/airflow/dags/stock_data_to_gcp.py for tasks to queue
[2023-06-19T05:45:03.930+0000] {logging_mixin.py:149} INFO - [2023-06-19T05:45:03.929+0000] {dagbag.py:541} INFO - Filling up the DagBag from /opt/airflow/dags/stock_data_to_gcp.py
[2023-06-19T05:45:04.246+0000] {processor.py:836} INFO - DAG(s) dict_keys(['data_ingestion_gcs_dag']) retrieved from /opt/airflow/dags/stock_data_to_gcp.py
[2023-06-19T05:45:04.293+0000] {logging_mixin.py:149} INFO - [2023-06-19T05:45:04.292+0000] {dag.py:2726} INFO - Sync 1 DAGs
[2023-06-19T05:45:04.376+0000] {processor.py:179} INFO - Processing /opt/airflow/dags/stock_data_to_gcp.py took 0.459 seconds
[2023-06-19T05:45:34.452+0000] {processor.py:157} INFO - Started process (PID=457) to work on /opt/airflow/dags/stock_data_to_gcp.py
[2023-06-19T05:45:34.454+0000] {processor.py:826} INFO - Processing file /opt/airflow/dags/stock_data_to_gcp.py for tasks to queue
[2023-06-19T05:45:34.458+0000] {logging_mixin.py:149} INFO - [2023-06-19T05:45:34.458+0000] {dagbag.py:541} INFO - Filling up the DagBag from /opt/airflow/dags/stock_data_to_gcp.py
[2023-06-19T05:45:34.770+0000] {processor.py:836} INFO - DAG(s) dict_keys(['data_ingestion_gcs_dag']) retrieved from /opt/airflow/dags/stock_data_to_gcp.py
[2023-06-19T05:45:34.816+0000] {logging_mixin.py:149} INFO - [2023-06-19T05:45:34.815+0000] {dag.py:2726} INFO - Sync 1 DAGs
[2023-06-19T05:45:34.886+0000] {processor.py:179} INFO - Processing /opt/airflow/dags/stock_data_to_gcp.py took 0.440 seconds
[2023-06-19T05:46:05.631+0000] {processor.py:157} INFO - Started process (PID=476) to work on /opt/airflow/dags/stock_data_to_gcp.py
[2023-06-19T05:46:05.632+0000] {processor.py:826} INFO - Processing file /opt/airflow/dags/stock_data_to_gcp.py for tasks to queue
[2023-06-19T05:46:05.636+0000] {logging_mixin.py:149} INFO - [2023-06-19T05:46:05.636+0000] {dagbag.py:541} INFO - Filling up the DagBag from /opt/airflow/dags/stock_data_to_gcp.py
[2023-06-19T05:46:05.949+0000] {processor.py:836} INFO - DAG(s) dict_keys(['data_ingestion_gcs_dag']) retrieved from /opt/airflow/dags/stock_data_to_gcp.py
[2023-06-19T05:46:05.991+0000] {logging_mixin.py:149} INFO - [2023-06-19T05:46:05.990+0000] {dag.py:2726} INFO - Sync 1 DAGs
[2023-06-19T05:46:06.058+0000] {processor.py:179} INFO - Processing /opt/airflow/dags/stock_data_to_gcp.py took 0.433 seconds
[2023-06-19T05:46:36.111+0000] {processor.py:157} INFO - Started process (PID=496) to work on /opt/airflow/dags/stock_data_to_gcp.py
[2023-06-19T05:46:36.113+0000] {processor.py:826} INFO - Processing file /opt/airflow/dags/stock_data_to_gcp.py for tasks to queue
[2023-06-19T05:46:36.117+0000] {logging_mixin.py:149} INFO - [2023-06-19T05:46:36.116+0000] {dagbag.py:541} INFO - Filling up the DagBag from /opt/airflow/dags/stock_data_to_gcp.py
[2023-06-19T05:46:36.502+0000] {processor.py:836} INFO - DAG(s) dict_keys(['data_ingestion_gcs_dag']) retrieved from /opt/airflow/dags/stock_data_to_gcp.py
[2023-06-19T05:46:36.544+0000] {logging_mixin.py:149} INFO - [2023-06-19T05:46:36.543+0000] {dag.py:2726} INFO - Sync 1 DAGs
[2023-06-19T05:46:36.607+0000] {processor.py:179} INFO - Processing /opt/airflow/dags/stock_data_to_gcp.py took 0.502 seconds
[2023-06-19T05:47:07.277+0000] {processor.py:157} INFO - Started process (PID=514) to work on /opt/airflow/dags/stock_data_to_gcp.py
[2023-06-19T05:47:07.278+0000] {processor.py:826} INFO - Processing file /opt/airflow/dags/stock_data_to_gcp.py for tasks to queue
[2023-06-19T05:47:07.282+0000] {logging_mixin.py:149} INFO - [2023-06-19T05:47:07.281+0000] {dagbag.py:541} INFO - Filling up the DagBag from /opt/airflow/dags/stock_data_to_gcp.py
[2023-06-19T05:47:07.582+0000] {processor.py:836} INFO - DAG(s) dict_keys(['data_ingestion_gcs_dag']) retrieved from /opt/airflow/dags/stock_data_to_gcp.py
[2023-06-19T05:47:07.629+0000] {logging_mixin.py:149} INFO - [2023-06-19T05:47:07.628+0000] {dag.py:2726} INFO - Sync 1 DAGs
[2023-06-19T05:47:07.706+0000] {processor.py:179} INFO - Processing /opt/airflow/dags/stock_data_to_gcp.py took 0.435 seconds
[2023-06-19T05:47:37.746+0000] {processor.py:157} INFO - Started process (PID=534) to work on /opt/airflow/dags/stock_data_to_gcp.py
[2023-06-19T05:47:37.749+0000] {processor.py:826} INFO - Processing file /opt/airflow/dags/stock_data_to_gcp.py for tasks to queue
[2023-06-19T05:47:37.752+0000] {logging_mixin.py:149} INFO - [2023-06-19T05:47:37.752+0000] {dagbag.py:541} INFO - Filling up the DagBag from /opt/airflow/dags/stock_data_to_gcp.py
[2023-06-19T05:47:38.055+0000] {processor.py:836} INFO - DAG(s) dict_keys(['data_ingestion_gcs_dag']) retrieved from /opt/airflow/dags/stock_data_to_gcp.py
[2023-06-19T05:47:38.096+0000] {logging_mixin.py:149} INFO - [2023-06-19T05:47:38.095+0000] {dag.py:2726} INFO - Sync 1 DAGs
[2023-06-19T05:47:38.161+0000] {processor.py:179} INFO - Processing /opt/airflow/dags/stock_data_to_gcp.py took 0.421 seconds
[2023-06-19T05:48:08.913+0000] {processor.py:157} INFO - Started process (PID=553) to work on /opt/airflow/dags/stock_data_to_gcp.py
[2023-06-19T05:48:08.915+0000] {processor.py:826} INFO - Processing file /opt/airflow/dags/stock_data_to_gcp.py for tasks to queue
[2023-06-19T05:48:08.918+0000] {logging_mixin.py:149} INFO - [2023-06-19T05:48:08.918+0000] {dagbag.py:541} INFO - Filling up the DagBag from /opt/airflow/dags/stock_data_to_gcp.py
[2023-06-19T05:48:09.216+0000] {processor.py:836} INFO - DAG(s) dict_keys(['data_ingestion_gcs_dag']) retrieved from /opt/airflow/dags/stock_data_to_gcp.py
[2023-06-19T05:48:09.257+0000] {logging_mixin.py:149} INFO - [2023-06-19T05:48:09.257+0000] {dag.py:2726} INFO - Sync 1 DAGs
[2023-06-19T05:48:09.321+0000] {processor.py:179} INFO - Processing /opt/airflow/dags/stock_data_to_gcp.py took 0.414 seconds
[2023-06-19T05:48:39.383+0000] {processor.py:157} INFO - Started process (PID=572) to work on /opt/airflow/dags/stock_data_to_gcp.py
[2023-06-19T05:48:39.386+0000] {processor.py:826} INFO - Processing file /opt/airflow/dags/stock_data_to_gcp.py for tasks to queue
[2023-06-19T05:48:39.391+0000] {logging_mixin.py:149} INFO - [2023-06-19T05:48:39.390+0000] {dagbag.py:541} INFO - Filling up the DagBag from /opt/airflow/dags/stock_data_to_gcp.py
[2023-06-19T05:48:39.690+0000] {processor.py:836} INFO - DAG(s) dict_keys(['data_ingestion_gcs_dag']) retrieved from /opt/airflow/dags/stock_data_to_gcp.py
[2023-06-19T05:48:39.745+0000] {logging_mixin.py:149} INFO - [2023-06-19T05:48:39.744+0000] {dag.py:2726} INFO - Sync 1 DAGs
[2023-06-19T05:48:39.824+0000] {processor.py:179} INFO - Processing /opt/airflow/dags/stock_data_to_gcp.py took 0.448 seconds
[2023-06-19T05:48:59.497+0000] {processor.py:157} INFO - Started process (PID=591) to work on /opt/airflow/dags/stock_data_to_gcp.py
[2023-06-19T05:48:59.500+0000] {processor.py:826} INFO - Processing file /opt/airflow/dags/stock_data_to_gcp.py for tasks to queue
[2023-06-19T05:48:59.503+0000] {logging_mixin.py:149} INFO - [2023-06-19T05:48:59.503+0000] {dagbag.py:541} INFO - Filling up the DagBag from /opt/airflow/dags/stock_data_to_gcp.py
[2023-06-19T05:48:59.800+0000] {logging_mixin.py:149} INFO - [2023-06-19T05:48:59.798+0000] {dagbag.py:350} ERROR - Failed to import: /opt/airflow/dags/stock_data_to_gcp.py
Traceback (most recent call last):
  File "/home/airflow/.local/lib/python3.7/site-packages/airflow/models/dagbag.py", line 346, in parse
    loader.exec_module(new_module)
  File "<frozen importlib._bootstrap_external>", line 728, in exec_module
  File "<frozen importlib._bootstrap>", line 219, in _call_with_frames_removed
  File "/opt/airflow/dags/stock_data_to_gcp.py", line 110, in <module>
    python_callable = format_to_parquet,
NameError: name 'format_to_parquet' is not defined
[2023-06-19T05:48:59.801+0000] {processor.py:838} WARNING - No viable dags retrieved from /opt/airflow/dags/stock_data_to_gcp.py
[2023-06-19T05:48:59.833+0000] {processor.py:179} INFO - Processing /opt/airflow/dags/stock_data_to_gcp.py took 0.342 seconds
[2023-06-19T05:49:12.724+0000] {processor.py:157} INFO - Started process (PID=598) to work on /opt/airflow/dags/stock_data_to_gcp.py
[2023-06-19T05:49:12.725+0000] {processor.py:826} INFO - Processing file /opt/airflow/dags/stock_data_to_gcp.py for tasks to queue
[2023-06-19T05:49:12.728+0000] {logging_mixin.py:149} INFO - [2023-06-19T05:49:12.728+0000] {dagbag.py:541} INFO - Filling up the DagBag from /opt/airflow/dags/stock_data_to_gcp.py
[2023-06-19T05:49:13.022+0000] {logging_mixin.py:149} INFO - [2023-06-19T05:49:13.020+0000] {dagbag.py:350} ERROR - Failed to import: /opt/airflow/dags/stock_data_to_gcp.py
Traceback (most recent call last):
  File "/home/airflow/.local/lib/python3.7/site-packages/airflow/models/dagbag.py", line 346, in parse
    loader.exec_module(new_module)
  File "<frozen importlib._bootstrap_external>", line 728, in exec_module
  File "<frozen importlib._bootstrap>", line 219, in _call_with_frames_removed
  File "/opt/airflow/dags/stock_data_to_gcp.py", line 144, in <module>
    get_stock_task >> csv_to_parquet_task >> local_to_gcs_task >> gcs_to_bigquery_task
NameError: name 'csv_to_parquet_task' is not defined
[2023-06-19T05:49:13.023+0000] {processor.py:838} WARNING - No viable dags retrieved from /opt/airflow/dags/stock_data_to_gcp.py
[2023-06-19T05:49:13.051+0000] {processor.py:179} INFO - Processing /opt/airflow/dags/stock_data_to_gcp.py took 0.333 seconds
[2023-06-19T05:49:13.938+0000] {processor.py:157} INFO - Started process (PID=605) to work on /opt/airflow/dags/stock_data_to_gcp.py
[2023-06-19T05:49:13.940+0000] {processor.py:826} INFO - Processing file /opt/airflow/dags/stock_data_to_gcp.py for tasks to queue
[2023-06-19T05:49:13.943+0000] {logging_mixin.py:149} INFO - [2023-06-19T05:49:13.943+0000] {dagbag.py:541} INFO - Filling up the DagBag from /opt/airflow/dags/stock_data_to_gcp.py
[2023-06-19T05:49:14.251+0000] {logging_mixin.py:149} INFO - [2023-06-19T05:49:14.249+0000] {dagbag.py:350} ERROR - Failed to import: /opt/airflow/dags/stock_data_to_gcp.py
Traceback (most recent call last):
  File "/home/airflow/.local/lib/python3.7/site-packages/airflow/models/dagbag.py", line 346, in parse
    loader.exec_module(new_module)
  File "<frozen importlib._bootstrap_external>", line 728, in exec_module
  File "<frozen importlib._bootstrap>", line 219, in _call_with_frames_removed
  File "/opt/airflow/dags/stock_data_to_gcp.py", line 144, in <module>
    get_stock_task >> csv_to_parquet_task >> local_to_gcs_task >> gcs_to_bigquery_task
NameError: name 'csv_to_parquet_task' is not defined
[2023-06-19T05:49:14.252+0000] {processor.py:838} WARNING - No viable dags retrieved from /opt/airflow/dags/stock_data_to_gcp.py
[2023-06-19T05:49:14.279+0000] {processor.py:179} INFO - Processing /opt/airflow/dags/stock_data_to_gcp.py took 0.347 seconds
[2023-06-19T05:49:25.373+0000] {processor.py:157} INFO - Started process (PID=624) to work on /opt/airflow/dags/stock_data_to_gcp.py
[2023-06-19T05:49:25.374+0000] {processor.py:826} INFO - Processing file /opt/airflow/dags/stock_data_to_gcp.py for tasks to queue
[2023-06-19T05:49:25.378+0000] {logging_mixin.py:149} INFO - [2023-06-19T05:49:25.377+0000] {dagbag.py:541} INFO - Filling up the DagBag from /opt/airflow/dags/stock_data_to_gcp.py
[2023-06-19T05:49:25.685+0000] {logging_mixin.py:149} INFO - [2023-06-19T05:49:25.683+0000] {dagbag.py:350} ERROR - Failed to import: /opt/airflow/dags/stock_data_to_gcp.py
Traceback (most recent call last):
  File "/home/airflow/.local/lib/python3.7/site-packages/airflow/models/dagbag.py", line 346, in parse
    loader.exec_module(new_module)
  File "<frozen importlib._bootstrap_external>", line 728, in exec_module
  File "<frozen importlib._bootstrap>", line 219, in _call_with_frames_removed
  File "/opt/airflow/dags/stock_data_to_gcp.py", line 144, in <module>
    get_stock_task >> csv_to_parquet_task >> local_to_gcs_task >> gcs_to_bigquery_task
NameError: name 'csv_to_parquet_task' is not defined
[2023-06-19T05:49:25.686+0000] {processor.py:838} WARNING - No viable dags retrieved from /opt/airflow/dags/stock_data_to_gcp.py
[2023-06-19T05:49:25.719+0000] {processor.py:179} INFO - Processing /opt/airflow/dags/stock_data_to_gcp.py took 0.352 seconds
[2023-06-19T05:49:31.787+0000] {processor.py:157} INFO - Started process (PID=631) to work on /opt/airflow/dags/stock_data_to_gcp.py
[2023-06-19T05:49:31.788+0000] {processor.py:826} INFO - Processing file /opt/airflow/dags/stock_data_to_gcp.py for tasks to queue
[2023-06-19T05:49:31.792+0000] {logging_mixin.py:149} INFO - [2023-06-19T05:49:31.791+0000] {dagbag.py:541} INFO - Filling up the DagBag from /opt/airflow/dags/stock_data_to_gcp.py
[2023-06-19T05:49:32.087+0000] {logging_mixin.py:149} INFO - [2023-06-19T05:49:32.085+0000] {dagbag.py:350} ERROR - Failed to import: /opt/airflow/dags/stock_data_to_gcp.py
Traceback (most recent call last):
  File "/home/airflow/.local/lib/python3.7/site-packages/airflow/models/dagbag.py", line 346, in parse
    loader.exec_module(new_module)
  File "<frozen importlib._bootstrap_external>", line 728, in exec_module
  File "<frozen importlib._bootstrap>", line 219, in _call_with_frames_removed
  File "/opt/airflow/dags/stock_data_to_gcp.py", line 144, in <module>
    get_stock_task >> csv_to_parquet_task >> local_to_gcs_task >> gcs_to_bigquery_task
NameError: name 'csv_to_parquet_task' is not defined
[2023-06-19T05:49:32.087+0000] {processor.py:838} WARNING - No viable dags retrieved from /opt/airflow/dags/stock_data_to_gcp.py
[2023-06-19T05:49:32.115+0000] {processor.py:179} INFO - Processing /opt/airflow/dags/stock_data_to_gcp.py took 0.334 seconds
[2023-06-19T05:49:38.834+0000] {processor.py:157} INFO - Started process (PID=638) to work on /opt/airflow/dags/stock_data_to_gcp.py
[2023-06-19T05:49:38.836+0000] {processor.py:826} INFO - Processing file /opt/airflow/dags/stock_data_to_gcp.py for tasks to queue
[2023-06-19T05:49:38.840+0000] {logging_mixin.py:149} INFO - [2023-06-19T05:49:38.840+0000] {dagbag.py:541} INFO - Filling up the DagBag from /opt/airflow/dags/stock_data_to_gcp.py
[2023-06-19T05:49:39.231+0000] {logging_mixin.py:149} INFO - [2023-06-19T05:49:39.229+0000] {dagbag.py:350} ERROR - Failed to import: /opt/airflow/dags/stock_data_to_gcp.py
Traceback (most recent call last):
  File "/home/airflow/.local/lib/python3.7/site-packages/airflow/models/dagbag.py", line 346, in parse
    loader.exec_module(new_module)
  File "<frozen importlib._bootstrap_external>", line 728, in exec_module
  File "<frozen importlib._bootstrap>", line 219, in _call_with_frames_removed
  File "/opt/airflow/dags/stock_data_to_gcp.py", line 129, in <module>
    source_objects = f"raw/{data_set}",
NameError: name 'data_set' is not defined
[2023-06-19T05:49:39.232+0000] {processor.py:838} WARNING - No viable dags retrieved from /opt/airflow/dags/stock_data_to_gcp.py
[2023-06-19T05:49:39.273+0000] {processor.py:179} INFO - Processing /opt/airflow/dags/stock_data_to_gcp.py took 0.446 seconds
[2023-06-19T05:49:43.231+0000] {processor.py:157} INFO - Started process (PID=645) to work on /opt/airflow/dags/stock_data_to_gcp.py
[2023-06-19T05:49:43.233+0000] {processor.py:826} INFO - Processing file /opt/airflow/dags/stock_data_to_gcp.py for tasks to queue
[2023-06-19T05:49:43.236+0000] {logging_mixin.py:149} INFO - [2023-06-19T05:49:43.236+0000] {dagbag.py:541} INFO - Filling up the DagBag from /opt/airflow/dags/stock_data_to_gcp.py
[2023-06-19T05:49:43.551+0000] {logging_mixin.py:149} INFO - [2023-06-19T05:49:43.549+0000] {dagbag.py:350} ERROR - Failed to import: /opt/airflow/dags/stock_data_to_gcp.py
Traceback (most recent call last):
  File "/home/airflow/.local/lib/python3.7/site-packages/airflow/models/dagbag.py", line 346, in parse
    loader.exec_module(new_module)
  File "<frozen importlib._bootstrap_external>", line 728, in exec_module
  File "<frozen importlib._bootstrap>", line 219, in _call_with_frames_removed
  File "/opt/airflow/dags/stock_data_to_gcp.py", line 144, in <module>
    get_stock_task >> csv_to_parquet_task >> local_to_gcs_task >> gcs_to_bigquery_task
NameError: name 'csv_to_parquet_task' is not defined
[2023-06-19T05:49:43.551+0000] {processor.py:838} WARNING - No viable dags retrieved from /opt/airflow/dags/stock_data_to_gcp.py
[2023-06-19T05:49:43.579+0000] {processor.py:179} INFO - Processing /opt/airflow/dags/stock_data_to_gcp.py took 0.357 seconds
[2023-06-19T05:50:09.761+0000] {processor.py:157} INFO - Started process (PID=663) to work on /opt/airflow/dags/stock_data_to_gcp.py
[2023-06-19T05:50:09.764+0000] {processor.py:826} INFO - Processing file /opt/airflow/dags/stock_data_to_gcp.py for tasks to queue
[2023-06-19T05:50:09.765+0000] {logging_mixin.py:149} INFO - [2023-06-19T05:50:09.765+0000] {dagbag.py:541} INFO - Filling up the DagBag from /opt/airflow/dags/stock_data_to_gcp.py
[2023-06-19T05:50:10.088+0000] {processor.py:836} INFO - DAG(s) dict_keys(['data_ingestion_gcs_dag']) retrieved from /opt/airflow/dags/stock_data_to_gcp.py
[2023-06-19T05:50:10.194+0000] {logging_mixin.py:149} INFO - [2023-06-19T05:50:10.193+0000] {dag.py:2726} INFO - Sync 1 DAGs
[2023-06-19T05:50:10.289+0000] {processor.py:179} INFO - Processing /opt/airflow/dags/stock_data_to_gcp.py took 0.534 seconds
[2023-06-19T05:50:10.907+0000] {processor.py:157} INFO - Started process (PID=670) to work on /opt/airflow/dags/stock_data_to_gcp.py
[2023-06-19T05:50:10.908+0000] {processor.py:826} INFO - Processing file /opt/airflow/dags/stock_data_to_gcp.py for tasks to queue
[2023-06-19T05:50:10.909+0000] {logging_mixin.py:149} INFO - [2023-06-19T05:50:10.909+0000] {dagbag.py:541} INFO - Filling up the DagBag from /opt/airflow/dags/stock_data_to_gcp.py
[2023-06-19T05:50:11.215+0000] {processor.py:836} INFO - DAG(s) dict_keys(['data_ingestion_gcs_dag']) retrieved from /opt/airflow/dags/stock_data_to_gcp.py
[2023-06-19T05:50:11.235+0000] {logging_mixin.py:149} INFO - [2023-06-19T05:50:11.234+0000] {dag.py:2726} INFO - Sync 1 DAGs
[2023-06-19T05:50:11.319+0000] {processor.py:179} INFO - Processing /opt/airflow/dags/stock_data_to_gcp.py took 0.419 seconds
[2023-06-19T05:50:41.519+0000] {processor.py:157} INFO - Started process (PID=697) to work on /opt/airflow/dags/stock_data_to_gcp.py
[2023-06-19T05:50:41.520+0000] {processor.py:826} INFO - Processing file /opt/airflow/dags/stock_data_to_gcp.py for tasks to queue
[2023-06-19T05:50:41.522+0000] {logging_mixin.py:149} INFO - [2023-06-19T05:50:41.521+0000] {dagbag.py:541} INFO - Filling up the DagBag from /opt/airflow/dags/stock_data_to_gcp.py
[2023-06-19T05:50:41.847+0000] {processor.py:836} INFO - DAG(s) dict_keys(['data_ingestion_gcs_dag']) retrieved from /opt/airflow/dags/stock_data_to_gcp.py
[2023-06-19T05:50:41.887+0000] {logging_mixin.py:149} INFO - [2023-06-19T05:50:41.886+0000] {dag.py:2726} INFO - Sync 1 DAGs
[2023-06-19T05:50:41.953+0000] {processor.py:179} INFO - Processing /opt/airflow/dags/stock_data_to_gcp.py took 0.440 seconds
[2023-06-19T05:51:12.015+0000] {processor.py:157} INFO - Started process (PID=716) to work on /opt/airflow/dags/stock_data_to_gcp.py
[2023-06-19T05:51:12.023+0000] {processor.py:826} INFO - Processing file /opt/airflow/dags/stock_data_to_gcp.py for tasks to queue
[2023-06-19T05:51:12.024+0000] {logging_mixin.py:149} INFO - [2023-06-19T05:51:12.024+0000] {dagbag.py:541} INFO - Filling up the DagBag from /opt/airflow/dags/stock_data_to_gcp.py
[2023-06-19T05:51:12.321+0000] {processor.py:836} INFO - DAG(s) dict_keys(['data_ingestion_gcs_dag']) retrieved from /opt/airflow/dags/stock_data_to_gcp.py
[2023-06-19T05:51:12.363+0000] {logging_mixin.py:149} INFO - [2023-06-19T05:51:12.362+0000] {dag.py:2726} INFO - Sync 1 DAGs
[2023-06-19T05:51:12.445+0000] {processor.py:179} INFO - Processing /opt/airflow/dags/stock_data_to_gcp.py took 0.436 seconds
[2023-06-19T05:51:43.192+0000] {processor.py:157} INFO - Started process (PID=735) to work on /opt/airflow/dags/stock_data_to_gcp.py
[2023-06-19T05:51:43.194+0000] {processor.py:826} INFO - Processing file /opt/airflow/dags/stock_data_to_gcp.py for tasks to queue
[2023-06-19T05:51:43.196+0000] {logging_mixin.py:149} INFO - [2023-06-19T05:51:43.196+0000] {dagbag.py:541} INFO - Filling up the DagBag from /opt/airflow/dags/stock_data_to_gcp.py
[2023-06-19T05:51:43.529+0000] {processor.py:836} INFO - DAG(s) dict_keys(['data_ingestion_gcs_dag']) retrieved from /opt/airflow/dags/stock_data_to_gcp.py
[2023-06-19T05:51:43.575+0000] {logging_mixin.py:149} INFO - [2023-06-19T05:51:43.574+0000] {dag.py:2726} INFO - Sync 1 DAGs
[2023-06-19T05:51:43.644+0000] {processor.py:179} INFO - Processing /opt/airflow/dags/stock_data_to_gcp.py took 0.459 seconds
[2023-06-19T05:52:14.520+0000] {processor.py:157} INFO - Started process (PID=754) to work on /opt/airflow/dags/stock_data_to_gcp.py
[2023-06-19T05:52:14.522+0000] {processor.py:826} INFO - Processing file /opt/airflow/dags/stock_data_to_gcp.py for tasks to queue
[2023-06-19T05:52:14.524+0000] {logging_mixin.py:149} INFO - [2023-06-19T05:52:14.523+0000] {dagbag.py:541} INFO - Filling up the DagBag from /opt/airflow/dags/stock_data_to_gcp.py
[2023-06-19T05:52:14.836+0000] {processor.py:836} INFO - DAG(s) dict_keys(['data_ingestion_gcs_dag']) retrieved from /opt/airflow/dags/stock_data_to_gcp.py
[2023-06-19T05:52:14.876+0000] {logging_mixin.py:149} INFO - [2023-06-19T05:52:14.875+0000] {dag.py:2726} INFO - Sync 1 DAGs
[2023-06-19T05:52:14.942+0000] {processor.py:179} INFO - Processing /opt/airflow/dags/stock_data_to_gcp.py took 0.428 seconds
[2023-06-19T05:52:45.003+0000] {processor.py:157} INFO - Started process (PID=773) to work on /opt/airflow/dags/stock_data_to_gcp.py
[2023-06-19T05:52:45.005+0000] {processor.py:826} INFO - Processing file /opt/airflow/dags/stock_data_to_gcp.py for tasks to queue
[2023-06-19T05:52:45.006+0000] {logging_mixin.py:149} INFO - [2023-06-19T05:52:45.006+0000] {dagbag.py:541} INFO - Filling up the DagBag from /opt/airflow/dags/stock_data_to_gcp.py
[2023-06-19T05:52:45.302+0000] {processor.py:836} INFO - DAG(s) dict_keys(['data_ingestion_gcs_dag']) retrieved from /opt/airflow/dags/stock_data_to_gcp.py
[2023-06-19T05:52:45.343+0000] {logging_mixin.py:149} INFO - [2023-06-19T05:52:45.342+0000] {dag.py:2726} INFO - Sync 1 DAGs
[2023-06-19T05:52:45.413+0000] {processor.py:179} INFO - Processing /opt/airflow/dags/stock_data_to_gcp.py took 0.416 seconds
[2023-06-19T05:53:16.175+0000] {processor.py:157} INFO - Started process (PID=792) to work on /opt/airflow/dags/stock_data_to_gcp.py
[2023-06-19T05:53:16.178+0000] {processor.py:826} INFO - Processing file /opt/airflow/dags/stock_data_to_gcp.py for tasks to queue
[2023-06-19T05:53:16.179+0000] {logging_mixin.py:149} INFO - [2023-06-19T05:53:16.179+0000] {dagbag.py:541} INFO - Filling up the DagBag from /opt/airflow/dags/stock_data_to_gcp.py
[2023-06-19T05:53:16.512+0000] {processor.py:836} INFO - DAG(s) dict_keys(['data_ingestion_gcs_dag']) retrieved from /opt/airflow/dags/stock_data_to_gcp.py
[2023-06-19T05:53:16.553+0000] {logging_mixin.py:149} INFO - [2023-06-19T05:53:16.552+0000] {dag.py:2726} INFO - Sync 1 DAGs
[2023-06-19T05:53:16.622+0000] {processor.py:179} INFO - Processing /opt/airflow/dags/stock_data_to_gcp.py took 0.455 seconds
[2023-06-19T05:53:47.491+0000] {processor.py:157} INFO - Started process (PID=811) to work on /opt/airflow/dags/stock_data_to_gcp.py
[2023-06-19T05:53:47.493+0000] {processor.py:826} INFO - Processing file /opt/airflow/dags/stock_data_to_gcp.py for tasks to queue
[2023-06-19T05:53:47.494+0000] {logging_mixin.py:149} INFO - [2023-06-19T05:53:47.494+0000] {dagbag.py:541} INFO - Filling up the DagBag from /opt/airflow/dags/stock_data_to_gcp.py
[2023-06-19T05:53:47.796+0000] {processor.py:836} INFO - DAG(s) dict_keys(['data_ingestion_gcs_dag']) retrieved from /opt/airflow/dags/stock_data_to_gcp.py
[2023-06-19T05:53:47.844+0000] {logging_mixin.py:149} INFO - [2023-06-19T05:53:47.843+0000] {dag.py:2726} INFO - Sync 1 DAGs
[2023-06-19T05:53:47.938+0000] {processor.py:179} INFO - Processing /opt/airflow/dags/stock_data_to_gcp.py took 0.453 seconds
[2023-06-19T05:54:18.805+0000] {processor.py:157} INFO - Started process (PID=830) to work on /opt/airflow/dags/stock_data_to_gcp.py
[2023-06-19T05:54:18.807+0000] {processor.py:826} INFO - Processing file /opt/airflow/dags/stock_data_to_gcp.py for tasks to queue
[2023-06-19T05:54:18.809+0000] {logging_mixin.py:149} INFO - [2023-06-19T05:54:18.809+0000] {dagbag.py:541} INFO - Filling up the DagBag from /opt/airflow/dags/stock_data_to_gcp.py
[2023-06-19T05:54:19.114+0000] {processor.py:836} INFO - DAG(s) dict_keys(['data_ingestion_gcs_dag']) retrieved from /opt/airflow/dags/stock_data_to_gcp.py
[2023-06-19T05:54:19.154+0000] {logging_mixin.py:149} INFO - [2023-06-19T05:54:19.153+0000] {dag.py:2726} INFO - Sync 1 DAGs
[2023-06-19T05:54:19.222+0000] {processor.py:179} INFO - Processing /opt/airflow/dags/stock_data_to_gcp.py took 0.423 seconds
[2023-06-19T05:54:49.276+0000] {processor.py:157} INFO - Started process (PID=850) to work on /opt/airflow/dags/stock_data_to_gcp.py
[2023-06-19T05:54:49.278+0000] {processor.py:826} INFO - Processing file /opt/airflow/dags/stock_data_to_gcp.py for tasks to queue
[2023-06-19T05:54:49.279+0000] {logging_mixin.py:149} INFO - [2023-06-19T05:54:49.279+0000] {dagbag.py:541} INFO - Filling up the DagBag from /opt/airflow/dags/stock_data_to_gcp.py
[2023-06-19T05:54:49.577+0000] {processor.py:836} INFO - DAG(s) dict_keys(['data_ingestion_gcs_dag']) retrieved from /opt/airflow/dags/stock_data_to_gcp.py
[2023-06-19T05:54:49.617+0000] {logging_mixin.py:149} INFO - [2023-06-19T05:54:49.616+0000] {dag.py:2726} INFO - Sync 1 DAGs
[2023-06-19T05:54:49.684+0000] {processor.py:179} INFO - Processing /opt/airflow/dags/stock_data_to_gcp.py took 0.414 seconds
[2023-06-19T05:55:20.445+0000] {processor.py:157} INFO - Started process (PID=868) to work on /opt/airflow/dags/stock_data_to_gcp.py
[2023-06-19T05:55:20.448+0000] {processor.py:826} INFO - Processing file /opt/airflow/dags/stock_data_to_gcp.py for tasks to queue
[2023-06-19T05:55:20.449+0000] {logging_mixin.py:149} INFO - [2023-06-19T05:55:20.449+0000] {dagbag.py:541} INFO - Filling up the DagBag from /opt/airflow/dags/stock_data_to_gcp.py
[2023-06-19T05:55:20.749+0000] {processor.py:836} INFO - DAG(s) dict_keys(['data_ingestion_gcs_dag']) retrieved from /opt/airflow/dags/stock_data_to_gcp.py
[2023-06-19T05:55:20.789+0000] {logging_mixin.py:149} INFO - [2023-06-19T05:55:20.788+0000] {dag.py:2726} INFO - Sync 1 DAGs
[2023-06-19T05:55:20.856+0000] {processor.py:179} INFO - Processing /opt/airflow/dags/stock_data_to_gcp.py took 0.417 seconds
[2023-06-19T05:55:50.903+0000] {processor.py:157} INFO - Started process (PID=888) to work on /opt/airflow/dags/stock_data_to_gcp.py
[2023-06-19T05:55:50.906+0000] {processor.py:826} INFO - Processing file /opt/airflow/dags/stock_data_to_gcp.py for tasks to queue
[2023-06-19T05:55:50.907+0000] {logging_mixin.py:149} INFO - [2023-06-19T05:55:50.907+0000] {dagbag.py:541} INFO - Filling up the DagBag from /opt/airflow/dags/stock_data_to_gcp.py
[2023-06-19T05:55:51.207+0000] {processor.py:836} INFO - DAG(s) dict_keys(['data_ingestion_gcs_dag']) retrieved from /opt/airflow/dags/stock_data_to_gcp.py
[2023-06-19T05:55:51.250+0000] {logging_mixin.py:149} INFO - [2023-06-19T05:55:51.249+0000] {dag.py:2726} INFO - Sync 1 DAGs
[2023-06-19T05:55:51.314+0000] {processor.py:179} INFO - Processing /opt/airflow/dags/stock_data_to_gcp.py took 0.417 seconds
[2023-06-19T06:04:37.011+0000] {processor.py:157} INFO - Started process (PID=168) to work on /opt/airflow/dags/stock_data_to_gcp.py
[2023-06-19T06:04:37.018+0000] {processor.py:826} INFO - Processing file /opt/airflow/dags/stock_data_to_gcp.py for tasks to queue
[2023-06-19T06:04:37.023+0000] {logging_mixin.py:149} INFO - [2023-06-19T06:04:37.023+0000] {dagbag.py:541} INFO - Filling up the DagBag from /opt/airflow/dags/stock_data_to_gcp.py
[2023-06-19T06:04:37.715+0000] {processor.py:836} INFO - DAG(s) dict_keys(['data_ingestion_gcs_dag']) retrieved from /opt/airflow/dags/stock_data_to_gcp.py
[2023-06-19T06:04:37.965+0000] {logging_mixin.py:149} INFO - [2023-06-19T06:04:37.964+0000] {manager.py:504} INFO - Created Permission View: can edit on DAG:data_ingestion_gcs_dag
[2023-06-19T06:04:37.983+0000] {logging_mixin.py:149} INFO - [2023-06-19T06:04:37.983+0000] {manager.py:504} INFO - Created Permission View: can delete on DAG:data_ingestion_gcs_dag
[2023-06-19T06:04:37.996+0000] {logging_mixin.py:149} INFO - [2023-06-19T06:04:37.996+0000] {manager.py:504} INFO - Created Permission View: can read on DAG:data_ingestion_gcs_dag
[2023-06-19T06:04:37.998+0000] {logging_mixin.py:149} INFO - [2023-06-19T06:04:37.997+0000] {dag.py:2726} INFO - Sync 1 DAGs
[2023-06-19T06:04:38.034+0000] {logging_mixin.py:149} INFO - [2023-06-19T06:04:38.031+0000] {dag.py:2747} INFO - Creating ORM DAG for data_ingestion_gcs_dag
[2023-06-19T06:04:38.067+0000] {logging_mixin.py:149} INFO - [2023-06-19T06:04:38.066+0000] {dag.py:3490} INFO - Setting next_dagrun for data_ingestion_gcs_dag to 2023-06-19T05:00:00+00:00, run_after=2023-06-19T06:00:00+00:00
[2023-06-19T06:04:38.100+0000] {processor.py:179} INFO - Processing /opt/airflow/dags/stock_data_to_gcp.py took 1.099 seconds
[2023-06-19T06:05:08.241+0000] {processor.py:157} INFO - Started process (PID=188) to work on /opt/airflow/dags/stock_data_to_gcp.py
[2023-06-19T06:05:08.255+0000] {processor.py:826} INFO - Processing file /opt/airflow/dags/stock_data_to_gcp.py for tasks to queue
[2023-06-19T06:05:08.260+0000] {logging_mixin.py:149} INFO - [2023-06-19T06:05:08.260+0000] {dagbag.py:541} INFO - Filling up the DagBag from /opt/airflow/dags/stock_data_to_gcp.py
[2023-06-19T06:05:08.778+0000] {processor.py:836} INFO - DAG(s) dict_keys(['data_ingestion_gcs_dag']) retrieved from /opt/airflow/dags/stock_data_to_gcp.py
[2023-06-19T06:05:08.819+0000] {logging_mixin.py:149} INFO - [2023-06-19T06:05:08.818+0000] {dag.py:2726} INFO - Sync 1 DAGs
[2023-06-19T06:05:08.862+0000] {logging_mixin.py:149} INFO - [2023-06-19T06:05:08.862+0000] {dag.py:3490} INFO - Setting next_dagrun for data_ingestion_gcs_dag to 2023-06-19T05:00:00+00:00, run_after=2023-06-19T06:00:00+00:00
[2023-06-19T06:05:08.896+0000] {processor.py:179} INFO - Processing /opt/airflow/dags/stock_data_to_gcp.py took 0.662 seconds
[2023-06-19T06:05:39.723+0000] {processor.py:157} INFO - Started process (PID=252) to work on /opt/airflow/dags/stock_data_to_gcp.py
[2023-06-19T06:05:39.725+0000] {processor.py:826} INFO - Processing file /opt/airflow/dags/stock_data_to_gcp.py for tasks to queue
[2023-06-19T06:05:39.728+0000] {logging_mixin.py:149} INFO - [2023-06-19T06:05:39.728+0000] {dagbag.py:541} INFO - Filling up the DagBag from /opt/airflow/dags/stock_data_to_gcp.py
[2023-06-19T06:05:40.041+0000] {processor.py:836} INFO - DAG(s) dict_keys(['data_ingestion_gcs_dag']) retrieved from /opt/airflow/dags/stock_data_to_gcp.py
[2023-06-19T06:05:40.083+0000] {logging_mixin.py:149} INFO - [2023-06-19T06:05:40.082+0000] {dag.py:2726} INFO - Sync 1 DAGs
[2023-06-19T06:05:40.151+0000] {processor.py:179} INFO - Processing /opt/airflow/dags/stock_data_to_gcp.py took 0.434 seconds
[2023-06-19T06:06:10.286+0000] {processor.py:157} INFO - Started process (PID=370) to work on /opt/airflow/dags/stock_data_to_gcp.py
[2023-06-19T06:06:10.289+0000] {processor.py:826} INFO - Processing file /opt/airflow/dags/stock_data_to_gcp.py for tasks to queue
[2023-06-19T06:06:10.293+0000] {logging_mixin.py:149} INFO - [2023-06-19T06:06:10.292+0000] {dagbag.py:541} INFO - Filling up the DagBag from /opt/airflow/dags/stock_data_to_gcp.py
[2023-06-19T06:06:10.629+0000] {processor.py:836} INFO - DAG(s) dict_keys(['data_ingestion_gcs_dag']) retrieved from /opt/airflow/dags/stock_data_to_gcp.py
[2023-06-19T06:06:10.673+0000] {logging_mixin.py:149} INFO - [2023-06-19T06:06:10.672+0000] {dag.py:2726} INFO - Sync 1 DAGs
[2023-06-19T06:06:10.762+0000] {processor.py:179} INFO - Processing /opt/airflow/dags/stock_data_to_gcp.py took 0.482 seconds
[2023-06-19T06:06:41.464+0000] {processor.py:157} INFO - Started process (PID=487) to work on /opt/airflow/dags/stock_data_to_gcp.py
[2023-06-19T06:06:41.466+0000] {processor.py:826} INFO - Processing file /opt/airflow/dags/stock_data_to_gcp.py for tasks to queue
[2023-06-19T06:06:41.469+0000] {logging_mixin.py:149} INFO - [2023-06-19T06:06:41.469+0000] {dagbag.py:541} INFO - Filling up the DagBag from /opt/airflow/dags/stock_data_to_gcp.py
[2023-06-19T06:06:41.781+0000] {processor.py:836} INFO - DAG(s) dict_keys(['data_ingestion_gcs_dag']) retrieved from /opt/airflow/dags/stock_data_to_gcp.py
[2023-06-19T06:06:41.821+0000] {logging_mixin.py:149} INFO - [2023-06-19T06:06:41.820+0000] {dag.py:2726} INFO - Sync 1 DAGs
[2023-06-19T06:06:41.890+0000] {processor.py:179} INFO - Processing /opt/airflow/dags/stock_data_to_gcp.py took 0.432 seconds
[2023-06-19T06:07:12.049+0000] {processor.py:157} INFO - Started process (PID=607) to work on /opt/airflow/dags/stock_data_to_gcp.py
[2023-06-19T06:07:12.051+0000] {processor.py:826} INFO - Processing file /opt/airflow/dags/stock_data_to_gcp.py for tasks to queue
[2023-06-19T06:07:12.056+0000] {logging_mixin.py:149} INFO - [2023-06-19T06:07:12.056+0000] {dagbag.py:541} INFO - Filling up the DagBag from /opt/airflow/dags/stock_data_to_gcp.py
[2023-06-19T06:07:12.373+0000] {processor.py:836} INFO - DAG(s) dict_keys(['data_ingestion_gcs_dag']) retrieved from /opt/airflow/dags/stock_data_to_gcp.py
[2023-06-19T06:07:12.416+0000] {logging_mixin.py:149} INFO - [2023-06-19T06:07:12.416+0000] {dag.py:2726} INFO - Sync 1 DAGs
[2023-06-19T06:07:12.485+0000] {processor.py:179} INFO - Processing /opt/airflow/dags/stock_data_to_gcp.py took 0.443 seconds
[2023-06-19T06:07:43.222+0000] {processor.py:157} INFO - Started process (PID=729) to work on /opt/airflow/dags/stock_data_to_gcp.py
[2023-06-19T06:07:43.224+0000] {processor.py:826} INFO - Processing file /opt/airflow/dags/stock_data_to_gcp.py for tasks to queue
[2023-06-19T06:07:43.227+0000] {logging_mixin.py:149} INFO - [2023-06-19T06:07:43.227+0000] {dagbag.py:541} INFO - Filling up the DagBag from /opt/airflow/dags/stock_data_to_gcp.py
[2023-06-19T06:07:43.582+0000] {processor.py:836} INFO - DAG(s) dict_keys(['data_ingestion_gcs_dag']) retrieved from /opt/airflow/dags/stock_data_to_gcp.py
[2023-06-19T06:07:43.630+0000] {logging_mixin.py:149} INFO - [2023-06-19T06:07:43.629+0000] {dag.py:2726} INFO - Sync 1 DAGs
[2023-06-19T06:07:43.704+0000] {processor.py:179} INFO - Processing /opt/airflow/dags/stock_data_to_gcp.py took 0.489 seconds
[2023-06-19T06:08:13.778+0000] {processor.py:157} INFO - Started process (PID=817) to work on /opt/airflow/dags/stock_data_to_gcp.py
[2023-06-19T06:08:13.788+0000] {processor.py:826} INFO - Processing file /opt/airflow/dags/stock_data_to_gcp.py for tasks to queue
[2023-06-19T06:08:13.795+0000] {logging_mixin.py:149} INFO - [2023-06-19T06:08:13.795+0000] {dagbag.py:541} INFO - Filling up the DagBag from /opt/airflow/dags/stock_data_to_gcp.py
[2023-06-19T06:08:14.112+0000] {processor.py:836} INFO - DAG(s) dict_keys(['data_ingestion_gcs_dag']) retrieved from /opt/airflow/dags/stock_data_to_gcp.py
[2023-06-19T06:08:14.157+0000] {logging_mixin.py:149} INFO - [2023-06-19T06:08:14.156+0000] {dag.py:2726} INFO - Sync 1 DAGs
[2023-06-19T06:08:14.224+0000] {processor.py:179} INFO - Processing /opt/airflow/dags/stock_data_to_gcp.py took 0.453 seconds
[2023-06-19T06:08:44.971+0000] {processor.py:157} INFO - Started process (PID=836) to work on /opt/airflow/dags/stock_data_to_gcp.py
[2023-06-19T06:08:44.974+0000] {processor.py:826} INFO - Processing file /opt/airflow/dags/stock_data_to_gcp.py for tasks to queue
[2023-06-19T06:08:44.977+0000] {logging_mixin.py:149} INFO - [2023-06-19T06:08:44.977+0000] {dagbag.py:541} INFO - Filling up the DagBag from /opt/airflow/dags/stock_data_to_gcp.py
[2023-06-19T06:08:45.297+0000] {processor.py:836} INFO - DAG(s) dict_keys(['data_ingestion_gcs_dag']) retrieved from /opt/airflow/dags/stock_data_to_gcp.py
[2023-06-19T06:08:45.337+0000] {logging_mixin.py:149} INFO - [2023-06-19T06:08:45.337+0000] {dag.py:2726} INFO - Sync 1 DAGs
[2023-06-19T06:08:45.403+0000] {processor.py:179} INFO - Processing /opt/airflow/dags/stock_data_to_gcp.py took 0.438 seconds
[2023-06-19T06:09:15.581+0000] {processor.py:157} INFO - Started process (PID=855) to work on /opt/airflow/dags/stock_data_to_gcp.py
[2023-06-19T06:09:15.583+0000] {processor.py:826} INFO - Processing file /opt/airflow/dags/stock_data_to_gcp.py for tasks to queue
[2023-06-19T06:09:15.586+0000] {logging_mixin.py:149} INFO - [2023-06-19T06:09:15.586+0000] {dagbag.py:541} INFO - Filling up the DagBag from /opt/airflow/dags/stock_data_to_gcp.py
[2023-06-19T06:09:15.890+0000] {processor.py:836} INFO - DAG(s) dict_keys(['data_ingestion_gcs_dag']) retrieved from /opt/airflow/dags/stock_data_to_gcp.py
[2023-06-19T06:09:15.945+0000] {logging_mixin.py:149} INFO - [2023-06-19T06:09:15.944+0000] {dag.py:2726} INFO - Sync 1 DAGs
[2023-06-19T06:09:16.011+0000] {processor.py:179} INFO - Processing /opt/airflow/dags/stock_data_to_gcp.py took 0.437 seconds
[2023-06-19T06:09:46.776+0000] {processor.py:157} INFO - Started process (PID=874) to work on /opt/airflow/dags/stock_data_to_gcp.py
[2023-06-19T06:09:46.777+0000] {processor.py:826} INFO - Processing file /opt/airflow/dags/stock_data_to_gcp.py for tasks to queue
[2023-06-19T06:09:46.781+0000] {logging_mixin.py:149} INFO - [2023-06-19T06:09:46.781+0000] {dagbag.py:541} INFO - Filling up the DagBag from /opt/airflow/dags/stock_data_to_gcp.py
[2023-06-19T06:09:47.102+0000] {processor.py:836} INFO - DAG(s) dict_keys(['data_ingestion_gcs_dag']) retrieved from /opt/airflow/dags/stock_data_to_gcp.py
[2023-06-19T06:09:47.150+0000] {logging_mixin.py:149} INFO - [2023-06-19T06:09:47.149+0000] {dag.py:2726} INFO - Sync 1 DAGs
[2023-06-19T06:09:47.223+0000] {processor.py:179} INFO - Processing /opt/airflow/dags/stock_data_to_gcp.py took 0.456 seconds
[2023-06-19T06:10:17.313+0000] {processor.py:157} INFO - Started process (PID=893) to work on /opt/airflow/dags/stock_data_to_gcp.py
[2023-06-19T06:10:17.315+0000] {processor.py:826} INFO - Processing file /opt/airflow/dags/stock_data_to_gcp.py for tasks to queue
[2023-06-19T06:10:17.319+0000] {logging_mixin.py:149} INFO - [2023-06-19T06:10:17.318+0000] {dagbag.py:541} INFO - Filling up the DagBag from /opt/airflow/dags/stock_data_to_gcp.py
[2023-06-19T06:10:17.680+0000] {processor.py:836} INFO - DAG(s) dict_keys(['data_ingestion_gcs_dag']) retrieved from /opt/airflow/dags/stock_data_to_gcp.py
[2023-06-19T06:10:17.732+0000] {logging_mixin.py:149} INFO - [2023-06-19T06:10:17.731+0000] {dag.py:2726} INFO - Sync 1 DAGs
[2023-06-19T06:10:17.803+0000] {processor.py:179} INFO - Processing /opt/airflow/dags/stock_data_to_gcp.py took 0.497 seconds
[2023-06-19T06:10:48.511+0000] {processor.py:157} INFO - Started process (PID=919) to work on /opt/airflow/dags/stock_data_to_gcp.py
[2023-06-19T06:10:48.514+0000] {processor.py:826} INFO - Processing file /opt/airflow/dags/stock_data_to_gcp.py for tasks to queue
[2023-06-19T06:10:48.518+0000] {logging_mixin.py:149} INFO - [2023-06-19T06:10:48.517+0000] {dagbag.py:541} INFO - Filling up the DagBag from /opt/airflow/dags/stock_data_to_gcp.py
[2023-06-19T06:10:48.814+0000] {processor.py:836} INFO - DAG(s) dict_keys(['data_ingestion_gcs_dag']) retrieved from /opt/airflow/dags/stock_data_to_gcp.py
[2023-06-19T06:10:48.855+0000] {logging_mixin.py:149} INFO - [2023-06-19T06:10:48.854+0000] {dag.py:2726} INFO - Sync 1 DAGs
[2023-06-19T06:10:48.922+0000] {processor.py:179} INFO - Processing /opt/airflow/dags/stock_data_to_gcp.py took 0.418 seconds
[2023-06-19T06:11:19.088+0000] {processor.py:157} INFO - Started process (PID=938) to work on /opt/airflow/dags/stock_data_to_gcp.py
[2023-06-19T06:11:19.091+0000] {processor.py:826} INFO - Processing file /opt/airflow/dags/stock_data_to_gcp.py for tasks to queue
[2023-06-19T06:11:19.096+0000] {logging_mixin.py:149} INFO - [2023-06-19T06:11:19.096+0000] {dagbag.py:541} INFO - Filling up the DagBag from /opt/airflow/dags/stock_data_to_gcp.py
[2023-06-19T06:11:19.401+0000] {processor.py:836} INFO - DAG(s) dict_keys(['data_ingestion_gcs_dag']) retrieved from /opt/airflow/dags/stock_data_to_gcp.py
[2023-06-19T06:11:19.444+0000] {logging_mixin.py:149} INFO - [2023-06-19T06:11:19.443+0000] {dag.py:2726} INFO - Sync 1 DAGs
[2023-06-19T06:11:19.546+0000] {processor.py:179} INFO - Processing /opt/airflow/dags/stock_data_to_gcp.py took 0.464 seconds
[2023-06-19T06:11:50.283+0000] {processor.py:157} INFO - Started process (PID=957) to work on /opt/airflow/dags/stock_data_to_gcp.py
[2023-06-19T06:11:50.286+0000] {processor.py:826} INFO - Processing file /opt/airflow/dags/stock_data_to_gcp.py for tasks to queue
[2023-06-19T06:11:50.290+0000] {logging_mixin.py:149} INFO - [2023-06-19T06:11:50.289+0000] {dagbag.py:541} INFO - Filling up the DagBag from /opt/airflow/dags/stock_data_to_gcp.py
[2023-06-19T06:11:50.605+0000] {processor.py:836} INFO - DAG(s) dict_keys(['data_ingestion_gcs_dag']) retrieved from /opt/airflow/dags/stock_data_to_gcp.py
[2023-06-19T06:11:50.652+0000] {logging_mixin.py:149} INFO - [2023-06-19T06:11:50.651+0000] {dag.py:2726} INFO - Sync 1 DAGs
[2023-06-19T06:11:50.730+0000] {processor.py:179} INFO - Processing /opt/airflow/dags/stock_data_to_gcp.py took 0.455 seconds
[2023-06-19T06:12:20.844+0000] {processor.py:157} INFO - Started process (PID=976) to work on /opt/airflow/dags/stock_data_to_gcp.py
[2023-06-19T06:12:20.847+0000] {processor.py:826} INFO - Processing file /opt/airflow/dags/stock_data_to_gcp.py for tasks to queue
[2023-06-19T06:12:20.851+0000] {logging_mixin.py:149} INFO - [2023-06-19T06:12:20.851+0000] {dagbag.py:541} INFO - Filling up the DagBag from /opt/airflow/dags/stock_data_to_gcp.py
[2023-06-19T06:12:21.168+0000] {processor.py:836} INFO - DAG(s) dict_keys(['data_ingestion_gcs_dag']) retrieved from /opt/airflow/dags/stock_data_to_gcp.py
[2023-06-19T06:12:21.214+0000] {logging_mixin.py:149} INFO - [2023-06-19T06:12:21.212+0000] {dag.py:2726} INFO - Sync 1 DAGs
[2023-06-19T06:12:21.286+0000] {processor.py:179} INFO - Processing /opt/airflow/dags/stock_data_to_gcp.py took 0.449 seconds
[2023-06-19T06:12:39.425+0000] {processor.py:157} INFO - Started process (PID=983) to work on /opt/airflow/dags/stock_data_to_gcp.py
[2023-06-19T06:12:39.428+0000] {processor.py:826} INFO - Processing file /opt/airflow/dags/stock_data_to_gcp.py for tasks to queue
[2023-06-19T06:12:39.432+0000] {logging_mixin.py:149} INFO - [2023-06-19T06:12:39.432+0000] {dagbag.py:541} INFO - Filling up the DagBag from /opt/airflow/dags/stock_data_to_gcp.py
[2023-06-19T06:12:39.751+0000] {processor.py:836} INFO - DAG(s) dict_keys(['data_ingestion_gcs_dag']) retrieved from /opt/airflow/dags/stock_data_to_gcp.py
[2023-06-19T06:12:39.792+0000] {logging_mixin.py:149} INFO - [2023-06-19T06:12:39.792+0000] {dag.py:2726} INFO - Sync 1 DAGs
[2023-06-19T06:12:39.862+0000] {processor.py:179} INFO - Processing /opt/airflow/dags/stock_data_to_gcp.py took 0.443 seconds
[2023-06-19T06:13:10.100+0000] {processor.py:157} INFO - Started process (PID=1013) to work on /opt/airflow/dags/stock_data_to_gcp.py
[2023-06-19T06:13:10.101+0000] {processor.py:826} INFO - Processing file /opt/airflow/dags/stock_data_to_gcp.py for tasks to queue
[2023-06-19T06:13:10.105+0000] {logging_mixin.py:149} INFO - [2023-06-19T06:13:10.104+0000] {dagbag.py:541} INFO - Filling up the DagBag from /opt/airflow/dags/stock_data_to_gcp.py
[2023-06-19T06:13:10.417+0000] {processor.py:836} INFO - DAG(s) dict_keys(['data_ingestion_gcs_dag']) retrieved from /opt/airflow/dags/stock_data_to_gcp.py
[2023-06-19T06:13:10.457+0000] {logging_mixin.py:149} INFO - [2023-06-19T06:13:10.456+0000] {dag.py:2726} INFO - Sync 1 DAGs
[2023-06-19T06:13:10.526+0000] {processor.py:179} INFO - Processing /opt/airflow/dags/stock_data_to_gcp.py took 0.434 seconds
[2023-06-19T06:13:40.636+0000] {processor.py:157} INFO - Started process (PID=1226) to work on /opt/airflow/dags/stock_data_to_gcp.py
[2023-06-19T06:13:40.639+0000] {processor.py:826} INFO - Processing file /opt/airflow/dags/stock_data_to_gcp.py for tasks to queue
[2023-06-19T06:13:40.643+0000] {logging_mixin.py:149} INFO - [2023-06-19T06:13:40.643+0000] {dagbag.py:541} INFO - Filling up the DagBag from /opt/airflow/dags/stock_data_to_gcp.py
[2023-06-19T06:13:41.020+0000] {processor.py:836} INFO - DAG(s) dict_keys(['data_ingestion_gcs_dag']) retrieved from /opt/airflow/dags/stock_data_to_gcp.py
[2023-06-19T06:13:41.062+0000] {logging_mixin.py:149} INFO - [2023-06-19T06:13:41.062+0000] {dag.py:2726} INFO - Sync 1 DAGs
[2023-06-19T06:13:41.129+0000] {processor.py:179} INFO - Processing /opt/airflow/dags/stock_data_to_gcp.py took 0.501 seconds
[2023-06-19T06:14:11.827+0000] {processor.py:157} INFO - Started process (PID=1440) to work on /opt/airflow/dags/stock_data_to_gcp.py
[2023-06-19T06:14:11.829+0000] {processor.py:826} INFO - Processing file /opt/airflow/dags/stock_data_to_gcp.py for tasks to queue
[2023-06-19T06:14:11.833+0000] {logging_mixin.py:149} INFO - [2023-06-19T06:14:11.832+0000] {dagbag.py:541} INFO - Filling up the DagBag from /opt/airflow/dags/stock_data_to_gcp.py
[2023-06-19T06:14:12.176+0000] {processor.py:836} INFO - DAG(s) dict_keys(['data_ingestion_gcs_dag']) retrieved from /opt/airflow/dags/stock_data_to_gcp.py
[2023-06-19T06:14:12.231+0000] {logging_mixin.py:149} INFO - [2023-06-19T06:14:12.230+0000] {dag.py:2726} INFO - Sync 1 DAGs
[2023-06-19T06:14:12.308+0000] {processor.py:179} INFO - Processing /opt/airflow/dags/stock_data_to_gcp.py took 0.489 seconds
[2023-06-19T06:14:42.395+0000] {processor.py:157} INFO - Started process (PID=1578) to work on /opt/airflow/dags/stock_data_to_gcp.py
[2023-06-19T06:14:42.404+0000] {processor.py:826} INFO - Processing file /opt/airflow/dags/stock_data_to_gcp.py for tasks to queue
[2023-06-19T06:14:42.409+0000] {logging_mixin.py:149} INFO - [2023-06-19T06:14:42.408+0000] {dagbag.py:541} INFO - Filling up the DagBag from /opt/airflow/dags/stock_data_to_gcp.py
[2023-06-19T06:14:42.740+0000] {processor.py:836} INFO - DAG(s) dict_keys(['data_ingestion_gcs_dag']) retrieved from /opt/airflow/dags/stock_data_to_gcp.py
[2023-06-19T06:14:42.806+0000] {logging_mixin.py:149} INFO - [2023-06-19T06:14:42.804+0000] {dag.py:2726} INFO - Sync 1 DAGs
[2023-06-19T06:14:42.898+0000] {processor.py:179} INFO - Processing /opt/airflow/dags/stock_data_to_gcp.py took 0.511 seconds
[2023-06-19T06:15:13.589+0000] {processor.py:157} INFO - Started process (PID=1597) to work on /opt/airflow/dags/stock_data_to_gcp.py
[2023-06-19T06:15:13.592+0000] {processor.py:826} INFO - Processing file /opt/airflow/dags/stock_data_to_gcp.py for tasks to queue
[2023-06-19T06:15:13.597+0000] {logging_mixin.py:149} INFO - [2023-06-19T06:15:13.596+0000] {dagbag.py:541} INFO - Filling up the DagBag from /opt/airflow/dags/stock_data_to_gcp.py
[2023-06-19T06:15:13.920+0000] {processor.py:836} INFO - DAG(s) dict_keys(['data_ingestion_gcs_dag']) retrieved from /opt/airflow/dags/stock_data_to_gcp.py
[2023-06-19T06:15:13.965+0000] {logging_mixin.py:149} INFO - [2023-06-19T06:15:13.964+0000] {dag.py:2726} INFO - Sync 1 DAGs
[2023-06-19T06:15:14.040+0000] {processor.py:179} INFO - Processing /opt/airflow/dags/stock_data_to_gcp.py took 0.459 seconds
[2023-06-19T06:15:44.217+0000] {processor.py:157} INFO - Started process (PID=1616) to work on /opt/airflow/dags/stock_data_to_gcp.py
[2023-06-19T06:15:44.222+0000] {processor.py:826} INFO - Processing file /opt/airflow/dags/stock_data_to_gcp.py for tasks to queue
[2023-06-19T06:15:44.234+0000] {logging_mixin.py:149} INFO - [2023-06-19T06:15:44.233+0000] {dagbag.py:541} INFO - Filling up the DagBag from /opt/airflow/dags/stock_data_to_gcp.py
[2023-06-19T06:15:45.076+0000] {processor.py:836} INFO - DAG(s) dict_keys(['data_ingestion_gcs_dag']) retrieved from /opt/airflow/dags/stock_data_to_gcp.py
[2023-06-19T06:15:45.154+0000] {logging_mixin.py:149} INFO - [2023-06-19T06:15:45.151+0000] {dag.py:2726} INFO - Sync 1 DAGs
[2023-06-19T06:15:45.292+0000] {processor.py:179} INFO - Processing /opt/airflow/dags/stock_data_to_gcp.py took 1.096 seconds
[2023-06-19T06:16:15.579+0000] {processor.py:157} INFO - Started process (PID=1634) to work on /opt/airflow/dags/stock_data_to_gcp.py
[2023-06-19T06:16:15.582+0000] {processor.py:826} INFO - Processing file /opt/airflow/dags/stock_data_to_gcp.py for tasks to queue
[2023-06-19T06:16:15.588+0000] {logging_mixin.py:149} INFO - [2023-06-19T06:16:15.588+0000] {dagbag.py:541} INFO - Filling up the DagBag from /opt/airflow/dags/stock_data_to_gcp.py
[2023-06-19T06:16:15.977+0000] {processor.py:836} INFO - DAG(s) dict_keys(['data_ingestion_gcs_dag']) retrieved from /opt/airflow/dags/stock_data_to_gcp.py
[2023-06-19T06:16:16.032+0000] {logging_mixin.py:149} INFO - [2023-06-19T06:16:16.031+0000] {dag.py:2726} INFO - Sync 1 DAGs
[2023-06-19T06:16:16.114+0000] {processor.py:179} INFO - Processing /opt/airflow/dags/stock_data_to_gcp.py took 0.545 seconds
[2023-06-19T06:16:46.195+0000] {processor.py:157} INFO - Started process (PID=1653) to work on /opt/airflow/dags/stock_data_to_gcp.py
[2023-06-19T06:16:46.198+0000] {processor.py:826} INFO - Processing file /opt/airflow/dags/stock_data_to_gcp.py for tasks to queue
[2023-06-19T06:16:46.201+0000] {logging_mixin.py:149} INFO - [2023-06-19T06:16:46.201+0000] {dagbag.py:541} INFO - Filling up the DagBag from /opt/airflow/dags/stock_data_to_gcp.py
[2023-06-19T06:16:46.529+0000] {processor.py:836} INFO - DAG(s) dict_keys(['data_ingestion_gcs_dag']) retrieved from /opt/airflow/dags/stock_data_to_gcp.py
[2023-06-19T06:16:46.572+0000] {logging_mixin.py:149} INFO - [2023-06-19T06:16:46.572+0000] {dag.py:2726} INFO - Sync 1 DAGs
[2023-06-19T06:16:46.640+0000] {processor.py:179} INFO - Processing /opt/airflow/dags/stock_data_to_gcp.py took 0.451 seconds
[2023-06-19T06:17:17.381+0000] {processor.py:157} INFO - Started process (PID=1672) to work on /opt/airflow/dags/stock_data_to_gcp.py
[2023-06-19T06:17:17.384+0000] {processor.py:826} INFO - Processing file /opt/airflow/dags/stock_data_to_gcp.py for tasks to queue
[2023-06-19T06:17:17.389+0000] {logging_mixin.py:149} INFO - [2023-06-19T06:17:17.389+0000] {dagbag.py:541} INFO - Filling up the DagBag from /opt/airflow/dags/stock_data_to_gcp.py
[2023-06-19T06:17:17.726+0000] {processor.py:836} INFO - DAG(s) dict_keys(['data_ingestion_gcs_dag']) retrieved from /opt/airflow/dags/stock_data_to_gcp.py
[2023-06-19T06:17:17.780+0000] {logging_mixin.py:149} INFO - [2023-06-19T06:17:17.779+0000] {dag.py:2726} INFO - Sync 1 DAGs
[2023-06-19T06:17:17.847+0000] {processor.py:179} INFO - Processing /opt/airflow/dags/stock_data_to_gcp.py took 0.473 seconds
[2023-06-19T06:17:47.944+0000] {processor.py:157} INFO - Started process (PID=1691) to work on /opt/airflow/dags/stock_data_to_gcp.py
[2023-06-19T06:17:47.946+0000] {processor.py:826} INFO - Processing file /opt/airflow/dags/stock_data_to_gcp.py for tasks to queue
[2023-06-19T06:17:47.949+0000] {logging_mixin.py:149} INFO - [2023-06-19T06:17:47.949+0000] {dagbag.py:541} INFO - Filling up the DagBag from /opt/airflow/dags/stock_data_to_gcp.py
[2023-06-19T06:17:48.287+0000] {processor.py:836} INFO - DAG(s) dict_keys(['data_ingestion_gcs_dag']) retrieved from /opt/airflow/dags/stock_data_to_gcp.py
[2023-06-19T06:17:48.333+0000] {logging_mixin.py:149} INFO - [2023-06-19T06:17:48.333+0000] {dag.py:2726} INFO - Sync 1 DAGs
[2023-06-19T06:17:48.398+0000] {processor.py:179} INFO - Processing /opt/airflow/dags/stock_data_to_gcp.py took 0.460 seconds
[2023-06-19T06:18:18.479+0000] {processor.py:157} INFO - Started process (PID=1715) to work on /opt/airflow/dags/stock_data_to_gcp.py
[2023-06-19T06:18:18.482+0000] {processor.py:826} INFO - Processing file /opt/airflow/dags/stock_data_to_gcp.py for tasks to queue
[2023-06-19T06:18:18.485+0000] {logging_mixin.py:149} INFO - [2023-06-19T06:18:18.485+0000] {dagbag.py:541} INFO - Filling up the DagBag from /opt/airflow/dags/stock_data_to_gcp.py
[2023-06-19T06:18:18.782+0000] {processor.py:836} INFO - DAG(s) dict_keys(['data_ingestion_gcs_dag']) retrieved from /opt/airflow/dags/stock_data_to_gcp.py
[2023-06-19T06:18:18.825+0000] {logging_mixin.py:149} INFO - [2023-06-19T06:18:18.824+0000] {dag.py:2726} INFO - Sync 1 DAGs
[2023-06-19T06:18:18.904+0000] {processor.py:179} INFO - Processing /opt/airflow/dags/stock_data_to_gcp.py took 0.431 seconds
[2023-06-19T06:18:49.654+0000] {processor.py:157} INFO - Started process (PID=1741) to work on /opt/airflow/dags/stock_data_to_gcp.py
[2023-06-19T06:18:49.655+0000] {processor.py:826} INFO - Processing file /opt/airflow/dags/stock_data_to_gcp.py for tasks to queue
[2023-06-19T06:18:49.659+0000] {logging_mixin.py:149} INFO - [2023-06-19T06:18:49.659+0000] {dagbag.py:541} INFO - Filling up the DagBag from /opt/airflow/dags/stock_data_to_gcp.py
[2023-06-19T06:18:49.980+0000] {processor.py:836} INFO - DAG(s) dict_keys(['data_ingestion_gcs_dag']) retrieved from /opt/airflow/dags/stock_data_to_gcp.py
[2023-06-19T06:18:50.023+0000] {logging_mixin.py:149} INFO - [2023-06-19T06:18:50.022+0000] {dag.py:2726} INFO - Sync 1 DAGs
[2023-06-19T06:18:50.087+0000] {processor.py:179} INFO - Processing /opt/airflow/dags/stock_data_to_gcp.py took 0.439 seconds
[2023-06-19T06:19:20.173+0000] {processor.py:157} INFO - Started process (PID=1761) to work on /opt/airflow/dags/stock_data_to_gcp.py
[2023-06-19T06:19:20.176+0000] {processor.py:826} INFO - Processing file /opt/airflow/dags/stock_data_to_gcp.py for tasks to queue
[2023-06-19T06:19:20.180+0000] {logging_mixin.py:149} INFO - [2023-06-19T06:19:20.179+0000] {dagbag.py:541} INFO - Filling up the DagBag from /opt/airflow/dags/stock_data_to_gcp.py
[2023-06-19T06:19:20.518+0000] {processor.py:836} INFO - DAG(s) dict_keys(['data_ingestion_gcs_dag']) retrieved from /opt/airflow/dags/stock_data_to_gcp.py
[2023-06-19T06:19:20.572+0000] {logging_mixin.py:149} INFO - [2023-06-19T06:19:20.571+0000] {dag.py:2726} INFO - Sync 1 DAGs
[2023-06-19T06:19:20.648+0000] {processor.py:179} INFO - Processing /opt/airflow/dags/stock_data_to_gcp.py took 0.481 seconds
[2023-06-19T06:19:51.335+0000] {processor.py:157} INFO - Started process (PID=1788) to work on /opt/airflow/dags/stock_data_to_gcp.py
[2023-06-19T06:19:51.336+0000] {processor.py:826} INFO - Processing file /opt/airflow/dags/stock_data_to_gcp.py for tasks to queue
[2023-06-19T06:19:51.339+0000] {logging_mixin.py:149} INFO - [2023-06-19T06:19:51.339+0000] {dagbag.py:541} INFO - Filling up the DagBag from /opt/airflow/dags/stock_data_to_gcp.py
[2023-06-19T06:19:51.652+0000] {processor.py:836} INFO - DAG(s) dict_keys(['data_ingestion_gcs_dag']) retrieved from /opt/airflow/dags/stock_data_to_gcp.py
[2023-06-19T06:19:51.705+0000] {logging_mixin.py:149} INFO - [2023-06-19T06:19:51.705+0000] {dag.py:2726} INFO - Sync 1 DAGs
[2023-06-19T06:19:51.776+0000] {processor.py:179} INFO - Processing /opt/airflow/dags/stock_data_to_gcp.py took 0.448 seconds
[2023-06-19T06:20:21.870+0000] {processor.py:157} INFO - Started process (PID=1808) to work on /opt/airflow/dags/stock_data_to_gcp.py
[2023-06-19T06:20:21.873+0000] {processor.py:826} INFO - Processing file /opt/airflow/dags/stock_data_to_gcp.py for tasks to queue
[2023-06-19T06:20:21.876+0000] {logging_mixin.py:149} INFO - [2023-06-19T06:20:21.876+0000] {dagbag.py:541} INFO - Filling up the DagBag from /opt/airflow/dags/stock_data_to_gcp.py
[2023-06-19T06:20:22.176+0000] {processor.py:836} INFO - DAG(s) dict_keys(['data_ingestion_gcs_dag']) retrieved from /opt/airflow/dags/stock_data_to_gcp.py
[2023-06-19T06:20:22.218+0000] {logging_mixin.py:149} INFO - [2023-06-19T06:20:22.217+0000] {dag.py:2726} INFO - Sync 1 DAGs
[2023-06-19T06:20:22.290+0000] {processor.py:179} INFO - Processing /opt/airflow/dags/stock_data_to_gcp.py took 0.427 seconds
[2023-06-19T06:20:53.041+0000] {processor.py:157} INFO - Started process (PID=1827) to work on /opt/airflow/dags/stock_data_to_gcp.py
[2023-06-19T06:20:53.042+0000] {processor.py:826} INFO - Processing file /opt/airflow/dags/stock_data_to_gcp.py for tasks to queue
[2023-06-19T06:20:53.046+0000] {logging_mixin.py:149} INFO - [2023-06-19T06:20:53.046+0000] {dagbag.py:541} INFO - Filling up the DagBag from /opt/airflow/dags/stock_data_to_gcp.py
[2023-06-19T06:20:53.343+0000] {processor.py:836} INFO - DAG(s) dict_keys(['data_ingestion_gcs_dag']) retrieved from /opt/airflow/dags/stock_data_to_gcp.py
[2023-06-19T06:20:53.387+0000] {logging_mixin.py:149} INFO - [2023-06-19T06:20:53.386+0000] {dag.py:2726} INFO - Sync 1 DAGs
[2023-06-19T06:20:53.458+0000] {processor.py:179} INFO - Processing /opt/airflow/dags/stock_data_to_gcp.py took 0.424 seconds
[2023-06-19T06:21:23.575+0000] {processor.py:157} INFO - Started process (PID=1845) to work on /opt/airflow/dags/stock_data_to_gcp.py
[2023-06-19T06:21:23.577+0000] {processor.py:826} INFO - Processing file /opt/airflow/dags/stock_data_to_gcp.py for tasks to queue
[2023-06-19T06:21:23.581+0000] {logging_mixin.py:149} INFO - [2023-06-19T06:21:23.581+0000] {dagbag.py:541} INFO - Filling up the DagBag from /opt/airflow/dags/stock_data_to_gcp.py
[2023-06-19T06:21:23.880+0000] {processor.py:836} INFO - DAG(s) dict_keys(['data_ingestion_gcs_dag']) retrieved from /opt/airflow/dags/stock_data_to_gcp.py
[2023-06-19T06:21:23.922+0000] {logging_mixin.py:149} INFO - [2023-06-19T06:21:23.922+0000] {dag.py:2726} INFO - Sync 1 DAGs
[2023-06-19T06:21:23.990+0000] {processor.py:179} INFO - Processing /opt/airflow/dags/stock_data_to_gcp.py took 0.421 seconds
[2023-06-19T06:21:54.752+0000] {processor.py:157} INFO - Started process (PID=1960) to work on /opt/airflow/dags/stock_data_to_gcp.py
[2023-06-19T06:21:54.755+0000] {processor.py:826} INFO - Processing file /opt/airflow/dags/stock_data_to_gcp.py for tasks to queue
[2023-06-19T06:21:54.759+0000] {logging_mixin.py:149} INFO - [2023-06-19T06:21:54.758+0000] {dagbag.py:541} INFO - Filling up the DagBag from /opt/airflow/dags/stock_data_to_gcp.py
[2023-06-19T06:21:55.073+0000] {processor.py:836} INFO - DAG(s) dict_keys(['data_ingestion_gcs_dag']) retrieved from /opt/airflow/dags/stock_data_to_gcp.py
[2023-06-19T06:21:55.120+0000] {logging_mixin.py:149} INFO - [2023-06-19T06:21:55.119+0000] {dag.py:2726} INFO - Sync 1 DAGs
[2023-06-19T06:21:55.189+0000] {processor.py:179} INFO - Processing /opt/airflow/dags/stock_data_to_gcp.py took 0.443 seconds
[2023-06-19T06:22:25.292+0000] {processor.py:157} INFO - Started process (PID=2159) to work on /opt/airflow/dags/stock_data_to_gcp.py
[2023-06-19T06:22:25.295+0000] {processor.py:826} INFO - Processing file /opt/airflow/dags/stock_data_to_gcp.py for tasks to queue
[2023-06-19T06:22:25.298+0000] {logging_mixin.py:149} INFO - [2023-06-19T06:22:25.298+0000] {dagbag.py:541} INFO - Filling up the DagBag from /opt/airflow/dags/stock_data_to_gcp.py
[2023-06-19T06:22:25.636+0000] {processor.py:836} INFO - DAG(s) dict_keys(['data_ingestion_gcs_dag']) retrieved from /opt/airflow/dags/stock_data_to_gcp.py
[2023-06-19T06:22:25.699+0000] {logging_mixin.py:149} INFO - [2023-06-19T06:22:25.698+0000] {dag.py:2726} INFO - Sync 1 DAGs
[2023-06-19T06:22:25.770+0000] {processor.py:179} INFO - Processing /opt/airflow/dags/stock_data_to_gcp.py took 0.484 seconds
[2023-06-19T06:22:56.498+0000] {processor.py:157} INFO - Started process (PID=2351) to work on /opt/airflow/dags/stock_data_to_gcp.py
[2023-06-19T06:22:56.499+0000] {processor.py:826} INFO - Processing file /opt/airflow/dags/stock_data_to_gcp.py for tasks to queue
[2023-06-19T06:22:56.503+0000] {logging_mixin.py:149} INFO - [2023-06-19T06:22:56.503+0000] {dagbag.py:541} INFO - Filling up the DagBag from /opt/airflow/dags/stock_data_to_gcp.py
[2023-06-19T06:22:56.819+0000] {processor.py:836} INFO - DAG(s) dict_keys(['data_ingestion_gcs_dag']) retrieved from /opt/airflow/dags/stock_data_to_gcp.py
[2023-06-19T06:22:56.862+0000] {logging_mixin.py:149} INFO - [2023-06-19T06:22:56.861+0000] {dag.py:2726} INFO - Sync 1 DAGs
[2023-06-19T06:22:56.935+0000] {processor.py:179} INFO - Processing /opt/airflow/dags/stock_data_to_gcp.py took 0.444 seconds
[2023-06-19T06:23:27.050+0000] {processor.py:157} INFO - Started process (PID=2440) to work on /opt/airflow/dags/stock_data_to_gcp.py
[2023-06-19T06:23:27.053+0000] {processor.py:826} INFO - Processing file /opt/airflow/dags/stock_data_to_gcp.py for tasks to queue
[2023-06-19T06:23:27.056+0000] {logging_mixin.py:149} INFO - [2023-06-19T06:23:27.056+0000] {dagbag.py:541} INFO - Filling up the DagBag from /opt/airflow/dags/stock_data_to_gcp.py
[2023-06-19T06:23:27.350+0000] {processor.py:836} INFO - DAG(s) dict_keys(['data_ingestion_gcs_dag']) retrieved from /opt/airflow/dags/stock_data_to_gcp.py
[2023-06-19T06:23:27.392+0000] {logging_mixin.py:149} INFO - [2023-06-19T06:23:27.391+0000] {dag.py:2726} INFO - Sync 1 DAGs
[2023-06-19T06:23:27.457+0000] {processor.py:179} INFO - Processing /opt/airflow/dags/stock_data_to_gcp.py took 0.413 seconds
[2023-06-19T06:23:58.228+0000] {processor.py:157} INFO - Started process (PID=2459) to work on /opt/airflow/dags/stock_data_to_gcp.py
[2023-06-19T06:23:58.231+0000] {processor.py:826} INFO - Processing file /opt/airflow/dags/stock_data_to_gcp.py for tasks to queue
[2023-06-19T06:23:58.234+0000] {logging_mixin.py:149} INFO - [2023-06-19T06:23:58.234+0000] {dagbag.py:541} INFO - Filling up the DagBag from /opt/airflow/dags/stock_data_to_gcp.py
[2023-06-19T06:23:58.529+0000] {processor.py:836} INFO - DAG(s) dict_keys(['data_ingestion_gcs_dag']) retrieved from /opt/airflow/dags/stock_data_to_gcp.py
[2023-06-19T06:23:58.569+0000] {logging_mixin.py:149} INFO - [2023-06-19T06:23:58.568+0000] {dag.py:2726} INFO - Sync 1 DAGs
[2023-06-19T06:23:58.635+0000] {processor.py:179} INFO - Processing /opt/airflow/dags/stock_data_to_gcp.py took 0.413 seconds
[2023-06-19T06:24:28.802+0000] {processor.py:157} INFO - Started process (PID=2478) to work on /opt/airflow/dags/stock_data_to_gcp.py
[2023-06-19T06:24:28.804+0000] {processor.py:826} INFO - Processing file /opt/airflow/dags/stock_data_to_gcp.py for tasks to queue
[2023-06-19T06:24:28.808+0000] {logging_mixin.py:149} INFO - [2023-06-19T06:24:28.808+0000] {dagbag.py:541} INFO - Filling up the DagBag from /opt/airflow/dags/stock_data_to_gcp.py
[2023-06-19T06:24:29.105+0000] {processor.py:836} INFO - DAG(s) dict_keys(['data_ingestion_gcs_dag']) retrieved from /opt/airflow/dags/stock_data_to_gcp.py
[2023-06-19T06:24:29.148+0000] {logging_mixin.py:149} INFO - [2023-06-19T06:24:29.147+0000] {dag.py:2726} INFO - Sync 1 DAGs
[2023-06-19T06:24:29.214+0000] {processor.py:179} INFO - Processing /opt/airflow/dags/stock_data_to_gcp.py took 0.419 seconds
[2023-06-19T06:25:00.009+0000] {processor.py:157} INFO - Started process (PID=2498) to work on /opt/airflow/dags/stock_data_to_gcp.py
[2023-06-19T06:25:00.011+0000] {processor.py:826} INFO - Processing file /opt/airflow/dags/stock_data_to_gcp.py for tasks to queue
[2023-06-19T06:25:00.015+0000] {logging_mixin.py:149} INFO - [2023-06-19T06:25:00.015+0000] {dagbag.py:541} INFO - Filling up the DagBag from /opt/airflow/dags/stock_data_to_gcp.py
[2023-06-19T06:25:00.317+0000] {processor.py:836} INFO - DAG(s) dict_keys(['data_ingestion_gcs_dag']) retrieved from /opt/airflow/dags/stock_data_to_gcp.py
[2023-06-19T06:25:00.358+0000] {logging_mixin.py:149} INFO - [2023-06-19T06:25:00.358+0000] {dag.py:2726} INFO - Sync 1 DAGs
[2023-06-19T06:25:00.422+0000] {processor.py:179} INFO - Processing /opt/airflow/dags/stock_data_to_gcp.py took 0.420 seconds
[2023-06-19T06:25:30.505+0000] {processor.py:157} INFO - Started process (PID=2517) to work on /opt/airflow/dags/stock_data_to_gcp.py
[2023-06-19T06:25:30.509+0000] {processor.py:826} INFO - Processing file /opt/airflow/dags/stock_data_to_gcp.py for tasks to queue
[2023-06-19T06:25:30.513+0000] {logging_mixin.py:149} INFO - [2023-06-19T06:25:30.513+0000] {dagbag.py:541} INFO - Filling up the DagBag from /opt/airflow/dags/stock_data_to_gcp.py
[2023-06-19T06:25:30.815+0000] {processor.py:836} INFO - DAG(s) dict_keys(['data_ingestion_gcs_dag']) retrieved from /opt/airflow/dags/stock_data_to_gcp.py
[2023-06-19T06:25:30.858+0000] {logging_mixin.py:149} INFO - [2023-06-19T06:25:30.857+0000] {dag.py:2726} INFO - Sync 1 DAGs
[2023-06-19T06:25:30.923+0000] {processor.py:179} INFO - Processing /opt/airflow/dags/stock_data_to_gcp.py took 0.427 seconds
[2023-06-19T06:26:01.679+0000] {processor.py:157} INFO - Started process (PID=2536) to work on /opt/airflow/dags/stock_data_to_gcp.py
[2023-06-19T06:26:01.682+0000] {processor.py:826} INFO - Processing file /opt/airflow/dags/stock_data_to_gcp.py for tasks to queue
[2023-06-19T06:26:01.685+0000] {logging_mixin.py:149} INFO - [2023-06-19T06:26:01.685+0000] {dagbag.py:541} INFO - Filling up the DagBag from /opt/airflow/dags/stock_data_to_gcp.py
[2023-06-19T06:26:01.991+0000] {processor.py:836} INFO - DAG(s) dict_keys(['data_ingestion_gcs_dag']) retrieved from /opt/airflow/dags/stock_data_to_gcp.py
[2023-06-19T06:26:02.031+0000] {logging_mixin.py:149} INFO - [2023-06-19T06:26:02.030+0000] {dag.py:2726} INFO - Sync 1 DAGs
[2023-06-19T06:26:02.101+0000] {processor.py:179} INFO - Processing /opt/airflow/dags/stock_data_to_gcp.py took 0.429 seconds
[2023-06-19T06:26:32.193+0000] {processor.py:157} INFO - Started process (PID=2555) to work on /opt/airflow/dags/stock_data_to_gcp.py
[2023-06-19T06:26:32.196+0000] {processor.py:826} INFO - Processing file /opt/airflow/dags/stock_data_to_gcp.py for tasks to queue
[2023-06-19T06:26:32.200+0000] {logging_mixin.py:149} INFO - [2023-06-19T06:26:32.199+0000] {dagbag.py:541} INFO - Filling up the DagBag from /opt/airflow/dags/stock_data_to_gcp.py
[2023-06-19T06:26:32.516+0000] {processor.py:836} INFO - DAG(s) dict_keys(['data_ingestion_gcs_dag']) retrieved from /opt/airflow/dags/stock_data_to_gcp.py
[2023-06-19T06:26:32.572+0000] {logging_mixin.py:149} INFO - [2023-06-19T06:26:32.570+0000] {dag.py:2726} INFO - Sync 1 DAGs
[2023-06-19T06:26:32.662+0000] {processor.py:179} INFO - Processing /opt/airflow/dags/stock_data_to_gcp.py took 0.475 seconds
[2023-06-19T06:27:03.362+0000] {processor.py:157} INFO - Started process (PID=2574) to work on /opt/airflow/dags/stock_data_to_gcp.py
[2023-06-19T06:27:03.365+0000] {processor.py:826} INFO - Processing file /opt/airflow/dags/stock_data_to_gcp.py for tasks to queue
[2023-06-19T06:27:03.368+0000] {logging_mixin.py:149} INFO - [2023-06-19T06:27:03.368+0000] {dagbag.py:541} INFO - Filling up the DagBag from /opt/airflow/dags/stock_data_to_gcp.py
[2023-06-19T06:27:03.683+0000] {processor.py:836} INFO - DAG(s) dict_keys(['data_ingestion_gcs_dag']) retrieved from /opt/airflow/dags/stock_data_to_gcp.py
[2023-06-19T06:27:03.731+0000] {logging_mixin.py:149} INFO - [2023-06-19T06:27:03.730+0000] {dag.py:2726} INFO - Sync 1 DAGs
[2023-06-19T06:27:03.798+0000] {processor.py:179} INFO - Processing /opt/airflow/dags/stock_data_to_gcp.py took 0.442 seconds
[2023-06-19T06:27:33.870+0000] {processor.py:157} INFO - Started process (PID=2593) to work on /opt/airflow/dags/stock_data_to_gcp.py
[2023-06-19T06:27:33.872+0000] {processor.py:826} INFO - Processing file /opt/airflow/dags/stock_data_to_gcp.py for tasks to queue
[2023-06-19T06:27:33.876+0000] {logging_mixin.py:149} INFO - [2023-06-19T06:27:33.875+0000] {dagbag.py:541} INFO - Filling up the DagBag from /opt/airflow/dags/stock_data_to_gcp.py
[2023-06-19T06:27:34.188+0000] {processor.py:836} INFO - DAG(s) dict_keys(['data_ingestion_gcs_dag']) retrieved from /opt/airflow/dags/stock_data_to_gcp.py
[2023-06-19T06:27:34.230+0000] {logging_mixin.py:149} INFO - [2023-06-19T06:27:34.229+0000] {dag.py:2726} INFO - Sync 1 DAGs
[2023-06-19T06:27:34.294+0000] {processor.py:179} INFO - Processing /opt/airflow/dags/stock_data_to_gcp.py took 0.430 seconds
[2023-06-19T06:28:05.049+0000] {processor.py:157} INFO - Started process (PID=2612) to work on /opt/airflow/dags/stock_data_to_gcp.py
[2023-06-19T06:28:05.052+0000] {processor.py:826} INFO - Processing file /opt/airflow/dags/stock_data_to_gcp.py for tasks to queue
[2023-06-19T06:28:05.056+0000] {logging_mixin.py:149} INFO - [2023-06-19T06:28:05.056+0000] {dagbag.py:541} INFO - Filling up the DagBag from /opt/airflow/dags/stock_data_to_gcp.py
[2023-06-19T06:28:05.358+0000] {processor.py:836} INFO - DAG(s) dict_keys(['data_ingestion_gcs_dag']) retrieved from /opt/airflow/dags/stock_data_to_gcp.py
[2023-06-19T06:28:05.397+0000] {logging_mixin.py:149} INFO - [2023-06-19T06:28:05.397+0000] {dag.py:2726} INFO - Sync 1 DAGs
[2023-06-19T06:28:05.462+0000] {processor.py:179} INFO - Processing /opt/airflow/dags/stock_data_to_gcp.py took 0.419 seconds
[2023-06-19T06:28:35.544+0000] {processor.py:157} INFO - Started process (PID=2632) to work on /opt/airflow/dags/stock_data_to_gcp.py
[2023-06-19T06:28:35.545+0000] {processor.py:826} INFO - Processing file /opt/airflow/dags/stock_data_to_gcp.py for tasks to queue
[2023-06-19T06:28:35.549+0000] {logging_mixin.py:149} INFO - [2023-06-19T06:28:35.549+0000] {dagbag.py:541} INFO - Filling up the DagBag from /opt/airflow/dags/stock_data_to_gcp.py
[2023-06-19T06:28:35.845+0000] {processor.py:836} INFO - DAG(s) dict_keys(['data_ingestion_gcs_dag']) retrieved from /opt/airflow/dags/stock_data_to_gcp.py
[2023-06-19T06:28:35.887+0000] {logging_mixin.py:149} INFO - [2023-06-19T06:28:35.886+0000] {dag.py:2726} INFO - Sync 1 DAGs
[2023-06-19T06:28:35.954+0000] {processor.py:179} INFO - Processing /opt/airflow/dags/stock_data_to_gcp.py took 0.416 seconds
[2023-06-19T06:29:06.720+0000] {processor.py:157} INFO - Started process (PID=2651) to work on /opt/airflow/dags/stock_data_to_gcp.py
[2023-06-19T06:29:06.723+0000] {processor.py:826} INFO - Processing file /opt/airflow/dags/stock_data_to_gcp.py for tasks to queue
[2023-06-19T06:29:06.726+0000] {logging_mixin.py:149} INFO - [2023-06-19T06:29:06.726+0000] {dagbag.py:541} INFO - Filling up the DagBag from /opt/airflow/dags/stock_data_to_gcp.py
[2023-06-19T06:29:07.039+0000] {processor.py:836} INFO - DAG(s) dict_keys(['data_ingestion_gcs_dag']) retrieved from /opt/airflow/dags/stock_data_to_gcp.py
[2023-06-19T06:29:07.081+0000] {logging_mixin.py:149} INFO - [2023-06-19T06:29:07.081+0000] {dag.py:2726} INFO - Sync 1 DAGs
[2023-06-19T06:29:07.146+0000] {processor.py:179} INFO - Processing /opt/airflow/dags/stock_data_to_gcp.py took 0.433 seconds
[2023-06-19T06:29:37.216+0000] {processor.py:157} INFO - Started process (PID=2671) to work on /opt/airflow/dags/stock_data_to_gcp.py
[2023-06-19T06:29:37.218+0000] {processor.py:826} INFO - Processing file /opt/airflow/dags/stock_data_to_gcp.py for tasks to queue
[2023-06-19T06:29:37.222+0000] {logging_mixin.py:149} INFO - [2023-06-19T06:29:37.221+0000] {dagbag.py:541} INFO - Filling up the DagBag from /opt/airflow/dags/stock_data_to_gcp.py
[2023-06-19T06:29:37.511+0000] {processor.py:836} INFO - DAG(s) dict_keys(['data_ingestion_gcs_dag']) retrieved from /opt/airflow/dags/stock_data_to_gcp.py
[2023-06-19T06:29:37.553+0000] {logging_mixin.py:149} INFO - [2023-06-19T06:29:37.552+0000] {dag.py:2726} INFO - Sync 1 DAGs
[2023-06-19T06:29:37.618+0000] {processor.py:179} INFO - Processing /opt/airflow/dags/stock_data_to_gcp.py took 0.408 seconds
[2023-06-19T06:30:08.393+0000] {processor.py:157} INFO - Started process (PID=2690) to work on /opt/airflow/dags/stock_data_to_gcp.py
[2023-06-19T06:30:08.396+0000] {processor.py:826} INFO - Processing file /opt/airflow/dags/stock_data_to_gcp.py for tasks to queue
[2023-06-19T06:30:08.399+0000] {logging_mixin.py:149} INFO - [2023-06-19T06:30:08.399+0000] {dagbag.py:541} INFO - Filling up the DagBag from /opt/airflow/dags/stock_data_to_gcp.py
[2023-06-19T06:30:08.700+0000] {processor.py:836} INFO - DAG(s) dict_keys(['data_ingestion_gcs_dag']) retrieved from /opt/airflow/dags/stock_data_to_gcp.py
[2023-06-19T06:30:08.740+0000] {logging_mixin.py:149} INFO - [2023-06-19T06:30:08.739+0000] {dag.py:2726} INFO - Sync 1 DAGs
[2023-06-19T06:30:08.805+0000] {processor.py:179} INFO - Processing /opt/airflow/dags/stock_data_to_gcp.py took 0.418 seconds
[2023-06-19T06:30:38.904+0000] {processor.py:157} INFO - Started process (PID=2709) to work on /opt/airflow/dags/stock_data_to_gcp.py
[2023-06-19T06:30:38.906+0000] {processor.py:826} INFO - Processing file /opt/airflow/dags/stock_data_to_gcp.py for tasks to queue
[2023-06-19T06:30:38.910+0000] {logging_mixin.py:149} INFO - [2023-06-19T06:30:38.910+0000] {dagbag.py:541} INFO - Filling up the DagBag from /opt/airflow/dags/stock_data_to_gcp.py
[2023-06-19T06:30:39.204+0000] {processor.py:836} INFO - DAG(s) dict_keys(['data_ingestion_gcs_dag']) retrieved from /opt/airflow/dags/stock_data_to_gcp.py
[2023-06-19T06:30:39.247+0000] {logging_mixin.py:149} INFO - [2023-06-19T06:30:39.246+0000] {dag.py:2726} INFO - Sync 1 DAGs
[2023-06-19T06:30:39.315+0000] {processor.py:179} INFO - Processing /opt/airflow/dags/stock_data_to_gcp.py took 0.417 seconds
[2023-06-19T06:31:10.082+0000] {processor.py:157} INFO - Started process (PID=2728) to work on /opt/airflow/dags/stock_data_to_gcp.py
[2023-06-19T06:31:10.085+0000] {processor.py:826} INFO - Processing file /opt/airflow/dags/stock_data_to_gcp.py for tasks to queue
[2023-06-19T06:31:10.088+0000] {logging_mixin.py:149} INFO - [2023-06-19T06:31:10.088+0000] {dagbag.py:541} INFO - Filling up the DagBag from /opt/airflow/dags/stock_data_to_gcp.py
[2023-06-19T06:31:10.393+0000] {processor.py:836} INFO - DAG(s) dict_keys(['data_ingestion_gcs_dag']) retrieved from /opt/airflow/dags/stock_data_to_gcp.py
[2023-06-19T06:31:10.437+0000] {logging_mixin.py:149} INFO - [2023-06-19T06:31:10.436+0000] {dag.py:2726} INFO - Sync 1 DAGs
[2023-06-19T06:31:10.507+0000] {processor.py:179} INFO - Processing /opt/airflow/dags/stock_data_to_gcp.py took 0.431 seconds
[2023-06-19T06:31:40.715+0000] {processor.py:157} INFO - Started process (PID=2746) to work on /opt/airflow/dags/stock_data_to_gcp.py
[2023-06-19T06:31:40.717+0000] {processor.py:826} INFO - Processing file /opt/airflow/dags/stock_data_to_gcp.py for tasks to queue
[2023-06-19T06:31:40.721+0000] {logging_mixin.py:149} INFO - [2023-06-19T06:31:40.721+0000] {dagbag.py:541} INFO - Filling up the DagBag from /opt/airflow/dags/stock_data_to_gcp.py
[2023-06-19T06:31:41.167+0000] {processor.py:836} INFO - DAG(s) dict_keys(['data_ingestion_gcs_dag']) retrieved from /opt/airflow/dags/stock_data_to_gcp.py
[2023-06-19T06:31:41.224+0000] {logging_mixin.py:149} INFO - [2023-06-19T06:31:41.223+0000] {dag.py:2726} INFO - Sync 1 DAGs
[2023-06-19T06:31:41.312+0000] {processor.py:179} INFO - Processing /opt/airflow/dags/stock_data_to_gcp.py took 0.606 seconds
