[2023-06-18T05:59:26.459+0000] {processor.py:157} INFO - Started process (PID=163) to work on /opt/airflow/dags/first_dag.py
[2023-06-18T05:59:26.461+0000] {processor.py:826} INFO - Processing file /opt/airflow/dags/first_dag.py for tasks to queue
[2023-06-18T05:59:26.463+0000] {logging_mixin.py:149} INFO - [2023-06-18T05:59:26.463+0000] {dagbag.py:541} INFO - Filling up the DagBag from /opt/airflow/dags/first_dag.py
[2023-06-18T05:59:26.489+0000] {logging_mixin.py:149} INFO - [2023-06-18T05:59:26.484+0000] {dagbag.py:350} ERROR - Failed to import: /opt/airflow/dags/first_dag.py
Traceback (most recent call last):
  File "/home/airflow/.local/lib/python3.7/site-packages/airflow/models/dagbag.py", line 346, in parse
    loader.exec_module(new_module)
  File "<frozen importlib._bootstrap_external>", line 728, in exec_module
  File "<frozen importlib._bootstrap>", line 219, in _call_with_frames_removed
  File "/opt/airflow/dags/first_dag.py", line 21, in <module>
    python_callable = hello_world)
  File "/home/airflow/.local/lib/python3.7/site-packages/airflow/models/baseoperator.py", line 429, in apply_defaults
    result = func(self, **kwargs, default_args=default_args)
  File "/home/airflow/.local/lib/python3.7/site-packages/airflow/operators/python.py", line 166, in __init__
    super().__init__(**kwargs)
  File "/home/airflow/.local/lib/python3.7/site-packages/airflow/models/baseoperator.py", line 429, in apply_defaults
    result = func(self, **kwargs, default_args=default_args)
  File "/home/airflow/.local/lib/python3.7/site-packages/airflow/models/baseoperator.py", line 799, in __init__
    validate_key(task_id)
  File "/home/airflow/.local/lib/python3.7/site-packages/airflow/utils/helpers.py", line 56, in validate_key
    f"The key {k!r} has to be made of alphanumeric characters, dashes, "
airflow.exceptions.AirflowException: The key 'Hello world' has to be made of alphanumeric characters, dashes, dots and underscores exclusively
[2023-06-18T05:59:26.490+0000] {processor.py:838} WARNING - No viable dags retrieved from /opt/airflow/dags/first_dag.py
[2023-06-18T05:59:26.556+0000] {processor.py:179} INFO - Processing /opt/airflow/dags/first_dag.py took 0.108 seconds
[2023-06-18T05:59:56.725+0000] {processor.py:157} INFO - Started process (PID=175) to work on /opt/airflow/dags/first_dag.py
[2023-06-18T05:59:56.737+0000] {processor.py:826} INFO - Processing file /opt/airflow/dags/first_dag.py for tasks to queue
[2023-06-18T05:59:56.738+0000] {logging_mixin.py:149} INFO - [2023-06-18T05:59:56.738+0000] {dagbag.py:541} INFO - Filling up the DagBag from /opt/airflow/dags/first_dag.py
[2023-06-18T05:59:56.750+0000] {logging_mixin.py:149} INFO - [2023-06-18T05:59:56.748+0000] {dagbag.py:350} ERROR - Failed to import: /opt/airflow/dags/first_dag.py
Traceback (most recent call last):
  File "/home/airflow/.local/lib/python3.7/site-packages/airflow/models/dagbag.py", line 346, in parse
    loader.exec_module(new_module)
  File "<frozen importlib._bootstrap_external>", line 728, in exec_module
  File "<frozen importlib._bootstrap>", line 219, in _call_with_frames_removed
  File "/opt/airflow/dags/first_dag.py", line 21, in <module>
    python_callable = hello_world)
  File "/home/airflow/.local/lib/python3.7/site-packages/airflow/models/baseoperator.py", line 429, in apply_defaults
    result = func(self, **kwargs, default_args=default_args)
  File "/home/airflow/.local/lib/python3.7/site-packages/airflow/operators/python.py", line 166, in __init__
    super().__init__(**kwargs)
  File "/home/airflow/.local/lib/python3.7/site-packages/airflow/models/baseoperator.py", line 429, in apply_defaults
    result = func(self, **kwargs, default_args=default_args)
  File "/home/airflow/.local/lib/python3.7/site-packages/airflow/models/baseoperator.py", line 799, in __init__
    validate_key(task_id)
  File "/home/airflow/.local/lib/python3.7/site-packages/airflow/utils/helpers.py", line 56, in validate_key
    f"The key {k!r} has to be made of alphanumeric characters, dashes, "
airflow.exceptions.AirflowException: The key 'Hello world' has to be made of alphanumeric characters, dashes, dots and underscores exclusively
[2023-06-18T05:59:56.751+0000] {processor.py:838} WARNING - No viable dags retrieved from /opt/airflow/dags/first_dag.py
[2023-06-18T05:59:56.786+0000] {processor.py:179} INFO - Processing /opt/airflow/dags/first_dag.py took 0.067 seconds
[2023-06-18T06:00:26.886+0000] {processor.py:157} INFO - Started process (PID=187) to work on /opt/airflow/dags/first_dag.py
[2023-06-18T06:00:26.899+0000] {processor.py:826} INFO - Processing file /opt/airflow/dags/first_dag.py for tasks to queue
[2023-06-18T06:00:26.900+0000] {logging_mixin.py:149} INFO - [2023-06-18T06:00:26.900+0000] {dagbag.py:541} INFO - Filling up the DagBag from /opt/airflow/dags/first_dag.py
[2023-06-18T06:00:26.912+0000] {logging_mixin.py:149} INFO - [2023-06-18T06:00:26.910+0000] {dagbag.py:350} ERROR - Failed to import: /opt/airflow/dags/first_dag.py
Traceback (most recent call last):
  File "/home/airflow/.local/lib/python3.7/site-packages/airflow/models/dagbag.py", line 346, in parse
    loader.exec_module(new_module)
  File "<frozen importlib._bootstrap_external>", line 728, in exec_module
  File "<frozen importlib._bootstrap>", line 219, in _call_with_frames_removed
  File "/opt/airflow/dags/first_dag.py", line 21, in <module>
    python_callable = hello_world)
  File "/home/airflow/.local/lib/python3.7/site-packages/airflow/models/baseoperator.py", line 429, in apply_defaults
    result = func(self, **kwargs, default_args=default_args)
  File "/home/airflow/.local/lib/python3.7/site-packages/airflow/operators/python.py", line 166, in __init__
    super().__init__(**kwargs)
  File "/home/airflow/.local/lib/python3.7/site-packages/airflow/models/baseoperator.py", line 429, in apply_defaults
    result = func(self, **kwargs, default_args=default_args)
  File "/home/airflow/.local/lib/python3.7/site-packages/airflow/models/baseoperator.py", line 799, in __init__
    validate_key(task_id)
  File "/home/airflow/.local/lib/python3.7/site-packages/airflow/utils/helpers.py", line 56, in validate_key
    f"The key {k!r} has to be made of alphanumeric characters, dashes, "
airflow.exceptions.AirflowException: The key 'Hello world' has to be made of alphanumeric characters, dashes, dots and underscores exclusively
[2023-06-18T06:00:26.913+0000] {processor.py:838} WARNING - No viable dags retrieved from /opt/airflow/dags/first_dag.py
[2023-06-18T06:00:26.941+0000] {processor.py:179} INFO - Processing /opt/airflow/dags/first_dag.py took 0.060 seconds
[2023-06-18T06:00:57.073+0000] {processor.py:157} INFO - Started process (PID=200) to work on /opt/airflow/dags/first_dag.py
[2023-06-18T06:00:57.075+0000] {processor.py:826} INFO - Processing file /opt/airflow/dags/first_dag.py for tasks to queue
[2023-06-18T06:00:57.076+0000] {logging_mixin.py:149} INFO - [2023-06-18T06:00:57.076+0000] {dagbag.py:541} INFO - Filling up the DagBag from /opt/airflow/dags/first_dag.py
[2023-06-18T06:00:57.088+0000] {logging_mixin.py:149} INFO - [2023-06-18T06:00:57.086+0000] {dagbag.py:350} ERROR - Failed to import: /opt/airflow/dags/first_dag.py
Traceback (most recent call last):
  File "/home/airflow/.local/lib/python3.7/site-packages/airflow/models/dagbag.py", line 346, in parse
    loader.exec_module(new_module)
  File "<frozen importlib._bootstrap_external>", line 728, in exec_module
  File "<frozen importlib._bootstrap>", line 219, in _call_with_frames_removed
  File "/opt/airflow/dags/first_dag.py", line 21, in <module>
    python_callable = hello_world)
  File "/home/airflow/.local/lib/python3.7/site-packages/airflow/models/baseoperator.py", line 429, in apply_defaults
    result = func(self, **kwargs, default_args=default_args)
  File "/home/airflow/.local/lib/python3.7/site-packages/airflow/operators/python.py", line 166, in __init__
    super().__init__(**kwargs)
  File "/home/airflow/.local/lib/python3.7/site-packages/airflow/models/baseoperator.py", line 429, in apply_defaults
    result = func(self, **kwargs, default_args=default_args)
  File "/home/airflow/.local/lib/python3.7/site-packages/airflow/models/baseoperator.py", line 799, in __init__
    validate_key(task_id)
  File "/home/airflow/.local/lib/python3.7/site-packages/airflow/utils/helpers.py", line 56, in validate_key
    f"The key {k!r} has to be made of alphanumeric characters, dashes, "
airflow.exceptions.AirflowException: The key 'Hello world' has to be made of alphanumeric characters, dashes, dots and underscores exclusively
[2023-06-18T06:00:57.089+0000] {processor.py:838} WARNING - No viable dags retrieved from /opt/airflow/dags/first_dag.py
[2023-06-18T06:00:57.117+0000] {processor.py:179} INFO - Processing /opt/airflow/dags/first_dag.py took 0.049 seconds
[2023-06-18T06:01:27.234+0000] {processor.py:157} INFO - Started process (PID=211) to work on /opt/airflow/dags/first_dag.py
[2023-06-18T06:01:27.235+0000] {processor.py:826} INFO - Processing file /opt/airflow/dags/first_dag.py for tasks to queue
[2023-06-18T06:01:27.236+0000] {logging_mixin.py:149} INFO - [2023-06-18T06:01:27.236+0000] {dagbag.py:541} INFO - Filling up the DagBag from /opt/airflow/dags/first_dag.py
[2023-06-18T06:01:27.252+0000] {logging_mixin.py:149} INFO - [2023-06-18T06:01:27.249+0000] {dagbag.py:350} ERROR - Failed to import: /opt/airflow/dags/first_dag.py
Traceback (most recent call last):
  File "/home/airflow/.local/lib/python3.7/site-packages/airflow/models/dagbag.py", line 346, in parse
    loader.exec_module(new_module)
  File "<frozen importlib._bootstrap_external>", line 728, in exec_module
  File "<frozen importlib._bootstrap>", line 219, in _call_with_frames_removed
  File "/opt/airflow/dags/first_dag.py", line 21, in <module>
    python_callable = hello_world)
  File "/home/airflow/.local/lib/python3.7/site-packages/airflow/models/baseoperator.py", line 429, in apply_defaults
    result = func(self, **kwargs, default_args=default_args)
  File "/home/airflow/.local/lib/python3.7/site-packages/airflow/operators/python.py", line 166, in __init__
    super().__init__(**kwargs)
  File "/home/airflow/.local/lib/python3.7/site-packages/airflow/models/baseoperator.py", line 429, in apply_defaults
    result = func(self, **kwargs, default_args=default_args)
  File "/home/airflow/.local/lib/python3.7/site-packages/airflow/models/baseoperator.py", line 799, in __init__
    validate_key(task_id)
  File "/home/airflow/.local/lib/python3.7/site-packages/airflow/utils/helpers.py", line 56, in validate_key
    f"The key {k!r} has to be made of alphanumeric characters, dashes, "
airflow.exceptions.AirflowException: The key 'Hello world' has to be made of alphanumeric characters, dashes, dots and underscores exclusively
[2023-06-18T06:01:27.252+0000] {processor.py:838} WARNING - No viable dags retrieved from /opt/airflow/dags/first_dag.py
[2023-06-18T06:01:27.280+0000] {processor.py:179} INFO - Processing /opt/airflow/dags/first_dag.py took 0.052 seconds
[2023-06-18T06:01:57.408+0000] {processor.py:157} INFO - Started process (PID=223) to work on /opt/airflow/dags/first_dag.py
[2023-06-18T06:01:57.411+0000] {processor.py:826} INFO - Processing file /opt/airflow/dags/first_dag.py for tasks to queue
[2023-06-18T06:01:57.412+0000] {logging_mixin.py:149} INFO - [2023-06-18T06:01:57.412+0000] {dagbag.py:541} INFO - Filling up the DagBag from /opt/airflow/dags/first_dag.py
[2023-06-18T06:01:57.424+0000] {logging_mixin.py:149} INFO - [2023-06-18T06:01:57.422+0000] {dagbag.py:350} ERROR - Failed to import: /opt/airflow/dags/first_dag.py
Traceback (most recent call last):
  File "/home/airflow/.local/lib/python3.7/site-packages/airflow/models/dagbag.py", line 346, in parse
    loader.exec_module(new_module)
  File "<frozen importlib._bootstrap_external>", line 728, in exec_module
  File "<frozen importlib._bootstrap>", line 219, in _call_with_frames_removed
  File "/opt/airflow/dags/first_dag.py", line 21, in <module>
    python_callable = hello_world)
  File "/home/airflow/.local/lib/python3.7/site-packages/airflow/models/baseoperator.py", line 429, in apply_defaults
    result = func(self, **kwargs, default_args=default_args)
  File "/home/airflow/.local/lib/python3.7/site-packages/airflow/operators/python.py", line 166, in __init__
    super().__init__(**kwargs)
  File "/home/airflow/.local/lib/python3.7/site-packages/airflow/models/baseoperator.py", line 429, in apply_defaults
    result = func(self, **kwargs, default_args=default_args)
  File "/home/airflow/.local/lib/python3.7/site-packages/airflow/models/baseoperator.py", line 799, in __init__
    validate_key(task_id)
  File "/home/airflow/.local/lib/python3.7/site-packages/airflow/utils/helpers.py", line 56, in validate_key
    f"The key {k!r} has to be made of alphanumeric characters, dashes, "
airflow.exceptions.AirflowException: The key 'Hello world' has to be made of alphanumeric characters, dashes, dots and underscores exclusively
[2023-06-18T06:01:57.425+0000] {processor.py:838} WARNING - No viable dags retrieved from /opt/airflow/dags/first_dag.py
[2023-06-18T06:01:57.452+0000] {processor.py:179} INFO - Processing /opt/airflow/dags/first_dag.py took 0.048 seconds
[2023-06-18T06:02:22.545+0000] {processor.py:157} INFO - Started process (PID=235) to work on /opt/airflow/dags/first_dag.py
[2023-06-18T06:02:22.547+0000] {processor.py:826} INFO - Processing file /opt/airflow/dags/first_dag.py for tasks to queue
[2023-06-18T06:02:22.548+0000] {logging_mixin.py:149} INFO - [2023-06-18T06:02:22.548+0000] {dagbag.py:541} INFO - Filling up the DagBag from /opt/airflow/dags/first_dag.py
[2023-06-18T06:02:22.577+0000] {processor.py:836} INFO - DAG(s) dict_keys(['first_dag']) retrieved from /opt/airflow/dags/first_dag.py
[2023-06-18T06:02:23.023+0000] {logging_mixin.py:149} INFO - [2023-06-18T06:02:23.023+0000] {manager.py:504} INFO - Created Permission View: can edit on DAG:first_dag
[2023-06-18T06:02:23.037+0000] {logging_mixin.py:149} INFO - [2023-06-18T06:02:23.036+0000] {manager.py:504} INFO - Created Permission View: can read on DAG:first_dag
[2023-06-18T06:02:23.047+0000] {logging_mixin.py:149} INFO - [2023-06-18T06:02:23.047+0000] {manager.py:504} INFO - Created Permission View: can delete on DAG:first_dag
[2023-06-18T06:02:23.048+0000] {logging_mixin.py:149} INFO - [2023-06-18T06:02:23.048+0000] {dag.py:2726} INFO - Sync 1 DAGs
[2023-06-18T06:02:23.065+0000] {logging_mixin.py:149} INFO - [2023-06-18T06:02:23.065+0000] {dag.py:2747} INFO - Creating ORM DAG for first_dag
[2023-06-18T06:02:23.081+0000] {logging_mixin.py:149} INFO - [2023-06-18T06:02:23.081+0000] {dag.py:3490} INFO - Setting next_dagrun for first_dag to 2023-06-18T05:00:00+00:00, run_after=2023-06-18T06:00:00+00:00
[2023-06-18T06:02:23.107+0000] {processor.py:179} INFO - Processing /opt/airflow/dags/first_dag.py took 0.569 seconds
[2023-06-18T06:02:24.149+0000] {processor.py:157} INFO - Started process (PID=240) to work on /opt/airflow/dags/first_dag.py
[2023-06-18T06:02:24.150+0000] {processor.py:826} INFO - Processing file /opt/airflow/dags/first_dag.py for tasks to queue
[2023-06-18T06:02:24.151+0000] {logging_mixin.py:149} INFO - [2023-06-18T06:02:24.151+0000] {dagbag.py:541} INFO - Filling up the DagBag from /opt/airflow/dags/first_dag.py
[2023-06-18T06:02:24.170+0000] {processor.py:836} INFO - DAG(s) dict_keys(['first_dag']) retrieved from /opt/airflow/dags/first_dag.py
[2023-06-18T06:02:24.190+0000] {logging_mixin.py:149} INFO - [2023-06-18T06:02:24.190+0000] {dag.py:2726} INFO - Sync 1 DAGs
[2023-06-18T06:02:24.230+0000] {logging_mixin.py:149} INFO - [2023-06-18T06:02:24.230+0000] {dag.py:3490} INFO - Setting next_dagrun for first_dag to 2023-06-18T05:00:00+00:00, run_after=2023-06-18T06:00:00+00:00
[2023-06-18T06:02:24.259+0000] {processor.py:179} INFO - Processing /opt/airflow/dags/first_dag.py took 0.116 seconds
[2023-06-18T06:02:54.297+0000] {processor.py:157} INFO - Started process (PID=252) to work on /opt/airflow/dags/first_dag.py
[2023-06-18T06:02:54.300+0000] {processor.py:826} INFO - Processing file /opt/airflow/dags/first_dag.py for tasks to queue
[2023-06-18T06:02:54.301+0000] {logging_mixin.py:149} INFO - [2023-06-18T06:02:54.301+0000] {dagbag.py:541} INFO - Filling up the DagBag from /opt/airflow/dags/first_dag.py
[2023-06-18T06:02:54.319+0000] {processor.py:836} INFO - DAG(s) dict_keys(['first_dag']) retrieved from /opt/airflow/dags/first_dag.py
[2023-06-18T06:02:54.365+0000] {logging_mixin.py:149} INFO - [2023-06-18T06:02:54.365+0000] {dag.py:2726} INFO - Sync 1 DAGs
[2023-06-18T06:02:54.407+0000] {logging_mixin.py:149} INFO - [2023-06-18T06:02:54.407+0000] {dag.py:3490} INFO - Setting next_dagrun for first_dag to 2023-06-18T05:00:00+00:00, run_after=2023-06-18T06:00:00+00:00
[2023-06-18T06:02:54.624+0000] {processor.py:179} INFO - Processing /opt/airflow/dags/first_dag.py took 0.332 seconds
[2023-06-18T06:03:24.787+0000] {processor.py:157} INFO - Started process (PID=264) to work on /opt/airflow/dags/first_dag.py
[2023-06-18T06:03:24.800+0000] {processor.py:826} INFO - Processing file /opt/airflow/dags/first_dag.py for tasks to queue
[2023-06-18T06:03:24.801+0000] {logging_mixin.py:149} INFO - [2023-06-18T06:03:24.801+0000] {dagbag.py:541} INFO - Filling up the DagBag from /opt/airflow/dags/first_dag.py
[2023-06-18T06:03:24.819+0000] {processor.py:836} INFO - DAG(s) dict_keys(['first_dag']) retrieved from /opt/airflow/dags/first_dag.py
[2023-06-18T06:03:24.862+0000] {logging_mixin.py:149} INFO - [2023-06-18T06:03:24.862+0000] {dag.py:2726} INFO - Sync 1 DAGs
[2023-06-18T06:03:25.074+0000] {logging_mixin.py:149} INFO - [2023-06-18T06:03:25.074+0000] {dag.py:3490} INFO - Setting next_dagrun for first_dag to 2023-06-18T05:00:00+00:00, run_after=2023-06-18T06:00:00+00:00
[2023-06-18T06:03:25.098+0000] {processor.py:179} INFO - Processing /opt/airflow/dags/first_dag.py took 0.317 seconds
[2023-06-18T06:03:55.268+0000] {processor.py:157} INFO - Started process (PID=276) to work on /opt/airflow/dags/first_dag.py
[2023-06-18T06:03:55.269+0000] {processor.py:826} INFO - Processing file /opt/airflow/dags/first_dag.py for tasks to queue
[2023-06-18T06:03:55.271+0000] {logging_mixin.py:149} INFO - [2023-06-18T06:03:55.270+0000] {dagbag.py:541} INFO - Filling up the DagBag from /opt/airflow/dags/first_dag.py
[2023-06-18T06:03:55.289+0000] {processor.py:836} INFO - DAG(s) dict_keys(['first_dag']) retrieved from /opt/airflow/dags/first_dag.py
[2023-06-18T06:03:55.332+0000] {logging_mixin.py:149} INFO - [2023-06-18T06:03:55.331+0000] {dag.py:2726} INFO - Sync 1 DAGs
[2023-06-18T06:03:55.534+0000] {logging_mixin.py:149} INFO - [2023-06-18T06:03:55.534+0000] {dag.py:3490} INFO - Setting next_dagrun for first_dag to 2023-06-18T05:00:00+00:00, run_after=2023-06-18T06:00:00+00:00
[2023-06-18T06:03:55.556+0000] {processor.py:179} INFO - Processing /opt/airflow/dags/first_dag.py took 0.293 seconds
[2023-06-18T06:04:25.729+0000] {processor.py:157} INFO - Started process (PID=296) to work on /opt/airflow/dags/first_dag.py
[2023-06-18T06:04:25.743+0000] {processor.py:826} INFO - Processing file /opt/airflow/dags/first_dag.py for tasks to queue
[2023-06-18T06:04:25.744+0000] {logging_mixin.py:149} INFO - [2023-06-18T06:04:25.744+0000] {dagbag.py:541} INFO - Filling up the DagBag from /opt/airflow/dags/first_dag.py
[2023-06-18T06:04:25.764+0000] {processor.py:836} INFO - DAG(s) dict_keys(['first_dag']) retrieved from /opt/airflow/dags/first_dag.py
[2023-06-18T06:04:25.985+0000] {logging_mixin.py:149} INFO - [2023-06-18T06:04:25.985+0000] {dag.py:2726} INFO - Sync 1 DAGs
[2023-06-18T06:04:26.021+0000] {logging_mixin.py:149} INFO - [2023-06-18T06:04:26.020+0000] {dag.py:3490} INFO - Setting next_dagrun for first_dag to 2023-06-18T06:00:00+00:00, run_after=2023-06-18T07:00:00+00:00
[2023-06-18T06:04:26.047+0000] {processor.py:179} INFO - Processing /opt/airflow/dags/first_dag.py took 0.324 seconds
[2023-06-18T06:04:56.218+0000] {processor.py:157} INFO - Started process (PID=308) to work on /opt/airflow/dags/first_dag.py
[2023-06-18T06:04:56.219+0000] {processor.py:826} INFO - Processing file /opt/airflow/dags/first_dag.py for tasks to queue
[2023-06-18T06:04:56.220+0000] {logging_mixin.py:149} INFO - [2023-06-18T06:04:56.220+0000] {dagbag.py:541} INFO - Filling up the DagBag from /opt/airflow/dags/first_dag.py
[2023-06-18T06:04:56.239+0000] {processor.py:836} INFO - DAG(s) dict_keys(['first_dag']) retrieved from /opt/airflow/dags/first_dag.py
[2023-06-18T06:04:56.453+0000] {logging_mixin.py:149} INFO - [2023-06-18T06:04:56.453+0000] {dag.py:2726} INFO - Sync 1 DAGs
[2023-06-18T06:04:56.489+0000] {logging_mixin.py:149} INFO - [2023-06-18T06:04:56.488+0000] {dag.py:3490} INFO - Setting next_dagrun for first_dag to 2023-06-18T06:00:00+00:00, run_after=2023-06-18T07:00:00+00:00
[2023-06-18T06:04:56.513+0000] {processor.py:179} INFO - Processing /opt/airflow/dags/first_dag.py took 0.301 seconds
[2023-06-18T06:05:26.631+0000] {processor.py:157} INFO - Started process (PID=320) to work on /opt/airflow/dags/first_dag.py
[2023-06-18T06:05:26.648+0000] {processor.py:826} INFO - Processing file /opt/airflow/dags/first_dag.py for tasks to queue
[2023-06-18T06:05:26.650+0000] {logging_mixin.py:149} INFO - [2023-06-18T06:05:26.649+0000] {dagbag.py:541} INFO - Filling up the DagBag from /opt/airflow/dags/first_dag.py
[2023-06-18T06:05:26.669+0000] {processor.py:836} INFO - DAG(s) dict_keys(['first_dag']) retrieved from /opt/airflow/dags/first_dag.py
[2023-06-18T06:05:26.730+0000] {logging_mixin.py:149} INFO - [2023-06-18T06:05:26.730+0000] {dag.py:2726} INFO - Sync 1 DAGs
[2023-06-18T06:05:26.777+0000] {logging_mixin.py:149} INFO - [2023-06-18T06:05:26.777+0000] {dag.py:3490} INFO - Setting next_dagrun for first_dag to 2023-06-18T06:00:00+00:00, run_after=2023-06-18T07:00:00+00:00
[2023-06-18T06:05:26.803+0000] {processor.py:179} INFO - Processing /opt/airflow/dags/first_dag.py took 0.178 seconds
[2023-06-18T06:05:56.839+0000] {processor.py:157} INFO - Started process (PID=332) to work on /opt/airflow/dags/first_dag.py
[2023-06-18T06:05:56.848+0000] {processor.py:826} INFO - Processing file /opt/airflow/dags/first_dag.py for tasks to queue
[2023-06-18T06:05:56.850+0000] {logging_mixin.py:149} INFO - [2023-06-18T06:05:56.849+0000] {dagbag.py:541} INFO - Filling up the DagBag from /opt/airflow/dags/first_dag.py
[2023-06-18T06:05:56.868+0000] {processor.py:836} INFO - DAG(s) dict_keys(['first_dag']) retrieved from /opt/airflow/dags/first_dag.py
[2023-06-18T06:05:56.910+0000] {logging_mixin.py:149} INFO - [2023-06-18T06:05:56.910+0000] {dag.py:2726} INFO - Sync 1 DAGs
[2023-06-18T06:05:56.952+0000] {logging_mixin.py:149} INFO - [2023-06-18T06:05:56.952+0000] {dag.py:3490} INFO - Setting next_dagrun for first_dag to 2023-06-18T06:00:00+00:00, run_after=2023-06-18T07:00:00+00:00
[2023-06-18T06:05:56.979+0000] {processor.py:179} INFO - Processing /opt/airflow/dags/first_dag.py took 0.146 seconds
[2023-06-18T06:06:27.100+0000] {processor.py:157} INFO - Started process (PID=344) to work on /opt/airflow/dags/first_dag.py
[2023-06-18T06:06:27.109+0000] {processor.py:826} INFO - Processing file /opt/airflow/dags/first_dag.py for tasks to queue
[2023-06-18T06:06:27.111+0000] {logging_mixin.py:149} INFO - [2023-06-18T06:06:27.111+0000] {dagbag.py:541} INFO - Filling up the DagBag from /opt/airflow/dags/first_dag.py
[2023-06-18T06:06:27.132+0000] {processor.py:836} INFO - DAG(s) dict_keys(['first_dag']) retrieved from /opt/airflow/dags/first_dag.py
[2023-06-18T06:06:27.172+0000] {logging_mixin.py:149} INFO - [2023-06-18T06:06:27.172+0000] {dag.py:2726} INFO - Sync 1 DAGs
[2023-06-18T06:06:27.212+0000] {logging_mixin.py:149} INFO - [2023-06-18T06:06:27.212+0000] {dag.py:3490} INFO - Setting next_dagrun for first_dag to 2023-06-18T06:00:00+00:00, run_after=2023-06-18T07:00:00+00:00
[2023-06-18T06:06:27.239+0000] {processor.py:179} INFO - Processing /opt/airflow/dags/first_dag.py took 0.145 seconds
[2023-06-18T06:06:38.197+0000] {processor.py:157} INFO - Started process (PID=349) to work on /opt/airflow/dags/first_dag.py
[2023-06-18T06:06:38.199+0000] {processor.py:826} INFO - Processing file /opt/airflow/dags/first_dag.py for tasks to queue
[2023-06-18T06:06:38.200+0000] {logging_mixin.py:149} INFO - [2023-06-18T06:06:38.200+0000] {dagbag.py:541} INFO - Filling up the DagBag from /opt/airflow/dags/first_dag.py
[2023-06-18T06:06:38.220+0000] {processor.py:836} INFO - DAG(s) dict_keys(['first_dag']) retrieved from /opt/airflow/dags/first_dag.py
[2023-06-18T06:06:38.263+0000] {logging_mixin.py:149} INFO - [2023-06-18T06:06:38.263+0000] {dag.py:2726} INFO - Sync 1 DAGs
[2023-06-18T06:06:38.303+0000] {logging_mixin.py:149} INFO - [2023-06-18T06:06:38.303+0000] {dag.py:3490} INFO - Setting next_dagrun for first_dag to 2023-06-18T06:00:00+00:00, run_after=2023-06-18T07:00:00+00:00
[2023-06-18T06:06:38.329+0000] {processor.py:179} INFO - Processing /opt/airflow/dags/first_dag.py took 0.138 seconds
[2023-06-18T06:06:40.331+0000] {processor.py:157} INFO - Started process (PID=354) to work on /opt/airflow/dags/first_dag.py
[2023-06-18T06:06:40.332+0000] {processor.py:826} INFO - Processing file /opt/airflow/dags/first_dag.py for tasks to queue
[2023-06-18T06:06:40.334+0000] {logging_mixin.py:149} INFO - [2023-06-18T06:06:40.333+0000] {dagbag.py:541} INFO - Filling up the DagBag from /opt/airflow/dags/first_dag.py
[2023-06-18T06:06:40.357+0000] {processor.py:836} INFO - DAG(s) dict_keys(['first_dag']) retrieved from /opt/airflow/dags/first_dag.py
[2023-06-18T06:06:40.397+0000] {logging_mixin.py:149} INFO - [2023-06-18T06:06:40.397+0000] {dag.py:2726} INFO - Sync 1 DAGs
[2023-06-18T06:06:40.436+0000] {logging_mixin.py:149} INFO - [2023-06-18T06:06:40.436+0000] {dag.py:3490} INFO - Setting next_dagrun for first_dag to 2023-06-18T06:00:00+00:00, run_after=2023-06-18T07:00:00+00:00
[2023-06-18T06:06:40.462+0000] {processor.py:179} INFO - Processing /opt/airflow/dags/first_dag.py took 0.138 seconds
[2023-06-18T06:06:45.400+0000] {processor.py:157} INFO - Started process (PID=367) to work on /opt/airflow/dags/first_dag.py
[2023-06-18T06:06:45.401+0000] {processor.py:826} INFO - Processing file /opt/airflow/dags/first_dag.py for tasks to queue
[2023-06-18T06:06:45.402+0000] {logging_mixin.py:149} INFO - [2023-06-18T06:06:45.402+0000] {dagbag.py:541} INFO - Filling up the DagBag from /opt/airflow/dags/first_dag.py
[2023-06-18T06:06:45.423+0000] {processor.py:836} INFO - DAG(s) dict_keys(['first_dag']) retrieved from /opt/airflow/dags/first_dag.py
[2023-06-18T06:06:45.467+0000] {logging_mixin.py:149} INFO - [2023-06-18T06:06:45.467+0000] {dag.py:2726} INFO - Sync 1 DAGs
[2023-06-18T06:06:45.511+0000] {logging_mixin.py:149} INFO - [2023-06-18T06:06:45.510+0000] {dag.py:3490} INFO - Setting next_dagrun for first_dag to 2023-06-18T06:00:00+00:00, run_after=2023-06-18T07:00:00+00:00
[2023-06-18T06:06:45.535+0000] {processor.py:179} INFO - Processing /opt/airflow/dags/first_dag.py took 0.141 seconds
[2023-06-18T06:06:46.528+0000] {processor.py:157} INFO - Started process (PID=372) to work on /opt/airflow/dags/first_dag.py
[2023-06-18T06:06:46.530+0000] {processor.py:826} INFO - Processing file /opt/airflow/dags/first_dag.py for tasks to queue
[2023-06-18T06:06:46.531+0000] {logging_mixin.py:149} INFO - [2023-06-18T06:06:46.530+0000] {dagbag.py:541} INFO - Filling up the DagBag from /opt/airflow/dags/first_dag.py
[2023-06-18T06:06:46.550+0000] {processor.py:836} INFO - DAG(s) dict_keys(['first_dag']) retrieved from /opt/airflow/dags/first_dag.py
[2023-06-18T06:06:46.594+0000] {logging_mixin.py:149} INFO - [2023-06-18T06:06:46.594+0000] {dag.py:2726} INFO - Sync 1 DAGs
[2023-06-18T06:06:46.636+0000] {logging_mixin.py:149} INFO - [2023-06-18T06:06:46.636+0000] {dag.py:3490} INFO - Setting next_dagrun for first_dag to 2023-06-18T06:00:00+00:00, run_after=2023-06-18T07:00:00+00:00
[2023-06-18T06:06:46.664+0000] {processor.py:179} INFO - Processing /opt/airflow/dags/first_dag.py took 0.144 seconds
[2023-06-18T06:06:53.615+0000] {processor.py:157} INFO - Started process (PID=377) to work on /opt/airflow/dags/first_dag.py
[2023-06-18T06:06:53.616+0000] {processor.py:826} INFO - Processing file /opt/airflow/dags/first_dag.py for tasks to queue
[2023-06-18T06:06:53.617+0000] {logging_mixin.py:149} INFO - [2023-06-18T06:06:53.617+0000] {dagbag.py:541} INFO - Filling up the DagBag from /opt/airflow/dags/first_dag.py
[2023-06-18T06:06:53.636+0000] {processor.py:836} INFO - DAG(s) dict_keys(['first_dag']) retrieved from /opt/airflow/dags/first_dag.py
[2023-06-18T06:06:53.679+0000] {logging_mixin.py:149} INFO - [2023-06-18T06:06:53.679+0000] {dag.py:2726} INFO - Sync 1 DAGs
[2023-06-18T06:06:53.717+0000] {logging_mixin.py:149} INFO - [2023-06-18T06:06:53.717+0000] {dag.py:3490} INFO - Setting next_dagrun for first_dag to 2023-06-18T06:00:00+00:00, run_after=2023-06-18T07:00:00+00:00
[2023-06-18T06:06:53.743+0000] {processor.py:179} INFO - Processing /opt/airflow/dags/first_dag.py took 0.135 seconds
[2023-06-18T06:06:54.734+0000] {processor.py:157} INFO - Started process (PID=382) to work on /opt/airflow/dags/first_dag.py
[2023-06-18T06:06:54.736+0000] {processor.py:826} INFO - Processing file /opt/airflow/dags/first_dag.py for tasks to queue
[2023-06-18T06:06:54.737+0000] {logging_mixin.py:149} INFO - [2023-06-18T06:06:54.737+0000] {dagbag.py:541} INFO - Filling up the DagBag from /opt/airflow/dags/first_dag.py
[2023-06-18T06:06:54.758+0000] {processor.py:836} INFO - DAG(s) dict_keys(['first_dag']) retrieved from /opt/airflow/dags/first_dag.py
[2023-06-18T06:06:54.800+0000] {logging_mixin.py:149} INFO - [2023-06-18T06:06:54.800+0000] {dag.py:2726} INFO - Sync 1 DAGs
[2023-06-18T06:06:54.839+0000] {logging_mixin.py:149} INFO - [2023-06-18T06:06:54.839+0000] {dag.py:3490} INFO - Setting next_dagrun for first_dag to 2023-06-18T06:00:00+00:00, run_after=2023-06-18T07:00:00+00:00
[2023-06-18T06:06:54.867+0000] {processor.py:179} INFO - Processing /opt/airflow/dags/first_dag.py took 0.139 seconds
[2023-06-18T06:07:24.931+0000] {processor.py:157} INFO - Started process (PID=398) to work on /opt/airflow/dags/first_dag.py
[2023-06-18T06:07:24.940+0000] {processor.py:826} INFO - Processing file /opt/airflow/dags/first_dag.py for tasks to queue
[2023-06-18T06:07:24.942+0000] {logging_mixin.py:149} INFO - [2023-06-18T06:07:24.942+0000] {dagbag.py:541} INFO - Filling up the DagBag from /opt/airflow/dags/first_dag.py
[2023-06-18T06:07:24.968+0000] {processor.py:836} INFO - DAG(s) dict_keys(['first_dag']) retrieved from /opt/airflow/dags/first_dag.py
[2023-06-18T06:07:25.018+0000] {logging_mixin.py:149} INFO - [2023-06-18T06:07:25.018+0000] {dag.py:2726} INFO - Sync 1 DAGs
[2023-06-18T06:07:25.058+0000] {logging_mixin.py:149} INFO - [2023-06-18T06:07:25.058+0000] {dag.py:3490} INFO - Setting next_dagrun for first_dag to 2023-06-18T06:00:00+00:00, run_after=2023-06-18T07:00:00+00:00
[2023-06-18T06:07:25.081+0000] {processor.py:179} INFO - Processing /opt/airflow/dags/first_dag.py took 0.155 seconds
[2023-06-18T06:07:55.173+0000] {processor.py:157} INFO - Started process (PID=410) to work on /opt/airflow/dags/first_dag.py
[2023-06-18T06:07:55.185+0000] {processor.py:826} INFO - Processing file /opt/airflow/dags/first_dag.py for tasks to queue
[2023-06-18T06:07:55.186+0000] {logging_mixin.py:149} INFO - [2023-06-18T06:07:55.186+0000] {dagbag.py:541} INFO - Filling up the DagBag from /opt/airflow/dags/first_dag.py
[2023-06-18T06:07:55.207+0000] {processor.py:836} INFO - DAG(s) dict_keys(['first_dag']) retrieved from /opt/airflow/dags/first_dag.py
[2023-06-18T06:07:55.265+0000] {logging_mixin.py:149} INFO - [2023-06-18T06:07:55.265+0000] {dag.py:2726} INFO - Sync 1 DAGs
[2023-06-18T06:07:55.315+0000] {logging_mixin.py:149} INFO - [2023-06-18T06:07:55.315+0000] {dag.py:3490} INFO - Setting next_dagrun for first_dag to 2023-06-18T06:00:00+00:00, run_after=2023-06-18T07:00:00+00:00
[2023-06-18T06:07:55.341+0000] {processor.py:179} INFO - Processing /opt/airflow/dags/first_dag.py took 0.173 seconds
[2023-06-18T06:08:19.473+0000] {processor.py:157} INFO - Started process (PID=422) to work on /opt/airflow/dags/first_dag.py
[2023-06-18T06:08:19.475+0000] {processor.py:826} INFO - Processing file /opt/airflow/dags/first_dag.py for tasks to queue
[2023-06-18T06:08:19.476+0000] {logging_mixin.py:149} INFO - [2023-06-18T06:08:19.476+0000] {dagbag.py:541} INFO - Filling up the DagBag from /opt/airflow/dags/first_dag.py
[2023-06-18T06:08:19.497+0000] {processor.py:836} INFO - DAG(s) dict_keys(['first_dag']) retrieved from /opt/airflow/dags/first_dag.py
[2023-06-18T06:08:19.539+0000] {logging_mixin.py:149} INFO - [2023-06-18T06:08:19.539+0000] {dag.py:2726} INFO - Sync 1 DAGs
[2023-06-18T06:08:19.578+0000] {logging_mixin.py:149} INFO - [2023-06-18T06:08:19.578+0000] {dag.py:3490} INFO - Setting next_dagrun for first_dag to 2023-06-18T06:00:00+00:00, run_after=2023-06-18T07:00:00+00:00
[2023-06-18T06:08:19.605+0000] {processor.py:179} INFO - Processing /opt/airflow/dags/first_dag.py took 0.138 seconds
[2023-06-18T06:08:20.647+0000] {processor.py:157} INFO - Started process (PID=427) to work on /opt/airflow/dags/first_dag.py
[2023-06-18T06:08:20.648+0000] {processor.py:826} INFO - Processing file /opt/airflow/dags/first_dag.py for tasks to queue
[2023-06-18T06:08:20.649+0000] {logging_mixin.py:149} INFO - [2023-06-18T06:08:20.649+0000] {dagbag.py:541} INFO - Filling up the DagBag from /opt/airflow/dags/first_dag.py
[2023-06-18T06:08:20.669+0000] {processor.py:836} INFO - DAG(s) dict_keys(['first_dag']) retrieved from /opt/airflow/dags/first_dag.py
[2023-06-18T06:08:20.714+0000] {logging_mixin.py:149} INFO - [2023-06-18T06:08:20.714+0000] {dag.py:2726} INFO - Sync 1 DAGs
[2023-06-18T06:08:20.756+0000] {logging_mixin.py:149} INFO - [2023-06-18T06:08:20.756+0000] {dag.py:3490} INFO - Setting next_dagrun for first_dag to 2023-06-18T06:00:00+00:00, run_after=2023-06-18T07:00:00+00:00
[2023-06-18T06:08:20.786+0000] {processor.py:179} INFO - Processing /opt/airflow/dags/first_dag.py took 0.145 seconds
[2023-06-18T06:08:23.672+0000] {processor.py:157} INFO - Started process (PID=432) to work on /opt/airflow/dags/first_dag.py
[2023-06-18T06:08:23.673+0000] {processor.py:826} INFO - Processing file /opt/airflow/dags/first_dag.py for tasks to queue
[2023-06-18T06:08:23.675+0000] {logging_mixin.py:149} INFO - [2023-06-18T06:08:23.674+0000] {dagbag.py:541} INFO - Filling up the DagBag from /opt/airflow/dags/first_dag.py
[2023-06-18T06:08:23.695+0000] {processor.py:836} INFO - DAG(s) dict_keys(['first_dag']) retrieved from /opt/airflow/dags/first_dag.py
[2023-06-18T06:08:23.739+0000] {logging_mixin.py:149} INFO - [2023-06-18T06:08:23.739+0000] {dag.py:2726} INFO - Sync 1 DAGs
[2023-06-18T06:08:23.780+0000] {logging_mixin.py:149} INFO - [2023-06-18T06:08:23.779+0000] {dag.py:3490} INFO - Setting next_dagrun for first_dag to 2023-06-18T06:00:00+00:00, run_after=2023-06-18T07:00:00+00:00
[2023-06-18T06:08:23.819+0000] {processor.py:179} INFO - Processing /opt/airflow/dags/first_dag.py took 0.154 seconds
[2023-06-18T06:08:24.841+0000] {processor.py:157} INFO - Started process (PID=437) to work on /opt/airflow/dags/first_dag.py
[2023-06-18T06:08:24.842+0000] {processor.py:826} INFO - Processing file /opt/airflow/dags/first_dag.py for tasks to queue
[2023-06-18T06:08:24.843+0000] {logging_mixin.py:149} INFO - [2023-06-18T06:08:24.843+0000] {dagbag.py:541} INFO - Filling up the DagBag from /opt/airflow/dags/first_dag.py
[2023-06-18T06:08:24.863+0000] {processor.py:836} INFO - DAG(s) dict_keys(['first_dag']) retrieved from /opt/airflow/dags/first_dag.py
[2023-06-18T06:08:24.904+0000] {logging_mixin.py:149} INFO - [2023-06-18T06:08:24.903+0000] {dag.py:2726} INFO - Sync 1 DAGs
[2023-06-18T06:08:24.943+0000] {logging_mixin.py:149} INFO - [2023-06-18T06:08:24.943+0000] {dag.py:3490} INFO - Setting next_dagrun for first_dag to 2023-06-18T06:00:00+00:00, run_after=2023-06-18T07:00:00+00:00
[2023-06-18T06:08:24.974+0000] {processor.py:179} INFO - Processing /opt/airflow/dags/first_dag.py took 0.138 seconds
[2023-06-18T06:08:26.873+0000] {processor.py:157} INFO - Started process (PID=442) to work on /opt/airflow/dags/first_dag.py
[2023-06-18T06:08:26.874+0000] {processor.py:826} INFO - Processing file /opt/airflow/dags/first_dag.py for tasks to queue
[2023-06-18T06:08:26.875+0000] {logging_mixin.py:149} INFO - [2023-06-18T06:08:26.875+0000] {dagbag.py:541} INFO - Filling up the DagBag from /opt/airflow/dags/first_dag.py
[2023-06-18T06:08:26.897+0000] {processor.py:836} INFO - DAG(s) dict_keys(['first_dag']) retrieved from /opt/airflow/dags/first_dag.py
[2023-06-18T06:08:26.939+0000] {logging_mixin.py:149} INFO - [2023-06-18T06:08:26.938+0000] {dag.py:2726} INFO - Sync 1 DAGs
[2023-06-18T06:08:26.978+0000] {logging_mixin.py:149} INFO - [2023-06-18T06:08:26.978+0000] {dag.py:3490} INFO - Setting next_dagrun for first_dag to 2023-06-18T06:00:00+00:00, run_after=2023-06-18T07:00:00+00:00
[2023-06-18T06:08:27.009+0000] {processor.py:179} INFO - Processing /opt/airflow/dags/first_dag.py took 0.141 seconds
[2023-06-18T06:08:38.079+0000] {processor.py:157} INFO - Started process (PID=447) to work on /opt/airflow/dags/first_dag.py
[2023-06-18T06:08:38.081+0000] {processor.py:826} INFO - Processing file /opt/airflow/dags/first_dag.py for tasks to queue
[2023-06-18T06:08:38.082+0000] {logging_mixin.py:149} INFO - [2023-06-18T06:08:38.081+0000] {dagbag.py:541} INFO - Filling up the DagBag from /opt/airflow/dags/first_dag.py
[2023-06-18T06:08:38.102+0000] {processor.py:836} INFO - DAG(s) dict_keys(['first_dag']) retrieved from /opt/airflow/dags/first_dag.py
[2023-06-18T06:08:38.146+0000] {logging_mixin.py:149} INFO - [2023-06-18T06:08:38.146+0000] {dag.py:2726} INFO - Sync 1 DAGs
[2023-06-18T06:08:38.185+0000] {logging_mixin.py:149} INFO - [2023-06-18T06:08:38.184+0000] {dag.py:3490} INFO - Setting next_dagrun for first_dag to 2023-06-18T06:00:00+00:00, run_after=2023-06-18T07:00:00+00:00
[2023-06-18T06:08:38.213+0000] {processor.py:179} INFO - Processing /opt/airflow/dags/first_dag.py took 0.141 seconds
[2023-06-18T06:09:08.255+0000] {processor.py:157} INFO - Started process (PID=463) to work on /opt/airflow/dags/first_dag.py
[2023-06-18T06:09:08.265+0000] {processor.py:826} INFO - Processing file /opt/airflow/dags/first_dag.py for tasks to queue
[2023-06-18T06:09:08.268+0000] {logging_mixin.py:149} INFO - [2023-06-18T06:09:08.267+0000] {dagbag.py:541} INFO - Filling up the DagBag from /opt/airflow/dags/first_dag.py
[2023-06-18T06:09:08.301+0000] {processor.py:836} INFO - DAG(s) dict_keys(['first_dag']) retrieved from /opt/airflow/dags/first_dag.py
[2023-06-18T06:09:08.351+0000] {logging_mixin.py:149} INFO - [2023-06-18T06:09:08.350+0000] {dag.py:2726} INFO - Sync 1 DAGs
[2023-06-18T06:09:08.423+0000] {logging_mixin.py:149} INFO - [2023-06-18T06:09:08.423+0000] {dag.py:3490} INFO - Setting next_dagrun for first_dag to 2023-06-18T06:00:00+00:00, run_after=2023-06-18T07:00:00+00:00
[2023-06-18T06:09:08.455+0000] {processor.py:179} INFO - Processing /opt/airflow/dags/first_dag.py took 0.210 seconds
[2023-06-18T06:09:38.538+0000] {processor.py:157} INFO - Started process (PID=475) to work on /opt/airflow/dags/first_dag.py
[2023-06-18T06:09:38.542+0000] {processor.py:826} INFO - Processing file /opt/airflow/dags/first_dag.py for tasks to queue
[2023-06-18T06:09:38.543+0000] {logging_mixin.py:149} INFO - [2023-06-18T06:09:38.543+0000] {dagbag.py:541} INFO - Filling up the DagBag from /opt/airflow/dags/first_dag.py
[2023-06-18T06:09:38.571+0000] {processor.py:836} INFO - DAG(s) dict_keys(['first_dag']) retrieved from /opt/airflow/dags/first_dag.py
[2023-06-18T06:09:38.613+0000] {logging_mixin.py:149} INFO - [2023-06-18T06:09:38.613+0000] {dag.py:2726} INFO - Sync 1 DAGs
[2023-06-18T06:09:38.653+0000] {logging_mixin.py:149} INFO - [2023-06-18T06:09:38.652+0000] {dag.py:3490} INFO - Setting next_dagrun for first_dag to 2023-06-18T06:00:00+00:00, run_after=2023-06-18T07:00:00+00:00
[2023-06-18T06:09:38.678+0000] {processor.py:179} INFO - Processing /opt/airflow/dags/first_dag.py took 0.145 seconds
[2023-06-18T06:10:08.758+0000] {processor.py:157} INFO - Started process (PID=487) to work on /opt/airflow/dags/first_dag.py
[2023-06-18T06:10:08.761+0000] {processor.py:826} INFO - Processing file /opt/airflow/dags/first_dag.py for tasks to queue
[2023-06-18T06:10:08.763+0000] {logging_mixin.py:149} INFO - [2023-06-18T06:10:08.762+0000] {dagbag.py:541} INFO - Filling up the DagBag from /opt/airflow/dags/first_dag.py
[2023-06-18T06:10:08.782+0000] {processor.py:836} INFO - DAG(s) dict_keys(['first_dag']) retrieved from /opt/airflow/dags/first_dag.py
[2023-06-18T06:10:08.829+0000] {logging_mixin.py:149} INFO - [2023-06-18T06:10:08.829+0000] {dag.py:2726} INFO - Sync 1 DAGs
[2023-06-18T06:10:08.876+0000] {logging_mixin.py:149} INFO - [2023-06-18T06:10:08.875+0000] {dag.py:3490} INFO - Setting next_dagrun for first_dag to 2023-06-18T06:00:00+00:00, run_after=2023-06-18T07:00:00+00:00
[2023-06-18T06:10:08.907+0000] {processor.py:179} INFO - Processing /opt/airflow/dags/first_dag.py took 0.154 seconds
