[2023-06-18T05:20:16.475+0000] {manager.py:487} INFO - Processing files using up to 2 processes at a time 
[2023-06-18T05:20:16.475+0000] {manager.py:488} INFO - Process each file at most once every 30 seconds
[2023-06-18T05:20:16.476+0000] {manager.py:490} INFO - Checking for new files in /opt/airflow/dags every 300 seconds
[2023-06-18T05:20:16.477+0000] {manager.py:758} INFO - Searching for files in /opt/airflow/dags
[2023-06-18T05:20:16.479+0000] {manager.py:761} INFO - There are 0 files in /opt/airflow/dags
[2023-06-18T05:23:54.989+0000] {manager.py:470} INFO - Exiting gracefully upon receiving signal 15
[2023-06-18T05:59:26.247+0000] {manager.py:487} INFO - Processing files using up to 2 processes at a time 
[2023-06-18T05:59:26.254+0000] {manager.py:488} INFO - Process each file at most once every 30 seconds
[2023-06-18T05:59:26.254+0000] {manager.py:490} INFO - Checking for new files in /opt/airflow/dags every 300 seconds
[2023-06-18T05:59:26.255+0000] {manager.py:758} INFO - Searching for files in /opt/airflow/dags
[2023-06-18T05:59:26.257+0000] {manager.py:761} INFO - There are 1 files in /opt/airflow/dags
[2023-06-18T05:59:26.542+0000] {manager.py:889} INFO - 
================================================================================
DAG File Processing Stats

File Path                         PID  Runtime      # DAGs    # Errors  Last Runtime    Last Run
------------------------------  -----  ---------  --------  ----------  --------------  ----------
/opt/airflow/dags/first_dag.py    163  0.12s             0           0
================================================================================
[2023-06-18T05:59:56.713+0000] {manager.py:889} INFO - 
================================================================================
DAG File Processing Stats

File Path                         PID  Runtime      # DAGs    # Errors  Last Runtime    Last Run
------------------------------  -----  ---------  --------  ----------  --------------  -------------------
/opt/airflow/dags/first_dag.py    175  0.01s             0           1  0.15s           2023-06-18T05:59:26
================================================================================
[2023-06-18T06:00:26.877+0000] {manager.py:889} INFO - 
================================================================================
DAG File Processing Stats

File Path                         PID  Runtime      # DAGs    # Errors  Last Runtime    Last Run
------------------------------  -----  ---------  --------  ----------  --------------  -------------------
/opt/airflow/dags/first_dag.py    187  0.01s             0           1  0.09s           2023-06-18T05:59:56
================================================================================
[2023-06-18T06:00:57.063+0000] {manager.py:889} INFO - 
================================================================================
DAG File Processing Stats

File Path                         PID  Runtime      # DAGs    # Errors  Last Runtime    Last Run
------------------------------  -----  ---------  --------  ----------  --------------  -------------------
/opt/airflow/dags/first_dag.py    200  0.01s             0           1  0.08s           2023-06-18T06:00:26
================================================================================
[2023-06-18T06:01:27.223+0000] {manager.py:889} INFO - 
================================================================================
DAG File Processing Stats

File Path                         PID  Runtime      # DAGs    # Errors  Last Runtime    Last Run
------------------------------  -----  ---------  --------  ----------  --------------  -------------------
/opt/airflow/dags/first_dag.py    211  0.01s             0           1  0.07s           2023-06-18T06:00:57
================================================================================
[2023-06-18T06:01:57.399+0000] {manager.py:889} INFO - 
================================================================================
DAG File Processing Stats

File Path                         PID  Runtime      # DAGs    # Errors  Last Runtime    Last Run
------------------------------  -----  ---------  --------  ----------  --------------  -------------------
/opt/airflow/dags/first_dag.py    223  0.01s             0           1  0.08s           2023-06-18T06:01:27
================================================================================
[2023-06-18T06:02:28.156+0000] {manager.py:889} INFO - 
================================================================================
DAG File Processing Stats

File Path                       PID    Runtime      # DAGs    # Errors  Last Runtime    Last Run
------------------------------  -----  ---------  --------  ----------  --------------  -------------------
/opt/airflow/dags/first_dag.py                           1           0  0.14s           2023-06-18T06:02:24
================================================================================
[2023-06-18T06:02:58.423+0000] {manager.py:889} INFO - 
================================================================================
DAG File Processing Stats

File Path                       PID    Runtime      # DAGs    # Errors  Last Runtime    Last Run
------------------------------  -----  ---------  --------  ----------  --------------  -------------------
/opt/airflow/dags/first_dag.py                           1           0  0.36s           2023-06-18T06:02:54
================================================================================
[2023-06-18T06:03:28.795+0000] {manager.py:889} INFO - 
================================================================================
DAG File Processing Stats

File Path                       PID    Runtime      # DAGs    # Errors  Last Runtime    Last Run
------------------------------  -----  ---------  --------  ----------  --------------  -------------------
/opt/airflow/dags/first_dag.py                           1           0  0.34s           2023-06-18T06:03:25
================================================================================
[2023-06-18T06:03:59.274+0000] {manager.py:889} INFO - 
================================================================================
DAG File Processing Stats

File Path                       PID    Runtime      # DAGs    # Errors  Last Runtime    Last Run
------------------------------  -----  ---------  --------  ----------  --------------  -------------------
/opt/airflow/dags/first_dag.py                           1           0  0.32s           2023-06-18T06:03:55
================================================================================
[2023-06-18T06:04:26.721+0000] {manager.py:758} INFO - Searching for files in /opt/airflow/dags
[2023-06-18T06:04:26.723+0000] {manager.py:761} INFO - There are 1 files in /opt/airflow/dags
[2023-06-18T06:04:29.749+0000] {manager.py:889} INFO - 
================================================================================
DAG File Processing Stats

File Path                       PID    Runtime      # DAGs    # Errors  Last Runtime    Last Run
------------------------------  -----  ---------  --------  ----------  --------------  -------------------
/opt/airflow/dags/first_dag.py                           1           0  0.35s           2023-06-18T06:04:26
================================================================================
[2023-06-18T06:05:00.225+0000] {manager.py:889} INFO - 
================================================================================
DAG File Processing Stats

File Path                       PID    Runtime      # DAGs    # Errors  Last Runtime    Last Run
------------------------------  -----  ---------  --------  ----------  --------------  -------------------
/opt/airflow/dags/first_dag.py                           1           0  0.33s           2023-06-18T06:04:56
================================================================================
[2023-06-18T06:05:30.697+0000] {manager.py:889} INFO - 
================================================================================
DAG File Processing Stats

File Path                       PID    Runtime      # DAGs    # Errors  Last Runtime    Last Run
------------------------------  -----  ---------  --------  ----------  --------------  -------------------
/opt/airflow/dags/first_dag.py                           1           0  0.20s           2023-06-18T06:05:26
================================================================================
[2023-06-18T06:06:00.954+0000] {manager.py:889} INFO - 
================================================================================
DAG File Processing Stats

File Path                       PID    Runtime      # DAGs    # Errors  Last Runtime    Last Run
------------------------------  -----  ---------  --------  ----------  --------------  -------------------
/opt/airflow/dags/first_dag.py                           1           0  0.17s           2023-06-18T06:05:56
================================================================================
[2023-06-18T06:06:31.144+0000] {manager.py:889} INFO - 
================================================================================
DAG File Processing Stats

File Path                       PID    Runtime      # DAGs    # Errors  Last Runtime    Last Run
------------------------------  -----  ---------  --------  ----------  --------------  -------------------
/opt/airflow/dags/first_dag.py                           1           0  0.17s           2023-06-18T06:06:27
================================================================================
[2023-06-18T06:07:01.800+0000] {manager.py:889} INFO - 
================================================================================
DAG File Processing Stats

File Path                       PID    Runtime      # DAGs    # Errors  Last Runtime    Last Run
------------------------------  -----  ---------  --------  ----------  --------------  -------------------
/opt/airflow/dags/first_dag.py                           1           0  0.16s           2023-06-18T06:06:54
================================================================================
[2023-06-18T06:07:32.042+0000] {manager.py:889} INFO - 
================================================================================
DAG File Processing Stats

File Path                       PID    Runtime      # DAGs    # Errors  Last Runtime    Last Run
------------------------------  -----  ---------  --------  ----------  --------------  -------------------
/opt/airflow/dags/first_dag.py                           1           0  0.18s           2023-06-18T06:07:25
================================================================================
[2023-06-18T06:08:02.250+0000] {manager.py:889} INFO - 
================================================================================
DAG File Processing Stats

File Path                       PID    Runtime      # DAGs    # Errors  Last Runtime    Last Run
------------------------------  -----  ---------  --------  ----------  --------------  -------------------
/opt/airflow/dags/first_dag.py                           1           0  0.20s           2023-06-18T06:07:55
================================================================================
[2023-06-18T06:08:33.030+0000] {manager.py:889} INFO - 
================================================================================
DAG File Processing Stats

File Path                       PID    Runtime      # DAGs    # Errors  Last Runtime    Last Run
------------------------------  -----  ---------  --------  ----------  --------------  -------------------
/opt/airflow/dags/first_dag.py                           1           0  0.16s           2023-06-18T06:08:27
================================================================================
[2023-06-18T06:09:03.207+0000] {manager.py:889} INFO - 
================================================================================
DAG File Processing Stats

File Path                       PID    Runtime      # DAGs    # Errors  Last Runtime    Last Run
------------------------------  -----  ---------  --------  ----------  --------------  -------------------
/opt/airflow/dags/first_dag.py                           1           0  0.17s           2023-06-18T06:08:38
================================================================================
[2023-06-18T06:09:27.449+0000] {manager.py:758} INFO - Searching for files in /opt/airflow/dags
[2023-06-18T06:09:27.452+0000] {manager.py:761} INFO - There are 1 files in /opt/airflow/dags
[2023-06-18T06:09:33.494+0000] {manager.py:889} INFO - 
================================================================================
DAG File Processing Stats

File Path                       PID    Runtime      # DAGs    # Errors  Last Runtime    Last Run
------------------------------  -----  ---------  --------  ----------  --------------  -------------------
/opt/airflow/dags/first_dag.py                           1           0  0.24s           2023-06-18T06:09:08
================================================================================
[2023-06-18T06:10:03.711+0000] {manager.py:889} INFO - 
================================================================================
DAG File Processing Stats

File Path                       PID    Runtime      # DAGs    # Errors  Last Runtime    Last Run
------------------------------  -----  ---------  --------  ----------  --------------  -------------------
/opt/airflow/dags/first_dag.py                           1           0  0.17s           2023-06-18T06:09:38
================================================================================
[2023-06-18T06:10:22.428+0000] {manager.py:470} INFO - Exiting gracefully upon receiving signal 15
[2023-06-19T05:38:36.318+0000] {manager.py:487} INFO - Processing files using up to 2 processes at a time 
[2023-06-19T05:38:36.322+0000] {manager.py:488} INFO - Process each file at most once every 30 seconds
[2023-06-19T05:38:36.323+0000] {manager.py:490} INFO - Checking for new files in /opt/airflow/dags every 300 seconds
[2023-06-19T05:38:36.323+0000] {manager.py:758} INFO - Searching for files in /opt/airflow/dags
[2023-06-19T05:38:36.328+0000] {manager.py:761} INFO - There are 2 files in /opt/airflow/dags
[2023-06-19T05:38:42.936+0000] {manager.py:889} INFO - 
================================================================================
DAG File Processing Stats

File Path                                 PID  Runtime      # DAGs    # Errors  Last Runtime    Last Run
--------------------------------------  -----  ---------  --------  ----------  --------------  ----------
/opt/airflow/dags/stock_data_to_gcp.py    166  0.07s             0           0
/opt/airflow/dags/first_dag.py            169  0.06s             0           0
================================================================================
[2023-06-19T05:39:13.094+0000] {manager.py:889} INFO - 
================================================================================
DAG File Processing Stats

File Path                               PID    Runtime      # DAGs    # Errors  Last Runtime    Last Run
--------------------------------------  -----  ---------  --------  ----------  --------------  -------------------
/opt/airflow/dags/stock_data_to_gcp.py                           1           0  1.25s           2023-06-19T05:38:44
/opt/airflow/dags/first_dag.py                                   1           0  0.65s           2023-06-19T05:38:43
================================================================================
[2023-06-19T05:39:43.460+0000] {manager.py:889} INFO - 
================================================================================
DAG File Processing Stats

File Path                               PID    Runtime      # DAGs    # Errors  Last Runtime    Last Run
--------------------------------------  -----  ---------  --------  ----------  --------------  -------------------
/opt/airflow/dags/stock_data_to_gcp.py                           1           0  0.52s           2023-06-19T05:39:14
/opt/airflow/dags/first_dag.py                                   1           0  0.20s           2023-06-19T05:39:14
================================================================================
[2023-06-19T05:40:13.803+0000] {manager.py:889} INFO - 
================================================================================
DAG File Processing Stats

File Path                               PID    Runtime      # DAGs    # Errors  Last Runtime    Last Run
--------------------------------------  -----  ---------  --------  ----------  --------------  -------------------
/opt/airflow/dags/stock_data_to_gcp.py                           1           0  0.52s           2023-06-19T05:39:46
/opt/airflow/dags/first_dag.py                                   1           0  0.18s           2023-06-19T05:39:44
================================================================================
[2023-06-19T05:40:44.140+0000] {manager.py:889} INFO - 
================================================================================
DAG File Processing Stats

File Path                               PID    Runtime      # DAGs    # Errors  Last Runtime    Last Run
--------------------------------------  -----  ---------  --------  ----------  --------------  -------------------
/opt/airflow/dags/stock_data_to_gcp.py                           1           0  0.46s           2023-06-19T05:40:17
/opt/airflow/dags/first_dag.py                                   1           0  0.18s           2023-06-19T05:40:14
================================================================================
[2023-06-19T05:41:14.479+0000] {manager.py:889} INFO - 
================================================================================
DAG File Processing Stats

File Path                               PID    Runtime      # DAGs    # Errors  Last Runtime    Last Run
--------------------------------------  -----  ---------  --------  ----------  --------------  -------------------
/opt/airflow/dags/stock_data_to_gcp.py                           1           0  0.46s           2023-06-19T05:40:47
/opt/airflow/dags/first_dag.py                                   1           0  0.18s           2023-06-19T05:40:45
================================================================================
[2023-06-19T05:41:44.808+0000] {manager.py:889} INFO - 
================================================================================
DAG File Processing Stats

File Path                               PID    Runtime      # DAGs    # Errors  Last Runtime    Last Run
--------------------------------------  -----  ---------  --------  ----------  --------------  -------------------
/opt/airflow/dags/stock_data_to_gcp.py                           1           0  0.45s           2023-06-19T05:41:18
/opt/airflow/dags/first_dag.py                                   1           0  0.17s           2023-06-19T05:41:15
================================================================================
[2023-06-19T05:42:15.164+0000] {manager.py:889} INFO - 
================================================================================
DAG File Processing Stats

File Path                               PID    Runtime      # DAGs    # Errors  Last Runtime    Last Run
--------------------------------------  -----  ---------  --------  ----------  --------------  -------------------
/opt/airflow/dags/stock_data_to_gcp.py                           1           0  0.44s           2023-06-19T05:41:49
/opt/airflow/dags/first_dag.py                                   1           0  0.20s           2023-06-19T05:41:46
================================================================================
[2023-06-19T05:42:45.490+0000] {manager.py:889} INFO - 
================================================================================
DAG File Processing Stats

File Path                               PID    Runtime      # DAGs    # Errors  Last Runtime    Last Run
--------------------------------------  -----  ---------  --------  ----------  --------------  -------------------
/opt/airflow/dags/stock_data_to_gcp.py                           1           0  0.56s           2023-06-19T05:42:20
/opt/airflow/dags/first_dag.py                                   1           0  0.18s           2023-06-19T05:42:16
================================================================================
[2023-06-19T05:43:15.808+0000] {manager.py:889} INFO - 
================================================================================
DAG File Processing Stats

File Path                               PID    Runtime      # DAGs    # Errors  Last Runtime    Last Run
--------------------------------------  -----  ---------  --------  ----------  --------------  -------------------
/opt/airflow/dags/stock_data_to_gcp.py                           1           0  0.45s           2023-06-19T05:42:51
/opt/airflow/dags/first_dag.py                                   1           0  0.17s           2023-06-19T05:42:46
================================================================================
[2023-06-19T05:43:36.545+0000] {manager.py:758} INFO - Searching for files in /opt/airflow/dags
[2023-06-19T05:43:36.549+0000] {manager.py:761} INFO - There are 2 files in /opt/airflow/dags
[2023-06-19T05:43:46.143+0000] {manager.py:889} INFO - 
================================================================================
DAG File Processing Stats

File Path                               PID    Runtime      # DAGs    # Errors  Last Runtime    Last Run
--------------------------------------  -----  ---------  --------  ----------  --------------  -------------------
/opt/airflow/dags/stock_data_to_gcp.py                           1           0  0.45s           2023-06-19T05:43:22
/opt/airflow/dags/first_dag.py                                   1           0  0.18s           2023-06-19T05:43:16
================================================================================
[2023-06-19T05:44:16.458+0000] {manager.py:889} INFO - 
================================================================================
DAG File Processing Stats

File Path                               PID    Runtime      # DAGs    # Errors  Last Runtime    Last Run
--------------------------------------  -----  ---------  --------  ----------  --------------  -------------------
/opt/airflow/dags/stock_data_to_gcp.py                           1           0  0.44s           2023-06-19T05:43:53
/opt/airflow/dags/first_dag.py                                   1           0  0.17s           2023-06-19T05:43:47
================================================================================
[2023-06-19T05:44:46.804+0000] {manager.py:889} INFO - 
================================================================================
DAG File Processing Stats

File Path                               PID    Runtime      # DAGs    # Errors  Last Runtime    Last Run
--------------------------------------  -----  ---------  --------  ----------  --------------  -------------------
/opt/airflow/dags/stock_data_to_gcp.py                           1           0  0.46s           2023-06-19T05:44:33
/opt/airflow/dags/first_dag.py                                   1           0  0.18s           2023-06-19T05:44:17
================================================================================
[2023-06-19T05:45:17.158+0000] {manager.py:889} INFO - 
================================================================================
DAG File Processing Stats

File Path                               PID    Runtime      # DAGs    # Errors  Last Runtime    Last Run
--------------------------------------  -----  ---------  --------  ----------  --------------  -------------------
/opt/airflow/dags/stock_data_to_gcp.py                           1           0  0.49s           2023-06-19T05:45:04
/opt/airflow/dags/first_dag.py                                   1           0  0.21s           2023-06-19T05:44:48
================================================================================
[2023-06-19T05:45:47.502+0000] {manager.py:889} INFO - 
================================================================================
DAG File Processing Stats

File Path                               PID    Runtime      # DAGs    # Errors  Last Runtime    Last Run
--------------------------------------  -----  ---------  --------  ----------  --------------  -------------------
/opt/airflow/dags/stock_data_to_gcp.py                           1           0  0.47s           2023-06-19T05:45:34
/opt/airflow/dags/first_dag.py                                   1           0  0.19s           2023-06-19T05:45:18
================================================================================
[2023-06-19T05:46:17.827+0000] {manager.py:889} INFO - 
================================================================================
DAG File Processing Stats

File Path                               PID    Runtime      # DAGs    # Errors  Last Runtime    Last Run
--------------------------------------  -----  ---------  --------  ----------  --------------  -------------------
/opt/airflow/dags/stock_data_to_gcp.py                           1           0  0.46s           2023-06-19T05:46:06
/opt/airflow/dags/first_dag.py                                   1           0  0.18s           2023-06-19T05:45:48
================================================================================
[2023-06-19T05:46:48.153+0000] {manager.py:889} INFO - 
================================================================================
DAG File Processing Stats

File Path                               PID    Runtime      # DAGs    # Errors  Last Runtime    Last Run
--------------------------------------  -----  ---------  --------  ----------  --------------  -------------------
/opt/airflow/dags/stock_data_to_gcp.py                           1           0  0.54s           2023-06-19T05:46:36
/opt/airflow/dags/first_dag.py                                   1           0  0.18s           2023-06-19T05:46:19
================================================================================
[2023-06-19T05:47:18.466+0000] {manager.py:889} INFO - 
================================================================================
DAG File Processing Stats

File Path                               PID    Runtime      # DAGs    # Errors  Last Runtime    Last Run
--------------------------------------  -----  ---------  --------  ----------  --------------  -------------------
/opt/airflow/dags/stock_data_to_gcp.py                           1           0  0.46s           2023-06-19T05:47:07
/opt/airflow/dags/first_dag.py                                   1           0  0.17s           2023-06-19T05:46:49
================================================================================
[2023-06-19T05:47:48.786+0000] {manager.py:889} INFO - 
================================================================================
DAG File Processing Stats

File Path                               PID    Runtime      # DAGs    # Errors  Last Runtime    Last Run
--------------------------------------  -----  ---------  --------  ----------  --------------  -------------------
/opt/airflow/dags/stock_data_to_gcp.py                           1           0  0.45s           2023-06-19T05:47:38
/opt/airflow/dags/first_dag.py                                   1           0  0.17s           2023-06-19T05:47:19
================================================================================
[2023-06-19T05:48:19.098+0000] {manager.py:889} INFO - 
================================================================================
DAG File Processing Stats

File Path                               PID    Runtime      # DAGs    # Errors  Last Runtime    Last Run
--------------------------------------  -----  ---------  --------  ----------  --------------  -------------------
/opt/airflow/dags/stock_data_to_gcp.py                           1           0  0.45s           2023-06-19T05:48:09
/opt/airflow/dags/first_dag.py                                   1           0  0.17s           2023-06-19T05:47:49
================================================================================
[2023-06-19T05:48:37.193+0000] {manager.py:758} INFO - Searching for files in /opt/airflow/dags
[2023-06-19T05:48:37.196+0000] {manager.py:761} INFO - There are 2 files in /opt/airflow/dags
[2023-06-19T05:48:49.415+0000] {manager.py:889} INFO - 
================================================================================
DAG File Processing Stats

File Path                               PID    Runtime      # DAGs    # Errors  Last Runtime    Last Run
--------------------------------------  -----  ---------  --------  ----------  --------------  -------------------
/opt/airflow/dags/stock_data_to_gcp.py                           1           0  0.48s           2023-06-19T05:48:39
/opt/airflow/dags/first_dag.py                                   1           0  0.17s           2023-06-19T05:48:20
================================================================================
[2023-06-19T05:49:20.112+0000] {manager.py:889} INFO - 
================================================================================
DAG File Processing Stats

File Path                               PID    Runtime      # DAGs    # Errors  Last Runtime    Last Run
--------------------------------------  -----  ---------  --------  ----------  --------------  -------------------
/opt/airflow/dags/stock_data_to_gcp.py                           0           1  0.38s           2023-06-19T05:49:14
/opt/airflow/dags/first_dag.py                                   1           0  0.17s           2023-06-19T05:48:50
================================================================================
[2023-06-19T05:49:50.373+0000] {manager.py:889} INFO - 
================================================================================
DAG File Processing Stats

File Path                               PID    Runtime      # DAGs    # Errors  Last Runtime    Last Run
--------------------------------------  -----  ---------  --------  ----------  --------------  -------------------
/opt/airflow/dags/stock_data_to_gcp.py                           0           1  0.39s           2023-06-19T05:49:43
/opt/airflow/dags/first_dag.py                                   1           0  0.28s           2023-06-19T05:49:21
================================================================================
[2023-06-19T05:50:21.373+0000] {manager.py:889} INFO - 
================================================================================
DAG File Processing Stats

File Path                               PID    Runtime      # DAGs    # Errors  Last Runtime    Last Run
--------------------------------------  -----  ---------  --------  ----------  --------------  -------------------
/opt/airflow/dags/stock_data_to_gcp.py                           1           0  0.45s           2023-06-19T05:50:11
/opt/airflow/dags/first_dag.py                                   1           0  0.16s           2023-06-19T05:49:51
================================================================================
[2023-06-19T05:50:51.714+0000] {manager.py:889} INFO - 
================================================================================
DAG File Processing Stats

File Path                               PID    Runtime      # DAGs    # Errors  Last Runtime    Last Run
--------------------------------------  -----  ---------  --------  ----------  --------------  -------------------
/opt/airflow/dags/stock_data_to_gcp.py                           1           0  0.47s           2023-06-19T05:50:41
/opt/airflow/dags/first_dag.py                                   1           0  0.19s           2023-06-19T05:50:22
================================================================================
[2023-06-19T05:51:22.053+0000] {manager.py:889} INFO - 
================================================================================
DAG File Processing Stats

File Path                               PID    Runtime      # DAGs    # Errors  Last Runtime    Last Run
--------------------------------------  -----  ---------  --------  ----------  --------------  -------------------
/opt/airflow/dags/stock_data_to_gcp.py                           1           0  0.47s           2023-06-19T05:51:12
/opt/airflow/dags/first_dag.py                                   1           0  0.19s           2023-06-19T05:50:52
================================================================================
[2023-06-19T05:51:52.378+0000] {manager.py:889} INFO - 
================================================================================
DAG File Processing Stats

File Path                               PID    Runtime      # DAGs    # Errors  Last Runtime    Last Run
--------------------------------------  -----  ---------  --------  ----------  --------------  -------------------
/opt/airflow/dags/stock_data_to_gcp.py                           1           0  0.49s           2023-06-19T05:51:43
/opt/airflow/dags/first_dag.py                                   1           0  0.17s           2023-06-19T05:51:23
================================================================================
[2023-06-19T05:52:22.705+0000] {manager.py:889} INFO - 
================================================================================
DAG File Processing Stats

File Path                               PID    Runtime      # DAGs    # Errors  Last Runtime    Last Run
--------------------------------------  -----  ---------  --------  ----------  --------------  -------------------
/opt/airflow/dags/stock_data_to_gcp.py                           1           0  0.46s           2023-06-19T05:52:14
/opt/airflow/dags/first_dag.py                                   1           0  0.19s           2023-06-19T05:51:53
================================================================================
[2023-06-19T05:52:53.028+0000] {manager.py:889} INFO - 
================================================================================
DAG File Processing Stats

File Path                               PID    Runtime      # DAGs    # Errors  Last Runtime    Last Run
--------------------------------------  -----  ---------  --------  ----------  --------------  -------------------
/opt/airflow/dags/stock_data_to_gcp.py                           1           0  0.45s           2023-06-19T05:52:45
/opt/airflow/dags/first_dag.py                                   1           0  0.17s           2023-06-19T05:52:23
================================================================================
[2023-06-19T05:53:23.333+0000] {manager.py:889} INFO - 
================================================================================
DAG File Processing Stats

File Path                               PID    Runtime      # DAGs    # Errors  Last Runtime    Last Run
--------------------------------------  -----  ---------  --------  ----------  --------------  -------------------
/opt/airflow/dags/stock_data_to_gcp.py                           1           0  0.49s           2023-06-19T05:53:16
/opt/airflow/dags/first_dag.py                                   1           0  0.17s           2023-06-19T05:52:54
================================================================================
[2023-06-19T05:53:37.407+0000] {manager.py:758} INFO - Searching for files in /opt/airflow/dags
[2023-06-19T05:53:37.410+0000] {manager.py:761} INFO - There are 2 files in /opt/airflow/dags
[2023-06-19T05:53:53.647+0000] {manager.py:889} INFO - 
================================================================================
DAG File Processing Stats

File Path                               PID    Runtime      # DAGs    # Errors  Last Runtime    Last Run
--------------------------------------  -----  ---------  --------  ----------  --------------  -------------------
/opt/airflow/dags/stock_data_to_gcp.py                           1           0  0.49s           2023-06-19T05:53:47
/opt/airflow/dags/first_dag.py                                   1           0  0.18s           2023-06-19T05:53:24
================================================================================
[2023-06-19T05:54:23.973+0000] {manager.py:889} INFO - 
================================================================================
DAG File Processing Stats

File Path                               PID    Runtime      # DAGs    # Errors  Last Runtime    Last Run
--------------------------------------  -----  ---------  --------  ----------  --------------  -------------------
/opt/airflow/dags/stock_data_to_gcp.py                           1           0  0.46s           2023-06-19T05:54:19
/opt/airflow/dags/first_dag.py                                   1           0  0.19s           2023-06-19T05:53:54
================================================================================
[2023-06-19T05:54:54.287+0000] {manager.py:889} INFO - 
================================================================================
DAG File Processing Stats

File Path                               PID    Runtime      # DAGs    # Errors  Last Runtime    Last Run
--------------------------------------  -----  ---------  --------  ----------  --------------  -------------------
/opt/airflow/dags/stock_data_to_gcp.py                           1           0  0.45s           2023-06-19T05:54:49
/opt/airflow/dags/first_dag.py                                   1           0  0.18s           2023-06-19T05:54:25
================================================================================
[2023-06-19T05:55:24.588+0000] {manager.py:889} INFO - 
================================================================================
DAG File Processing Stats

File Path                               PID    Runtime      # DAGs    # Errors  Last Runtime    Last Run
--------------------------------------  -----  ---------  --------  ----------  --------------  -------------------
/opt/airflow/dags/stock_data_to_gcp.py                           1           0  0.45s           2023-06-19T05:55:20
/opt/airflow/dags/first_dag.py                                   1           0  0.17s           2023-06-19T05:54:55
================================================================================
[2023-06-19T05:55:54.910+0000] {manager.py:889} INFO - 
================================================================================
DAG File Processing Stats

File Path                               PID    Runtime      # DAGs    # Errors  Last Runtime    Last Run
--------------------------------------  -----  ---------  --------  ----------  --------------  -------------------
/opt/airflow/dags/stock_data_to_gcp.py                           1           0  0.45s           2023-06-19T05:55:51
/opt/airflow/dags/first_dag.py                                   1           0  0.18s           2023-06-19T05:55:25
================================================================================
[2023-06-19T05:56:10.829+0000] {manager.py:470} INFO - Exiting gracefully upon receiving signal 15
[2023-06-19T06:04:32.729+0000] {manager.py:487} INFO - Processing files using up to 2 processes at a time 
[2023-06-19T06:04:32.734+0000] {manager.py:488} INFO - Process each file at most once every 30 seconds
[2023-06-19T06:04:32.734+0000] {manager.py:490} INFO - Checking for new files in /opt/airflow/dags every 300 seconds
[2023-06-19T06:04:32.735+0000] {manager.py:758} INFO - Searching for files in /opt/airflow/dags
[2023-06-19T06:04:32.739+0000] {manager.py:761} INFO - There are 2 files in /opt/airflow/dags
[2023-06-19T06:04:37.054+0000] {manager.py:889} INFO - 
================================================================================
DAG File Processing Stats

File Path                                 PID  Runtime      # DAGs    # Errors  Last Runtime    Last Run
--------------------------------------  -----  ---------  --------  ----------  --------------  ----------
/opt/airflow/dags/stock_data_to_gcp.py    168  0.07s             0           0
/opt/airflow/dags/first_dag.py            171  0.05s             0           0
================================================================================
[2023-06-19T06:05:07.209+0000] {manager.py:889} INFO - 
================================================================================
DAG File Processing Stats

File Path                               PID    Runtime      # DAGs    # Errors  Last Runtime    Last Run
--------------------------------------  -----  ---------  --------  ----------  --------------  -------------------
/opt/airflow/dags/stock_data_to_gcp.py                           1           0  1.14s           2023-06-19T06:04:38
/opt/airflow/dags/first_dag.py                                   1           0  0.73s           2023-06-19T06:04:37
================================================================================
[2023-06-19T06:05:37.677+0000] {manager.py:889} INFO - 
================================================================================
DAG File Processing Stats

File Path                               PID    Runtime      # DAGs    # Errors  Last Runtime    Last Run
--------------------------------------  -----  ---------  --------  ----------  --------------  -------------------
/opt/airflow/dags/stock_data_to_gcp.py                           1           0  0.70s           2023-06-19T06:05:08
/opt/airflow/dags/first_dag.py                                   1           0  0.29s           2023-06-19T06:05:08
================================================================================
[2023-06-19T06:06:08.026+0000] {manager.py:889} INFO - 
================================================================================
DAG File Processing Stats

File Path                               PID    Runtime      # DAGs    # Errors  Last Runtime    Last Run
--------------------------------------  -----  ---------  --------  ----------  --------------  -------------------
/opt/airflow/dags/stock_data_to_gcp.py                           1           0  0.46s           2023-06-19T06:05:40
/opt/airflow/dags/first_dag.py                                   1           0  0.19s           2023-06-19T06:05:38
================================================================================
[2023-06-19T06:06:38.413+0000] {manager.py:889} INFO - 
================================================================================
DAG File Processing Stats

File Path                               PID    Runtime      # DAGs    # Errors  Last Runtime    Last Run
--------------------------------------  -----  ---------  --------  ----------  --------------  -------------------
/opt/airflow/dags/stock_data_to_gcp.py                           1           0  0.51s           2023-06-19T06:06:10
/opt/airflow/dags/first_dag.py                                   1           0  0.22s           2023-06-19T06:06:09
================================================================================
[2023-06-19T06:07:08.779+0000] {manager.py:889} INFO - 
================================================================================
DAG File Processing Stats

File Path                               PID    Runtime      # DAGs    # Errors  Last Runtime    Last Run
--------------------------------------  -----  ---------  --------  ----------  --------------  -------------------
/opt/airflow/dags/stock_data_to_gcp.py                           1           0  0.46s           2023-06-19T06:06:41
/opt/airflow/dags/first_dag.py                                   1           0  0.20s           2023-06-19T06:06:39
================================================================================
[2023-06-19T06:07:39.168+0000] {manager.py:889} INFO - 
================================================================================
DAG File Processing Stats

File Path                               PID    Runtime      # DAGs    # Errors  Last Runtime    Last Run
--------------------------------------  -----  ---------  --------  ----------  --------------  -------------------
/opt/airflow/dags/stock_data_to_gcp.py                           1           0  0.47s           2023-06-19T06:07:12
/opt/airflow/dags/first_dag.py                                   1           0  0.22s           2023-06-19T06:07:10
================================================================================
[2023-06-19T06:08:09.535+0000] {manager.py:889} INFO - 
================================================================================
DAG File Processing Stats

File Path                               PID    Runtime      # DAGs    # Errors  Last Runtime    Last Run
--------------------------------------  -----  ---------  --------  ----------  --------------  -------------------
/opt/airflow/dags/stock_data_to_gcp.py                           1           0  0.52s           2023-06-19T06:07:43
/opt/airflow/dags/first_dag.py                                   1           0  0.21s           2023-06-19T06:07:40
================================================================================
[2023-06-19T06:08:39.908+0000] {manager.py:889} INFO - 
================================================================================
DAG File Processing Stats

File Path                               PID    Runtime      # DAGs    # Errors  Last Runtime    Last Run
--------------------------------------  -----  ---------  --------  ----------  --------------  -------------------
/opt/airflow/dags/stock_data_to_gcp.py                           1           0  0.49s           2023-06-19T06:08:14
/opt/airflow/dags/first_dag.py                                   1           0  0.19s           2023-06-19T06:08:10
================================================================================
[2023-06-19T06:09:10.334+0000] {manager.py:889} INFO - 
================================================================================
DAG File Processing Stats

File Path                               PID    Runtime      # DAGs    # Errors  Last Runtime    Last Run
--------------------------------------  -----  ---------  --------  ----------  --------------  -------------------
/opt/airflow/dags/stock_data_to_gcp.py                           1           0  0.47s           2023-06-19T06:08:45
/opt/airflow/dags/first_dag.py                                   1           0  0.25s           2023-06-19T06:08:41
================================================================================
[2023-06-19T06:09:33.114+0000] {manager.py:758} INFO - Searching for files in /opt/airflow/dags
[2023-06-19T06:09:33.118+0000] {manager.py:761} INFO - There are 2 files in /opt/airflow/dags
[2023-06-19T06:09:40.698+0000] {manager.py:889} INFO - 
================================================================================
DAG File Processing Stats

File Path                               PID    Runtime      # DAGs    # Errors  Last Runtime    Last Run
--------------------------------------  -----  ---------  --------  ----------  --------------  -------------------
/opt/airflow/dags/stock_data_to_gcp.py                           1           0  0.47s           2023-06-19T06:09:16
/opt/airflow/dags/first_dag.py                                   1           0  0.19s           2023-06-19T06:09:11
================================================================================
[2023-06-19T06:10:11.074+0000] {manager.py:889} INFO - 
================================================================================
DAG File Processing Stats

File Path                               PID    Runtime      # DAGs    # Errors  Last Runtime    Last Run
--------------------------------------  -----  ---------  --------  ----------  --------------  -------------------
/opt/airflow/dags/stock_data_to_gcp.py                           1           0  0.50s           2023-06-19T06:09:47
/opt/airflow/dags/first_dag.py                                   1           0  0.21s           2023-06-19T06:09:41
================================================================================
[2023-06-19T06:10:41.431+0000] {manager.py:889} INFO - 
================================================================================
DAG File Processing Stats

File Path                               PID    Runtime      # DAGs    # Errors  Last Runtime    Last Run
--------------------------------------  -----  ---------  --------  ----------  --------------  -------------------
/opt/airflow/dags/stock_data_to_gcp.py                           1           0  0.53s           2023-06-19T06:10:17
/opt/airflow/dags/first_dag.py                                   1           0  0.18s           2023-06-19T06:10:12
================================================================================
[2023-06-19T06:11:11.794+0000] {manager.py:889} INFO - 
================================================================================
DAG File Processing Stats

File Path                               PID    Runtime      # DAGs    # Errors  Last Runtime    Last Run
--------------------------------------  -----  ---------  --------  ----------  --------------  -------------------
/opt/airflow/dags/stock_data_to_gcp.py                           1           0  0.45s           2023-06-19T06:10:48
/opt/airflow/dags/first_dag.py                                   1           0  0.18s           2023-06-19T06:10:42
================================================================================
[2023-06-19T06:11:42.194+0000] {manager.py:889} INFO - 
================================================================================
DAG File Processing Stats

File Path                               PID    Runtime      # DAGs    # Errors  Last Runtime    Last Run
--------------------------------------  -----  ---------  --------  ----------  --------------  -------------------
/opt/airflow/dags/stock_data_to_gcp.py                           1           0  0.52s           2023-06-19T06:11:19
/opt/airflow/dags/first_dag.py                                   1           0  0.22s           2023-06-19T06:11:13
================================================================================
[2023-06-19T06:12:12.581+0000] {manager.py:889} INFO - 
================================================================================
DAG File Processing Stats

File Path                               PID    Runtime      # DAGs    # Errors  Last Runtime    Last Run
--------------------------------------  -----  ---------  --------  ----------  --------------  -------------------
/opt/airflow/dags/stock_data_to_gcp.py                           1           0  0.49s           2023-06-19T06:11:50
/opt/airflow/dags/first_dag.py                                   1           0  0.20s           2023-06-19T06:11:43
================================================================================
[2023-06-19T06:12:42.901+0000] {manager.py:889} INFO - 
================================================================================
DAG File Processing Stats

File Path                               PID    Runtime      # DAGs    # Errors  Last Runtime    Last Run
--------------------------------------  -----  ---------  --------  ----------  --------------  -------------------
/opt/airflow/dags/stock_data_to_gcp.py                           1           0  0.48s           2023-06-19T06:12:39
/opt/airflow/dags/first_dag.py                                   1           0  0.19s           2023-06-19T06:12:13
================================================================================
[2023-06-19T06:13:13.256+0000] {manager.py:889} INFO - 
================================================================================
DAG File Processing Stats

File Path                               PID    Runtime      # DAGs    # Errors  Last Runtime    Last Run
--------------------------------------  -----  ---------  --------  ----------  --------------  -------------------
/opt/airflow/dags/stock_data_to_gcp.py                           1           0  0.47s           2023-06-19T06:13:10
/opt/airflow/dags/first_dag.py                                   1           0  0.20s           2023-06-19T06:12:44
================================================================================
[2023-06-19T06:13:43.635+0000] {manager.py:889} INFO - 
================================================================================
DAG File Processing Stats

File Path                               PID    Runtime      # DAGs    # Errors  Last Runtime    Last Run
--------------------------------------  -----  ---------  --------  ----------  --------------  -------------------
/opt/airflow/dags/stock_data_to_gcp.py                           1           0  0.53s           2023-06-19T06:13:41
/opt/airflow/dags/first_dag.py                                   1           0  0.22s           2023-06-19T06:13:14
================================================================================
[2023-06-19T06:14:13.980+0000] {manager.py:889} INFO - 
================================================================================
DAG File Processing Stats

File Path                               PID    Runtime      # DAGs    # Errors  Last Runtime    Last Run
--------------------------------------  -----  ---------  --------  ----------  --------------  -------------------
/opt/airflow/dags/stock_data_to_gcp.py                           1           0  0.53s           2023-06-19T06:14:12
/opt/airflow/dags/first_dag.py                                   1           0  0.19s           2023-06-19T06:13:44
================================================================================
[2023-06-19T06:14:33.293+0000] {manager.py:758} INFO - Searching for files in /opt/airflow/dags
[2023-06-19T06:14:33.297+0000] {manager.py:761} INFO - There are 2 files in /opt/airflow/dags
[2023-06-19T06:14:44.390+0000] {manager.py:889} INFO - 
================================================================================
DAG File Processing Stats

File Path                               PID    Runtime      # DAGs    # Errors  Last Runtime    Last Run
--------------------------------------  -----  ---------  --------  ----------  --------------  -------------------
/opt/airflow/dags/stock_data_to_gcp.py                           1           0  0.55s           2023-06-19T06:14:42
/opt/airflow/dags/first_dag.py                                   1           0  0.21s           2023-06-19T06:14:15
================================================================================
[2023-06-19T06:15:14.754+0000] {manager.py:889} INFO - 
================================================================================
DAG File Processing Stats

File Path                               PID    Runtime      # DAGs    # Errors  Last Runtime    Last Run
--------------------------------------  -----  ---------  --------  ----------  --------------  -------------------
/opt/airflow/dags/stock_data_to_gcp.py                           1           0  0.50s           2023-06-19T06:15:14
/opt/airflow/dags/first_dag.py                                   1           0  0.21s           2023-06-19T06:14:45
================================================================================
[2023-06-19T06:15:44.998+0000] {manager.py:889} INFO - 
================================================================================
DAG File Processing Stats

File Path                                 PID  Runtime      # DAGs    # Errors  Last Runtime    Last Run
--------------------------------------  -----  ---------  --------  ----------  --------------  -------------------
/opt/airflow/dags/stock_data_to_gcp.py   1616  0.83s             1           0  0.50s           2023-06-19T06:15:14
/opt/airflow/dags/first_dag.py                                   1           0  0.20s           2023-06-19T06:15:15
================================================================================
[2023-06-19T06:16:15.565+0000] {manager.py:889} INFO - 
================================================================================
DAG File Processing Stats

File Path                                 PID  Runtime      # DAGs    # Errors  Last Runtime    Last Run
--------------------------------------  -----  ---------  --------  ----------  --------------  -------------------
/opt/airflow/dags/stock_data_to_gcp.py   1634  0.01s             1           0  1.16s           2023-06-19T06:15:45
/opt/airflow/dags/first_dag.py                                   1           0  0.38s           2023-06-19T06:15:46
================================================================================
[2023-06-19T06:16:45.940+0000] {manager.py:889} INFO - 
================================================================================
DAG File Processing Stats

File Path                               PID    Runtime      # DAGs    # Errors  Last Runtime    Last Run
--------------------------------------  -----  ---------  --------  ----------  --------------  -------------------
/opt/airflow/dags/stock_data_to_gcp.py                           1           0  0.58s           2023-06-19T06:16:16
/opt/airflow/dags/first_dag.py                                   1           0  0.24s           2023-06-19T06:16:17
================================================================================
[2023-06-19T06:17:16.344+0000] {manager.py:889} INFO - 
================================================================================
DAG File Processing Stats

File Path                               PID    Runtime      # DAGs    # Errors  Last Runtime    Last Run
--------------------------------------  -----  ---------  --------  ----------  --------------  -------------------
/opt/airflow/dags/stock_data_to_gcp.py                           1           0  0.48s           2023-06-19T06:16:46
/opt/airflow/dags/first_dag.py                                   1           0  0.20s           2023-06-19T06:16:47
================================================================================
[2023-06-19T06:17:46.913+0000] {manager.py:889} INFO - 
================================================================================
DAG File Processing Stats

File Path                               PID    Runtime      # DAGs    # Errors  Last Runtime    Last Run
--------------------------------------  -----  ---------  --------  ----------  --------------  -------------------
/opt/airflow/dags/stock_data_to_gcp.py                           1           0  0.51s           2023-06-19T06:17:17
/opt/airflow/dags/first_dag.py                                   1           0  0.22s           2023-06-19T06:17:17
================================================================================
[2023-06-19T06:18:17.264+0000] {manager.py:889} INFO - 
================================================================================
DAG File Processing Stats

File Path                               PID    Runtime      # DAGs    # Errors  Last Runtime    Last Run
--------------------------------------  -----  ---------  --------  ----------  --------------  -------------------
/opt/airflow/dags/stock_data_to_gcp.py                           1           0  0.49s           2023-06-19T06:17:48
/opt/airflow/dags/first_dag.py                                   1           0  0.18s           2023-06-19T06:17:48
================================================================================
[2023-06-19T06:18:47.608+0000] {manager.py:889} INFO - 
================================================================================
DAG File Processing Stats

File Path                               PID    Runtime      # DAGs    # Errors  Last Runtime    Last Run
--------------------------------------  -----  ---------  --------  ----------  --------------  -------------------
/opt/airflow/dags/stock_data_to_gcp.py                           1           0  0.46s           2023-06-19T06:18:18
/opt/airflow/dags/first_dag.py                                   1           0  0.18s           2023-06-19T06:18:18
================================================================================
[2023-06-19T06:19:17.944+0000] {manager.py:889} INFO - 
================================================================================
DAG File Processing Stats

File Path                               PID    Runtime      # DAGs    # Errors  Last Runtime    Last Run
--------------------------------------  -----  ---------  --------  ----------  --------------  -------------------
/opt/airflow/dags/stock_data_to_gcp.py                           1           0  0.47s           2023-06-19T06:18:50
/opt/airflow/dags/first_dag.py                                   1           0  0.17s           2023-06-19T06:18:48
================================================================================
[2023-06-19T06:19:33.738+0000] {manager.py:758} INFO - Searching for files in /opt/airflow/dags
[2023-06-19T06:19:33.741+0000] {manager.py:761} INFO - There are 2 files in /opt/airflow/dags
[2023-06-19T06:19:48.285+0000] {manager.py:889} INFO - 
================================================================================
DAG File Processing Stats

File Path                               PID    Runtime      # DAGs    # Errors  Last Runtime    Last Run
--------------------------------------  -----  ---------  --------  ----------  --------------  -------------------
/opt/airflow/dags/stock_data_to_gcp.py                           1           0  0.52s           2023-06-19T06:19:20
/opt/airflow/dags/first_dag.py                                   1           0  0.19s           2023-06-19T06:19:19
================================================================================
[2023-06-19T06:20:18.617+0000] {manager.py:889} INFO - 
================================================================================
DAG File Processing Stats

File Path                               PID    Runtime      # DAGs    # Errors  Last Runtime    Last Run
--------------------------------------  -----  ---------  --------  ----------  --------------  -------------------
/opt/airflow/dags/stock_data_to_gcp.py                           1           0  0.48s           2023-06-19T06:19:51
/opt/airflow/dags/first_dag.py                                   1           0  0.18s           2023-06-19T06:19:49
================================================================================
[2023-06-19T06:20:48.986+0000] {manager.py:889} INFO - 
================================================================================
DAG File Processing Stats

File Path                               PID    Runtime      # DAGs    # Errors  Last Runtime    Last Run
--------------------------------------  -----  ---------  --------  ----------  --------------  -------------------
/opt/airflow/dags/stock_data_to_gcp.py                           1           0  0.46s           2023-06-19T06:20:22
/opt/airflow/dags/first_dag.py                                   1           0  0.21s           2023-06-19T06:20:19
================================================================================
[2023-06-19T06:21:19.347+0000] {manager.py:889} INFO - 
================================================================================
DAG File Processing Stats

File Path                               PID    Runtime      # DAGs    # Errors  Last Runtime    Last Run
--------------------------------------  -----  ---------  --------  ----------  --------------  -------------------
/opt/airflow/dags/stock_data_to_gcp.py                           1           0  0.46s           2023-06-19T06:20:53
/opt/airflow/dags/first_dag.py                                   1           0  0.21s           2023-06-19T06:20:50
================================================================================
[2023-06-19T06:21:49.690+0000] {manager.py:889} INFO - 
================================================================================
DAG File Processing Stats

File Path                               PID    Runtime      # DAGs    # Errors  Last Runtime    Last Run
--------------------------------------  -----  ---------  --------  ----------  --------------  -------------------
/opt/airflow/dags/stock_data_to_gcp.py                           1           0  0.45s           2023-06-19T06:21:24
/opt/airflow/dags/first_dag.py                                   1           0  0.18s           2023-06-19T06:21:20
================================================================================
[2023-06-19T06:22:20.034+0000] {manager.py:889} INFO - 
================================================================================
DAG File Processing Stats

File Path                               PID    Runtime      # DAGs    # Errors  Last Runtime    Last Run
--------------------------------------  -----  ---------  --------  ----------  --------------  -------------------
/opt/airflow/dags/stock_data_to_gcp.py                           1           0  0.47s           2023-06-19T06:21:55
/opt/airflow/dags/first_dag.py                                   1           0  0.19s           2023-06-19T06:21:50
================================================================================
[2023-06-19T06:22:50.432+0000] {manager.py:889} INFO - 
================================================================================
DAG File Processing Stats

File Path                               PID    Runtime      # DAGs    # Errors  Last Runtime    Last Run
--------------------------------------  -----  ---------  --------  ----------  --------------  -------------------
/opt/airflow/dags/stock_data_to_gcp.py                           1           0  0.52s           2023-06-19T06:22:25
/opt/airflow/dags/first_dag.py                                   1           0  0.21s           2023-06-19T06:22:21
================================================================================
[2023-06-19T06:23:20.811+0000] {manager.py:889} INFO - 
================================================================================
DAG File Processing Stats

File Path                               PID    Runtime      # DAGs    # Errors  Last Runtime    Last Run
--------------------------------------  -----  ---------  --------  ----------  --------------  -------------------
/opt/airflow/dags/stock_data_to_gcp.py                           1           0  0.48s           2023-06-19T06:22:56
/opt/airflow/dags/first_dag.py                                   1           0  0.21s           2023-06-19T06:22:51
================================================================================
[2023-06-19T06:23:51.157+0000] {manager.py:889} INFO - 
================================================================================
DAG File Processing Stats

File Path                               PID    Runtime      # DAGs    # Errors  Last Runtime    Last Run
--------------------------------------  -----  ---------  --------  ----------  --------------  -------------------
/opt/airflow/dags/stock_data_to_gcp.py                           1           0  0.45s           2023-06-19T06:23:27
/opt/airflow/dags/first_dag.py                                   1           0  0.18s           2023-06-19T06:23:22
================================================================================
[2023-06-19T06:24:21.499+0000] {manager.py:889} INFO - 
================================================================================
DAG File Processing Stats

File Path                               PID    Runtime      # DAGs    # Errors  Last Runtime    Last Run
--------------------------------------  -----  ---------  --------  ----------  --------------  -------------------
/opt/airflow/dags/stock_data_to_gcp.py                           1           0  0.45s           2023-06-19T06:23:58
/opt/airflow/dags/first_dag.py                                   1           0  0.18s           2023-06-19T06:23:52
================================================================================
[2023-06-19T06:24:33.811+0000] {manager.py:758} INFO - Searching for files in /opt/airflow/dags
[2023-06-19T06:24:33.813+0000] {manager.py:761} INFO - There are 2 files in /opt/airflow/dags
[2023-06-19T06:24:51.915+0000] {manager.py:889} INFO - 
================================================================================
DAG File Processing Stats

File Path                               PID    Runtime      # DAGs    # Errors  Last Runtime    Last Run
--------------------------------------  -----  ---------  --------  ----------  --------------  -------------------
/opt/airflow/dags/stock_data_to_gcp.py                           1           0  0.45s           2023-06-19T06:24:29
/opt/airflow/dags/first_dag.py                                   1           0  0.24s           2023-06-19T06:24:22
================================================================================
[2023-06-19T06:25:22.248+0000] {manager.py:889} INFO - 
================================================================================
DAG File Processing Stats

File Path                               PID    Runtime      # DAGs    # Errors  Last Runtime    Last Run
--------------------------------------  -----  ---------  --------  ----------  --------------  -------------------
/opt/airflow/dags/stock_data_to_gcp.py                           1           0  0.47s           2023-06-19T06:25:00
/opt/airflow/dags/first_dag.py                                   1           0  0.18s           2023-06-19T06:24:53
================================================================================
[2023-06-19T06:25:52.596+0000] {manager.py:889} INFO - 
================================================================================
DAG File Processing Stats

File Path                               PID    Runtime      # DAGs    # Errors  Last Runtime    Last Run
--------------------------------------  -----  ---------  --------  ----------  --------------  -------------------
/opt/airflow/dags/stock_data_to_gcp.py                           1           0  0.47s           2023-06-19T06:25:30
/opt/airflow/dags/first_dag.py                                   1           0  0.19s           2023-06-19T06:25:23
================================================================================
[2023-06-19T06:26:22.945+0000] {manager.py:889} INFO - 
================================================================================
DAG File Processing Stats

File Path                               PID    Runtime      # DAGs    # Errors  Last Runtime    Last Run
--------------------------------------  -----  ---------  --------  ----------  --------------  -------------------
/opt/airflow/dags/stock_data_to_gcp.py                           1           0  0.47s           2023-06-19T06:26:02
/opt/airflow/dags/first_dag.py                                   1           0  0.19s           2023-06-19T06:25:53
================================================================================
[2023-06-19T06:26:53.279+0000] {manager.py:889} INFO - 
================================================================================
DAG File Processing Stats

File Path                               PID    Runtime      # DAGs    # Errors  Last Runtime    Last Run
--------------------------------------  -----  ---------  --------  ----------  --------------  -------------------
/opt/airflow/dags/stock_data_to_gcp.py                           1           0  0.51s           2023-06-19T06:26:32
/opt/airflow/dags/first_dag.py                                   1           0  0.18s           2023-06-19T06:26:24
================================================================================
[2023-06-19T06:27:23.625+0000] {manager.py:889} INFO - 
================================================================================
DAG File Processing Stats

File Path                               PID    Runtime      # DAGs    # Errors  Last Runtime    Last Run
--------------------------------------  -----  ---------  --------  ----------  --------------  -------------------
/opt/airflow/dags/stock_data_to_gcp.py                           1           0  0.47s           2023-06-19T06:27:03
/opt/airflow/dags/first_dag.py                                   1           0  0.19s           2023-06-19T06:26:54
================================================================================
[2023-06-19T06:27:53.959+0000] {manager.py:889} INFO - 
================================================================================
DAG File Processing Stats

File Path                               PID    Runtime      # DAGs    # Errors  Last Runtime    Last Run
--------------------------------------  -----  ---------  --------  ----------  --------------  -------------------
/opt/airflow/dags/stock_data_to_gcp.py                           1           0  0.46s           2023-06-19T06:27:34
/opt/airflow/dags/first_dag.py                                   1           0  0.17s           2023-06-19T06:27:24
================================================================================
[2023-06-19T06:28:24.295+0000] {manager.py:889} INFO - 
================================================================================
DAG File Processing Stats

File Path                               PID    Runtime      # DAGs    # Errors  Last Runtime    Last Run
--------------------------------------  -----  ---------  --------  ----------  --------------  -------------------
/opt/airflow/dags/stock_data_to_gcp.py                           1           0  0.45s           2023-06-19T06:28:05
/opt/airflow/dags/first_dag.py                                   1           0  0.18s           2023-06-19T06:27:55
================================================================================
[2023-06-19T06:28:54.624+0000] {manager.py:889} INFO - 
================================================================================
DAG File Processing Stats

File Path                               PID    Runtime      # DAGs    # Errors  Last Runtime    Last Run
--------------------------------------  -----  ---------  --------  ----------  --------------  -------------------
/opt/airflow/dags/stock_data_to_gcp.py                           1           0  0.45s           2023-06-19T06:28:35
/opt/airflow/dags/first_dag.py                                   1           0  0.17s           2023-06-19T06:28:25
================================================================================
[2023-06-19T06:29:24.954+0000] {manager.py:889} INFO - 
================================================================================
DAG File Processing Stats

File Path                               PID    Runtime      # DAGs    # Errors  Last Runtime    Last Run
--------------------------------------  -----  ---------  --------  ----------  --------------  -------------------
/opt/airflow/dags/stock_data_to_gcp.py                           1           0  0.47s           2023-06-19T06:29:07
/opt/airflow/dags/first_dag.py                                   1           0  0.18s           2023-06-19T06:28:55
================================================================================
[2023-06-19T06:29:34.008+0000] {manager.py:758} INFO - Searching for files in /opt/airflow/dags
[2023-06-19T06:29:34.010+0000] {manager.py:761} INFO - There are 2 files in /opt/airflow/dags
[2023-06-19T06:29:55.295+0000] {manager.py:889} INFO - 
================================================================================
DAG File Processing Stats

File Path                               PID    Runtime      # DAGs    # Errors  Last Runtime    Last Run
--------------------------------------  -----  ---------  --------  ----------  --------------  -------------------
/opt/airflow/dags/stock_data_to_gcp.py                           1           0  0.44s           2023-06-19T06:29:37
/opt/airflow/dags/first_dag.py                                   1           0  0.17s           2023-06-19T06:29:26
================================================================================
[2023-06-19T06:30:25.623+0000] {manager.py:889} INFO - 
================================================================================
DAG File Processing Stats

File Path                               PID    Runtime      # DAGs    # Errors  Last Runtime    Last Run
--------------------------------------  -----  ---------  --------  ----------  --------------  -------------------
/opt/airflow/dags/stock_data_to_gcp.py                           1           0  0.45s           2023-06-19T06:30:08
/opt/airflow/dags/first_dag.py                                   1           0  0.17s           2023-06-19T06:29:56
================================================================================
[2023-06-19T06:30:55.973+0000] {manager.py:889} INFO - 
================================================================================
DAG File Processing Stats

File Path                               PID    Runtime      # DAGs    # Errors  Last Runtime    Last Run
--------------------------------------  -----  ---------  --------  ----------  --------------  -------------------
/opt/airflow/dags/stock_data_to_gcp.py                           1           0  0.45s           2023-06-19T06:30:39
/opt/airflow/dags/first_dag.py                                   1           0  0.19s           2023-06-19T06:30:26
================================================================================
[2023-06-19T06:31:26.320+0000] {manager.py:889} INFO - 
================================================================================
DAG File Processing Stats

File Path                               PID    Runtime      # DAGs    # Errors  Last Runtime    Last Run
--------------------------------------  -----  ---------  --------  ----------  --------------  -------------------
/opt/airflow/dags/stock_data_to_gcp.py                           1           0  0.46s           2023-06-19T06:31:10
/opt/airflow/dags/first_dag.py                                   1           0  0.19s           2023-06-19T06:30:57
================================================================================
[2023-06-19T06:31:49.832+0000] {manager.py:470} INFO - Exiting gracefully upon receiving signal 15
